/root/bot/live_multi_bot.py:2633: DeprecationWarning: There is no current event loop
  loop = asyncio.get_event_loop()
[1;33mThank you for using SmartMoneyConcepts! вӯҗ Please show your support by giving a star on the GitHub repository: [4;34mhttps://github.com/joshyattridge/smart-money-concepts[0m
Creating 100 coin-specialised bots вҖҰ
вң… 100 bots created вҖ“ each assigned to a unique coin.

в•җв•җв•җв•җв•җв•җв•җв•җв•җв•җв•җв•җв•җв•җв•җв•җв•җв•җв•җв•җв•җв•җв•җв•җв•җв•җв•җв•җв•җв•җв•җв•җв•җв•җв•җв•җв•җв•җв•җв•җв•җв•җв•җв•җв•җв•җв•җв•җв•җв•җв•җв•җв•җв•җв•җв•җв•җв•җв•җв•җв•җв•җв•җв•җв•җв•җв•җв•җв•җв•җв•җв•җв•җв•җв•җв•җв•җв•җв•җв•җ
  рҹ“Ҡ  FINAL SUMMARY
в•җв•җв•җв•җв•җв•җв•җв•җв•җв•җв•җв•җв•җв•җв•җв•җв•җв•җв•җв•җв•җв•җв•җв•җв•җв•җв•җв•җв•җв•җв•җв•җв•җв•җв•җв•җв•җв•җв•җв•җв•җв•җв•җв•җв•җв•җв•җв•җв•җв•җв•җв•җв•җв•җв•җв•җв•җв•җв•җв•җв•җв•җв•җв•җв•җв•җв•җв•җв•җв•җв•җв•җв•җв•җв•җв•җв•җв•җв•җв•җ
  Total Equity: 5,000.00 USDT  |  Total PnL: -111.52 USDT
                            ALL BOTS вҖ“ Final Ranking                            
в”Ҹв”Ғв”Ғв”ів”Ғв”Ғв”Ғв”Ғв”Ғв”Ғв”Ғв”ів”Ғв”Ғв”Ғв”Ғв”Ғв”Ғв”Ғв”Ғв”Ғв”Ғв”Ғв”Ғв”Ғв”Ғв”Ғв”Ғв”ів”Ғв”Ғв”Ғв”Ғв”Ғв”Ғв”Ғв”Ғв”Ғв”Ғв”Ғв”Ғв”ів”Ғв”Ғв”Ғв”Ғв”Ғв”Ғв”Ғв”ів”Ғв”Ғв”Ғв”Ғв”Ғв”Ғв”Ғв”Ғв”ів”Ғв”Ғв”Ғв”Ғв”Ғв”Ғв”Ғв”ів”Ғв”Ғв”Ғв”Ғв”Ғв”Ғв”Ғв”ів”Ғв”Ғв”Ғв”Ғв”“
в”ғ  в”ғ Bot-вҖҰ в”ғ Coin           в”ғ        PnL в”ғ RetuвҖҰ в”ғ Trades в”ғ WinrвҖҰ в”ғ   DD% в”ғ OвҖҰ в”ғ
в”Ўв”Ғв”Ғв•Үв”Ғв”Ғв”Ғв”Ғв”Ғв”Ғв”Ғв•Үв”Ғв”Ғв”Ғв”Ғв”Ғв”Ғв”Ғв”Ғв”Ғв”Ғв”Ғв”Ғв”Ғв”Ғв”Ғв”Ғв•Үв”Ғв”Ғв”Ғв”Ғв”Ғв”Ғв”Ғв”Ғв”Ғв”Ғв”Ғв”Ғв•Үв”Ғв”Ғв”Ғв”Ғв”Ғв”Ғв”Ғв•Үв”Ғв”Ғв”Ғв”Ғв”Ғв”Ғв”Ғв”Ғв•Үв”Ғв”Ғв”Ғв”Ғв”Ғв”Ғв”Ғв•Үв”Ғв”Ғв”Ғв”Ғв”Ғв”Ғв”Ғв•Үв”Ғв”Ғв”Ғв”Ғв”©
в”Ӯ  в”Ӯ bot_вҖҰ в”Ӯ STRK/USDT:USDT в”Ӯ      +4.01 в”Ӯ +0.0вҖҰ в”Ӯ      1 в”Ӯ 100.вҖҰ в”Ӯ 0.00% в”Ӯ  0 в”Ӯ
в”Ӯ  в”Ӯ bot_вҖҰ в”Ӯ BTC/USDT:USDT  в”Ӯ      +0.00 в”Ӯ +0.0вҖҰ в”Ӯ      0 в”Ӯ  0.0% в”Ӯ 0.00% в”Ӯ  0 в”Ӯ
в”Ӯ  в”Ӯ bot_вҖҰ в”Ӯ ETH/USDT:USDT  в”Ӯ      +0.00 в”Ӯ +0.0вҖҰ в”Ӯ      0 в”Ӯ  0.0% в”Ӯ 0.00% в”Ӯ  0 в”Ӯ
в”Ӯ  в”Ӯ bot_вҖҰ в”Ӯ SOL/USDT:USDT  в”Ӯ      +0.00 в”Ӯ +0.0вҖҰ в”Ӯ      0 в”Ӯ  0.0% в”Ӯ 0.00% в”Ӯ  0 в”Ӯ
в”Ӯ  в”Ӯ bot_вҖҰ в”Ӯ BNB/USDT:USDT  в”Ӯ      +0.00 в”Ӯ +0.0вҖҰ в”Ӯ      0 в”Ӯ  0.0% в”Ӯ 0.00% в”Ӯ  0 в”Ӯ
в”Ӯ  в”Ӯ bot_вҖҰ в”Ӯ XRP/USDT:USDT  в”Ӯ      +0.00 в”Ӯ +0.0вҖҰ в”Ӯ      0 в”Ӯ  0.0% в”Ӯ 0.00% в”Ӯ  0 в”Ӯ
в”Ӯ  в”Ӯ bot_вҖҰ в”Ӯ DOGE/USDT:USDT в”Ӯ      +0.00 в”Ӯ +0.0вҖҰ в”Ӯ      0 в”Ӯ  0.0% в”Ӯ 0.00% в”Ӯ  0 в”Ӯ
в”Ӯ  в”Ӯ bot_вҖҰ в”Ӯ TON/USDT:USDT  в”Ӯ      +0.00 в”Ӯ +0.0вҖҰ в”Ӯ      0 в”Ӯ  0.0% в”Ӯ 0.00% в”Ӯ  0 в”Ӯ
в”Ӯ  в”Ӯ bot_вҖҰ в”Ӯ ADA/USDT:USDT  в”Ӯ      +0.00 в”Ӯ +0.0вҖҰ в”Ӯ      0 в”Ӯ  0.0% в”Ӯ 0.00% в”Ӯ  0 в”Ӯ
в”Ӯ  в”Ӯ bot_вҖҰ в”Ӯ AVAX/USDT:USDT в”Ӯ      +0.00 в”Ӯ +0.0вҖҰ в”Ӯ      0 в”Ӯ  0.0% в”Ӯ 0.00% в”Ӯ  0 в”Ӯ
в”Ӯ  в”Ӯ bot_вҖҰ в”Ӯ 1000SHIB/USDTвҖҰ в”Ӯ      +0.00 в”Ӯ +0.0вҖҰ в”Ӯ      0 в”Ӯ  0.0% в”Ӯ 0.00% в”Ӯ  0 в”Ӯ
в”Ӯ  в”Ӯ bot_вҖҰ в”Ӯ DOT/USDT:USDT  в”Ӯ      +0.00 в”Ӯ +0.0вҖҰ в”Ӯ      0 в”Ӯ  0.0% в”Ӯ 0.00% в”Ӯ  0 в”Ӯ
в”Ӯ  в”Ӯ bot_вҖҰ в”Ӯ TRX/USDT:USDT  в”Ӯ      +0.00 в”Ӯ +0.0вҖҰ в”Ӯ      0 в”Ӯ  0.0% в”Ӯ 0.00% в”Ӯ  0 в”Ӯ
в”Ӯ  в”Ӯ bot_вҖҰ в”Ӯ BCH/USDT:USDT  в”Ӯ      +0.00 в”Ӯ +0.0вҖҰ в”Ӯ      0 в”Ӯ  0.0% в”Ӯ 0.00% в”Ӯ  0 в”Ӯ
в”Ӯ  в”Ӯ bot_вҖҰ в”Ӯ NEAR/USDT:USDT в”Ӯ      +0.00 в”Ӯ +0.0вҖҰ в”Ӯ      0 в”Ӯ  0.0% в”Ӯ 0.00% в”Ӯ  0 в”Ӯ
в”Ӯ  в”Ӯ bot_вҖҰ в”Ӯ 1000PEPE/USDTвҖҰ в”Ӯ      +0.00 в”Ӯ +0.0вҖҰ в”Ӯ      0 в”Ӯ  0.0% в”Ӯ 0.00% в”Ӯ  0 в”Ӯ
в”Ӯ  в”Ӯ bot_вҖҰ в”Ӯ SUI/USDT:USDT  в”Ӯ      +0.00 в”Ӯ +0.0вҖҰ в”Ӯ      0 в”Ӯ  0.0% в”Ӯ 0.00% в”Ӯ  0 в”Ӯ
в”Ӯ  в”Ӯ bot_вҖҰ в”Ӯ UNI/USDT:USDT  в”Ӯ      +0.00 в”Ӯ +0.0вҖҰ в”Ӯ      0 в”Ӯ  0.0% в”Ӯ 0.00% в”Ӯ  0 в”Ӯ
в”Ӯ  в”Ӯ bot_вҖҰ в”Ӯ HBAR/USDT:USDT в”Ӯ      +0.00 в”Ӯ +0.0вҖҰ в”Ӯ      0 в”Ӯ  0.0% в”Ӯ 0.00% в”Ӯ  0 в”Ӯ
в”Ӯ  в”Ӯ bot_вҖҰ в”Ӯ APT/USDT:USDT  в”Ӯ      +0.00 в”Ӯ +0.0вҖҰ в”Ӯ      0 в”Ӯ  0.0% в”Ӯ 0.00% в”Ӯ  0 в”Ӯ
в”Ӯ  в”Ӯ bot_вҖҰ в”Ӯ ARB/USDT:USDT  в”Ӯ      +0.00 в”Ӯ +0.0вҖҰ в”Ӯ      0 в”Ӯ  0.0% в”Ӯ 0.00% в”Ӯ  0 в”Ӯ
в”Ӯ  в”Ӯ bot_вҖҰ в”Ӯ OP/USDT:USDT   в”Ӯ      +0.00 в”Ӯ +0.0вҖҰ в”Ӯ      0 в”Ӯ  0.0% в”Ӯ 0.00% в”Ӯ  0 в”Ӯ
в”Ӯ  в”Ӯ bot_вҖҰ в”Ӯ POL/USDT:USDT  в”Ӯ      +0.00 в”Ӯ +0.0вҖҰ в”Ӯ      0 в”Ӯ  0.0% в”Ӯ 0.00% в”Ӯ  0 в”Ӯ
в”Ӯ  в”Ӯ bot_вҖҰ в”Ӯ INJ/USDT:USDT  в”Ӯ      +0.00 в”Ӯ +0.0вҖҰ в”Ӯ      0 в”Ӯ  0.0% в”Ӯ 0.00% в”Ӯ  0 в”Ӯ
в”Ӯ  в”Ӯ bot_вҖҰ в”Ӯ TIA/USDT:USDT  в”Ӯ      +0.00 в”Ӯ +0.0вҖҰ в”Ӯ      0 в”Ӯ  0.0% в”Ӯ 0.00% в”Ӯ  0 в”Ӯ
в”Ӯ  в”Ӯ bot_вҖҰ в”Ӯ SEI/USDT:USDT  в”Ӯ      +0.00 в”Ӯ +0.0вҖҰ в”Ӯ      0 в”Ӯ  0.0% в”Ӯ 0.00% в”Ӯ  0 в”Ӯ
в”Ӯ  в”Ӯ bot_вҖҰ в”Ӯ WLD/USDT:USDT  в”Ӯ      +0.00 в”Ӯ +0.0вҖҰ в”Ӯ      0 в”Ӯ  0.0% в”Ӯ 0.00% в”Ӯ  0 в”Ӯ
в”Ӯ  в”Ӯ bot_вҖҰ в”Ӯ FET/USDT:USDT  в”Ӯ      +0.00 в”Ӯ +0.0вҖҰ в”Ӯ      0 в”Ӯ  0.0% в”Ӯ 0.00% в”Ӯ  0 в”Ӯ
в”Ӯ  в”Ӯ bot_вҖҰ в”Ӯ SAND/USDT:USDT в”Ӯ      +0.00 в”Ӯ +0.0вҖҰ в”Ӯ      0 в”Ӯ  0.0% в”Ӯ 0.00% в”Ӯ  0 в”Ӯ
в”Ӯ  в”Ӯ bot_вҖҰ в”Ӯ MANA/USDT:USDT в”Ӯ      +0.00 в”Ӯ +0.0вҖҰ в”Ӯ      0 в”Ӯ  0.0% в”Ӯ 0.00% в”Ӯ  0 в”Ӯ
в”Ӯ  в”Ӯ bot_вҖҰ в”Ӯ GALA/USDT:USDT в”Ӯ      +0.00 в”Ӯ +0.0вҖҰ в”Ӯ      0 в”Ӯ  0.0% в”Ӯ 0.00% в”Ӯ  0 в”Ӯ
в”Ӯ  в”Ӯ bot_вҖҰ в”Ӯ AXS/USDT:USDT  в”Ӯ      +0.00 в”Ӯ +0.0вҖҰ в”Ӯ      0 в”Ӯ  0.0% в”Ӯ 0.00% в”Ӯ  0 в”Ӯ
в”Ӯ  в”Ӯ bot_вҖҰ в”Ӯ EGLD/USDT:USDT в”Ӯ      +0.00 в”Ӯ +0.0вҖҰ в”Ӯ      0 в”Ӯ  0.0% в”Ӯ 0.00% в”Ӯ  0 в”Ӯ
в”Ӯ  в”Ӯ bot_вҖҰ в”Ӯ KAS/USDT:USDT  в”Ӯ      +0.00 в”Ӯ +0.0вҖҰ в”Ӯ      0 в”Ӯ  0.0% в”Ӯ 0.00% в”Ӯ  0 в”Ӯ
в”Ӯ  в”Ӯ bot_вҖҰ в”Ӯ XLM/USDT:USDT  в”Ӯ      +0.00 в”Ӯ +0.0вҖҰ в”Ӯ      0 в”Ӯ  0.0% в”Ӯ 0.00% в”Ӯ  0 в”Ӯ
в”Ӯ  в”Ӯ bot_вҖҰ в”Ӯ VET/USDT:USDT  в”Ӯ      +0.00 в”Ӯ +0.0вҖҰ в”Ӯ      0 в”Ӯ  0.0% в”Ӯ 0.00% в”Ӯ  0 в”Ӯ
в”Ӯ  в”Ӯ bot_вҖҰ в”Ӯ 1000CAT/USDT:вҖҰ в”Ӯ      +0.00 в”Ӯ +0.0вҖҰ в”Ӯ      0 в”Ӯ  0.0% в”Ӯ 0.00% в”Ӯ  0 в”Ӯ
в”Ӯ  в”Ӯ bot_вҖҰ в”Ӯ ATOM/USDT:USDT в”Ӯ      +0.00 в”Ӯ +0.0вҖҰ в”Ӯ      0 в”Ӯ  0.0% в”Ӯ 0.00% в”Ӯ  0 в”Ӯ
в”Ӯ  в”Ӯ bot_вҖҰ в”Ӯ FTM/USDT:USDT  в”Ӯ      +0.00 в”Ӯ +0.0вҖҰ в”Ӯ      0 в”Ӯ  0.0% в”Ӯ 0.00% в”Ӯ  0 в”Ӯ
в”Ӯ  в”Ӯ bot_вҖҰ в”Ӯ EOS/USDT:USDT  в”Ӯ      +0.00 в”Ӯ +0.0вҖҰ в”Ӯ      0 в”Ӯ  0.0% в”Ӯ 0.00% в”Ӯ  0 в”Ӯ
в”Ӯ  в”Ӯ bot_вҖҰ в”Ӯ THETA/USDT:USвҖҰ в”Ӯ      +0.00 в”Ӯ +0.0вҖҰ в”Ӯ      0 в”Ӯ  0.0% в”Ӯ 0.00% в”Ӯ  0 в”Ӯ
в”Ӯ  в”Ӯ bot_вҖҰ в”Ӯ AAVE/USDT:USDT в”Ӯ      +0.00 в”Ӯ +0.0вҖҰ в”Ӯ      0 в”Ӯ  0.0% в”Ӯ 0.00% в”Ӯ  0 в”Ӯ
в”Ӯ  в”Ӯ bot_вҖҰ в”Ӯ MKR/USDT:USDT  в”Ӯ      +0.00 в”Ӯ +0.0вҖҰ в”Ӯ      0 в”Ӯ  0.0% в”Ӯ 0.00% в”Ӯ  0 в”Ӯ
в”Ӯ  в”Ӯ bot_вҖҰ в”Ӯ LDO/USDT:USDT  в”Ӯ      +0.00 в”Ӯ +0.0вҖҰ в”Ӯ      0 в”Ӯ  0.0% в”Ӯ 0.00% в”Ӯ  0 в”Ӯ
в”Ӯ  в”Ӯ bot_вҖҰ в”Ӯ RUNE/USDT:USDT в”Ӯ      +0.00 в”Ӯ +0.0вҖҰ в”Ӯ      0 в”Ӯ  0.0% в”Ӯ 0.00% в”Ӯ  0 в”Ӯ
в”Ӯ  в”Ӯ bot_вҖҰ в”Ӯ GRT/USDT:USDT  в”Ӯ      +0.00 в”Ӯ +0.0вҖҰ в”Ӯ      0 в”Ӯ  0.0% в”Ӯ 0.00% в”Ӯ  0 в”Ӯ
в”Ӯ  в”Ӯ bot_вҖҰ в”Ӯ QNT/USDT:USDT  в”Ӯ      +0.00 в”Ӯ +0.0вҖҰ в”Ӯ      0 в”Ӯ  0.0% в”Ӯ 0.00% в”Ӯ  0 в”Ӯ
в”Ӯ  в”Ӯ bot_вҖҰ в”Ӯ STX/USDT:USDT  в”Ӯ      +0.00 в”Ӯ +0.0вҖҰ в”Ӯ      0 в”Ӯ  0.0% в”Ӯ 0.00% в”Ӯ  0 в”Ӯ
в”Ӯ  в”Ӯ bot_вҖҰ в”Ӯ ALGO/USDT:USDT в”Ӯ      +0.00 в”Ӯ +0.0вҖҰ в”Ӯ      0 в”Ӯ  0.0% в”Ӯ 0.00% в”Ӯ  0 в”Ӯ
в”Ӯ  в”Ӯ bot_вҖҰ в”Ӯ XMR/USDT:USDT  в”Ӯ      +0.00 в”Ӯ +0.0вҖҰ в”Ӯ      0 в”Ӯ  0.0% в”Ӯ 0.00% в”Ӯ  0 в”Ӯ
в”Ӯ  в”Ӯ bot_вҖҰ в”Ӯ ZEC/USDT:USDT  в”Ӯ      +0.00 в”Ӯ +0.0вҖҰ в”Ӯ      0 в”Ӯ  0.0% в”Ӯ 0.00% в”Ӯ  0 в”Ӯ
в”Ӯ  в”Ӯ bot_вҖҰ в”Ӯ ETC/USDT:USDT  в”Ӯ      +0.00 в”Ӯ +0.0вҖҰ в”Ӯ      0 в”Ӯ  0.0% в”Ӯ 0.00% в”Ӯ  0 в”Ӯ
в”Ӯ  в”Ӯ bot_вҖҰ в”Ӯ NEO/USDT:USDT  в”Ӯ      +0.00 в”Ӯ +0.0вҖҰ в”Ӯ      0 в”Ӯ  0.0% в”Ӯ 0.00% в”Ӯ  0 в”Ӯ
в”Ӯ  в”Ӯ bot_вҖҰ в”Ӯ IOTA/USDT:USDT в”Ӯ      +0.00 в”Ӯ +0.0вҖҰ в”Ӯ      0 в”Ӯ  0.0% в”Ӯ 0.00% в”Ӯ  0 в”Ӯ
в”Ӯ  в”Ӯ bot_вҖҰ в”Ӯ ONT/USDT:USDT  в”Ӯ      +0.00 в”Ӯ +0.0вҖҰ в”Ӯ      0 в”Ӯ  0.0% в”Ӯ 0.00% в”Ӯ  0 в”Ӯ
в”Ӯ  в”Ӯ bot_вҖҰ в”Ӯ WAVES/USDT:USвҖҰ в”Ӯ      +0.00 в”Ӯ +0.0вҖҰ в”Ӯ      0 в”Ӯ  0.0% в”Ӯ 0.00% в”Ӯ  0 в”Ӯ
в”Ӯ  в”Ӯ bot_вҖҰ в”Ӯ ZIL/USDT:USDT  в”Ӯ      +0.00 в”Ӯ +0.0вҖҰ в”Ӯ      0 в”Ӯ  0.0% в”Ӯ 0.00% в”Ӯ  0 в”Ӯ
в”Ӯ  в”Ӯ bot_вҖҰ в”Ӯ KLAY/USDT:USDT в”Ӯ      +0.00 в”Ӯ +0.0вҖҰ в”Ӯ      0 в”Ӯ  0.0% в”Ӯ 0.00% в”Ӯ  0 в”Ӯ
в”Ӯ  в”Ӯ bot_вҖҰ в”Ӯ FLOW/USDT:USDT в”Ӯ      +0.00 в”Ӯ +0.0вҖҰ в”Ӯ      0 в”Ӯ  0.0% в”Ӯ 0.00% в”Ӯ  0 в”Ӯ
в”Ӯ  в”Ӯ bot_вҖҰ в”Ӯ CRV/USDT:USDT  в”Ӯ      +0.00 в”Ӯ +0.0вҖҰ в”Ӯ      0 в”Ӯ  0.0% в”Ӯ 0.00% в”Ӯ  0 в”Ӯ
в”Ӯ  в”Ӯ bot_вҖҰ в”Ӯ DYDX/USDT:USDT в”Ӯ      +0.00 в”Ӯ +0.0вҖҰ в”Ӯ      0 в”Ӯ  0.0% в”Ӯ 0.00% в”Ӯ  0 в”Ӯ
в”Ӯ  в”Ӯ bot_вҖҰ в”Ӯ GMX/USDT:USDT  в”Ӯ      +0.00 в”Ӯ +0.0вҖҰ в”Ӯ      0 в”Ӯ  0.0% в”Ӯ 0.00% в”Ӯ  0 в”Ӯ
в”Ӯ  в”Ӯ bot_вҖҰ в”Ӯ APE/USDT:USDT  в”Ӯ      +0.00 в”Ӯ +0.0вҖҰ в”Ӯ      0 в”Ӯ  0.0% в”Ӯ 0.00% в”Ӯ  0 в”Ӯ
в”Ӯ  в”Ӯ bot_вҖҰ в”Ӯ CHZ/USDT:USDT  в”Ӯ      +0.00 в”Ӯ +0.0вҖҰ в”Ӯ      0 в”Ӯ  0.0% в”Ӯ 0.00% в”Ӯ  0 в”Ӯ
в”Ӯ  в”Ӯ bot_вҖҰ в”Ӯ ENJ/USDT:USDT  в”Ӯ      +0.00 в”Ӯ +0.0вҖҰ в”Ӯ      0 в”Ӯ  0.0% в”Ӯ 0.00% в”Ӯ  0 в”Ӯ
в”Ӯ  в”Ӯ bot_вҖҰ в”Ӯ 1INCH/USDT:USвҖҰ в”Ӯ      +0.00 в”Ӯ +0.0вҖҰ в”Ӯ      0 в”Ӯ  0.0% в”Ӯ 0.00% в”Ӯ  0 в”Ӯ
в”Ӯ  в”Ӯ bot_вҖҰ в”Ӯ SUSHI/USDT:USвҖҰ в”Ӯ      +0.00 в”Ӯ +0.0вҖҰ в”Ӯ      0 в”Ӯ  0.0% в”Ӯ 0.00% в”Ӯ  0 в”Ӯ
в”Ӯ  в”Ӯ bot_вҖҰ в”Ӯ COMP/USDT:USDT в”Ӯ      +0.00 в”Ӯ +0.0вҖҰ в”Ӯ      0 в”Ӯ  0.0% в”Ӯ 0.00% в”Ӯ  0 в”Ӯ
в”Ӯ  в”Ӯ bot_вҖҰ в”Ӯ SNX/USDT:USDT  в”Ӯ      +0.00 в”Ӯ +0.0вҖҰ в”Ӯ      0 в”Ӯ  0.0% в”Ӯ 0.00% в”Ӯ  0 в”Ӯ
в”Ӯ  в”Ӯ bot_вҖҰ в”Ӯ YFI/USDT:USDT  в”Ӯ      +0.00 в”Ӯ +0.0вҖҰ в”Ӯ      0 в”Ӯ  0.0% в”Ӯ 0.00% в”Ӯ  0 в”Ӯ
в”Ӯ  в”Ӯ bot_вҖҰ в”Ӯ 1000BONK/USDTвҖҰ в”Ӯ      +0.00 в”Ӯ +0.0вҖҰ в”Ӯ      0 в”Ӯ  0.0% в”Ӯ 0.00% в”Ӯ  0 в”Ӯ
в”Ӯ  в”Ӯ bot_вҖҰ в”Ӯ JUP/USDT:USDT  в”Ӯ      +0.00 в”Ӯ +0.0вҖҰ в”Ӯ      0 в”Ӯ  0.0% в”Ӯ 0.00% в”Ӯ  0 в”Ӯ
в”Ӯ  в”Ӯ bot_вҖҰ в”Ӯ PYTH/USDT:USDT в”Ӯ      +0.00 в”Ӯ +0.0вҖҰ в”Ӯ      0 в”Ӯ  0.0% в”Ӯ 0.00% в”Ӯ  0 в”Ӯ
в”Ӯ  в”Ӯ bot_вҖҰ в”Ӯ ORDI/USDT:USDT в”Ӯ      +0.00 в”Ӯ +0.0вҖҰ в”Ӯ      0 в”Ӯ  0.0% в”Ӯ 0.00% в”Ӯ  0 в”Ӯ
в”Ӯ  в”Ӯ bot_вҖҰ в”Ӯ IMX/USDT:USDT  в”Ӯ      +0.00 в”Ӯ +0.0вҖҰ в”Ӯ      0 в”Ӯ  0.0% в”Ӯ 0.00% в”Ӯ  0 в”Ӯ
в”Ӯ  в”Ӯ bot_вҖҰ в”Ӯ KAVA/USDT:USDT в”Ӯ      +0.00 в”Ӯ +0.0вҖҰ в”Ӯ      0 в”Ӯ  0.0% в”Ӯ 0.00% в”Ӯ  0 в”Ӯ
в”Ӯ  в”Ӯ bot_вҖҰ в”Ӯ CELO/USDT:USDT в”Ӯ      +0.00 в”Ӯ +0.0вҖҰ в”Ӯ      0 в”Ӯ  0.0% в”Ӯ 0.00% в”Ӯ  0 в”Ӯ
в”Ӯ  в”Ӯ bot_вҖҰ в”Ӯ ROSE/USDT:USDT в”Ӯ      +0.00 в”Ӯ +0.0вҖҰ в”Ӯ      0 в”Ӯ  0.0% в”Ӯ 0.00% в”Ӯ  0 в”Ӯ
в”Ӯ  в”Ӯ bot_вҖҰ в”Ӯ 1000LUNC/USDTвҖҰ в”Ӯ      +0.00 в”Ӯ +0.0вҖҰ в”Ӯ      0 в”Ӯ  0.0% в”Ӯ 0.00% в”Ӯ  0 в”Ӯ
в”Ӯ  в”Ӯ bot_вҖҰ в”Ӯ PENDLE/USDT:UвҖҰ в”Ӯ      +0.00 в”Ӯ +0.0вҖҰ в”Ӯ      0 в”Ӯ  0.0% в”Ӯ 0.00% в”Ӯ  0 в”Ӯ
в”Ӯ  в”Ӯ bot_вҖҰ в”Ӯ NOT/USDT:USDT  в”Ӯ      +0.00 в”Ӯ +0.0вҖҰ в”Ӯ      0 в”Ӯ  0.0% в”Ӯ 0.00% в”Ӯ  0 в”Ӯ
в”Ӯ  в”Ӯ bot_вҖҰ в”Ӯ BRETT/USDT:USвҖҰ в”Ӯ      +0.00 в”Ӯ +0.0вҖҰ в”Ӯ      0 в”Ӯ  0.0% в”Ӯ 0.00% в”Ӯ  0 в”Ӯ
в”Ӯ  в”Ӯ bot_вҖҰ в”Ӯ POPCAT/USDT:UвҖҰ в”Ӯ      +0.00 в”Ӯ +0.0вҖҰ в”Ӯ      0 в”Ӯ  0.0% в”Ӯ 0.00% в”Ӯ  0 в”Ӯ
в”Ӯ  в”Ӯ bot_вҖҰ в”Ӯ MEW/USDT:USDT  в”Ӯ      +0.00 в”Ӯ +0.0вҖҰ в”Ӯ      0 в”Ӯ  0.0% в”Ӯ 0.00% в”Ӯ  0 в”Ӯ
в”Ӯ  в”Ӯ bot_вҖҰ в”Ӯ GIGGLE/USDT:UвҖҰ в”Ӯ      +0.00 в”Ӯ +0.0вҖҰ в”Ӯ      0 в”Ӯ  0.0% в”Ӯ 0.00% в”Ӯ  0 в”Ӯ
в”Ӯ  в”Ӯ bot_вҖҰ в”Ӯ TURBO/USDT:USвҖҰ в”Ӯ      +0.00 в”Ӯ +0.0вҖҰ в”Ӯ      0 в”Ӯ  0.0% в”Ӯ 0.00% в”Ӯ  0 в”Ӯ
в”Ӯ  в”Ӯ bot_вҖҰ в”Ӯ 1000000MOG/USвҖҰ в”Ӯ      +0.00 в”Ӯ +0.0вҖҰ в”Ӯ      0 в”Ӯ  0.0% в”Ӯ 0.00% в”Ӯ  0 в”Ӯ
в”Ӯ  в”Ӯ bot_вҖҰ в”Ӯ 1000FLOKI/USDвҖҰ в”Ӯ      +0.00 в”Ӯ +0.0вҖҰ в”Ӯ      0 в”Ӯ  0.0% в”Ӯ 0.00% в”Ӯ  0 в”Ӯ
в”Ӯ  в”Ӯ bot_вҖҰ в”Ӯ WIF/USDT:USDT  в”Ӯ      +0.00 в”Ӯ +0.0вҖҰ в”Ӯ      0 в”Ӯ  0.0% в”Ӯ 0.00% в”Ӯ  0 в”Ӯ
в”Ӯ  в”Ӯ bot_вҖҰ в”Ӯ BOME/USDT:USDT в”Ӯ      +0.00 в”Ӯ +0.0вҖҰ в”Ӯ      0 в”Ӯ  0.0% в”Ӯ 0.00% в”Ӯ  0 в”Ӯ
в”Ӯ  в”Ӯ bot_вҖҰ в”Ӯ PIXEL/USDT:USвҖҰ в”Ӯ      +0.00 в”Ӯ +0.0вҖҰ в”Ӯ      0 в”Ӯ  0.0% в”Ӯ 0.00% в”Ӯ  0 в”Ӯ
в”Ӯ  в”Ӯ bot_вҖҰ в”Ӯ ONDO/USDT:USDT в”Ӯ      +0.00 в”Ӯ +0.0вҖҰ в”Ӯ      0 в”Ӯ  0.0% в”Ӯ 0.00% в”Ӯ  0 в”Ӯ
в”Ӯ  в”Ӯ bot_вҖҰ в”Ӯ TAO/USDT:USDT  в”Ӯ      +0.00 в”Ӯ +0.0вҖҰ в”Ӯ      0 в”Ӯ  0.0% в”Ӯ 0.00% в”Ӯ  0 в”Ӯ
в”Ӯ  в”Ӯ bot_вҖҰ в”Ӯ XAI/USDT:USDT  в”Ӯ      +0.00 в”Ӯ +0.0вҖҰ в”Ӯ      0 в”Ӯ  0.0% в”Ӯ 0.00% в”Ӯ  0 в”Ӯ
в”Ӯ  в”Ӯ bot_вҖҰ в”Ӯ PEOPLE/USDT:UвҖҰ в”Ӯ      +0.00 в”Ӯ +0.0вҖҰ в”Ӯ      0 в”Ӯ  0.0% в”Ӯ 0.00% в”Ӯ  0 в”Ӯ
в”Ӯ  в”Ӯ bot_вҖҰ в”Ӯ BIGTIME/USDT:вҖҰ в”Ӯ      +0.00 в”Ӯ +0.0вҖҰ в”Ӯ      0 в”Ӯ  0.0% в”Ӯ 0.00% в”Ӯ  0 в”Ӯ
в”Ӯ  в”Ӯ bot_вҖҰ в”Ӯ RENDER/USDT:UвҖҰ в”Ӯ     -17.43 в”Ӯ -0.3вҖҰ в”Ӯ      2 в”Ӯ  0.0% в”Ӯ 0.00% в”Ӯ  0 в”Ӯ
в”Ӯ  в”Ӯ bot_вҖҰ в”Ӯ LTC/USDT:USDT  в”Ӯ     -30.43 в”Ӯ -0.6вҖҰ в”Ӯ      1 в”Ӯ  0.0% в”Ӯ 0.00% в”Ӯ  0 в”Ӯ
в”Ӯ  в”Ӯ bot_вҖҰ в”Ӯ FIL/USDT:USDT  в”Ӯ     -33.17 в”Ӯ -0.6вҖҰ в”Ӯ      1 в”Ӯ  0.0% в”Ӯ 0.00% в”Ӯ  0 в”Ӯ
в”Ӯ  в”Ӯ bot_вҖҰ в”Ӯ LINK/USDT:USDT в”Ӯ     -34.50 в”Ӯ -0.6вҖҰ в”Ӯ      1 в”Ӯ  0.0% в”Ӯ 0.00% в”Ӯ  0 в”Ӯ
в””в”Җв”Җв”ҙв”Җв”Җв”Җв”Җв”Җв”Җв”Җв”ҙв”Җв”Җв”Җв”Җв”Җв”Җв”Җв”Җв”Җв”Җв”Җв”Җв”Җв”Җв”Җв”Җв”ҙв”Җв”Җв”Җв”Җв”Җв”Җв”Җв”Җв”Җв”Җв”Җв”Җв”ҙв”Җв”Җв”Җв”Җв”Җв”Җв”Җв”ҙв”Җв”Җв”Җв”Җв”Җв”Җв”Җв”Җв”ҙв”Җв”Җв”Җв”Җв”Җв”Җв”Җв”ҙв”Җв”Җв”Җв”Җв”Җв”Җв”Җв”ҙв”Җв”Җв”Җв”Җв”ҳ
в•җв•җв•җв•җв•җв•җв•җв•җв•җв•җв•җв•җв•җв•җв•җв•җв•җв•җв•җв•җв•җв•җв•җв•җв•җв•җв•җв•җв•җв•җв•җв•җв•җв•җв•җв•җв•җв•җв•җв•җв•җв•җв•җв•җв•җв•җв•җв•җв•җв•җв•җв•җв•җв•җв•җв•җв•җв•җв•җв•җв•җв•җв•җв•җв•җв•җв•җв•җв•җв•җв•җв•җв•җв•җв•җв•җв•җв•җв•җв•җ

