2026-03-26 09:45:48,971 [INFO] ═══ GENERATING RL DATA: FOREX ═══
2026-03-26 09:45:48,972 [INFO]   28 instruments, 12 windows, 4 workers
2026-03-26 09:45:48,972 [INFO]   Total work items: 336 (parallel with 4 workers)
[1;33mThank you for using SmartMoneyConcepts! ⭐ Please show your support by giving a star on the GitHub repository: [4;34mhttps://github.com/joshyattridge/smart-money-concepts[0m
2026-03-26 09:46:18,299 [INFO]   Teacher labels: 0 entries out of 37411 bars (0.0%)
2026-03-26 09:46:23,539 [INFO]   Teacher labels: 0 entries out of 37372 bars (0.0%)
2026-03-26 09:46:25,140 [INFO]   Teacher labels: 0 entries out of 37412 bars (0.0%)
2026-03-26 09:46:27,582 [INFO]   Teacher labels: 541 entries out of 37412 bars (1.4%)
2026-03-26 09:46:57,910 [INFO]   Teacher labels: 1463 entries out of 37413 bars (3.9%)
2026-03-26 09:46:59,745 [INFO]   Teacher labels: 0 entries out of 37394 bars (0.0%)
2026-03-26 09:47:11,504 [INFO]   Teacher labels: 2315 entries out of 37400 bars (6.2%)
2026-03-26 09:47:15,606 [INFO]   Teacher labels: 1727 entries out of 37271 bars (4.6%)
2026-03-26 09:47:32,275 [INFO]   Teacher labels: 0 entries out of 37292 bars (0.0%)
2026-03-26 09:47:32,659 [INFO]   Teacher labels: 0 entries out of 37347 bars (0.0%)
2026-03-26 09:47:50,806 [INFO]   Teacher labels: 0 entries out of 37389 bars (0.0%)
2026-03-26 09:48:02,778 [INFO]   Teacher labels: 564 entries out of 37413 bars (1.5%)
2026-03-26 09:48:04,887 [INFO]   Teacher labels: 0 entries out of 37405 bars (0.0%)
2026-03-26 09:48:16,506 [INFO]   Teacher labels: 1568 entries out of 37417 bars (4.2%)
2026-03-26 09:48:21,786 [INFO]   Teacher labels: 0 entries out of 37391 bars (0.0%)
2026-03-26 09:48:37,457 [INFO]   Teacher labels: 0 entries out of 37208 bars (0.0%)
2026-03-26 09:48:46,243 [INFO]   Teacher labels: 0 entries out of 37094 bars (0.0%)
2026-03-26 09:48:47,691 [INFO]   Teacher labels: 739 entries out of 37247 bars (2.0%)
2026-03-26 09:49:08,713 [INFO]   Teacher labels: 1873 entries out of 37411 bars (5.0%)
2026-03-26 09:49:20,541 [INFO]   Teacher labels: 811 entries out of 37411 bars (2.2%)
2026-03-26 09:49:20,557 [INFO]   Progress: 20/336 (6%)
2026-03-26 09:49:21,781 [INFO]   Teacher labels: 623 entries out of 37418 bars (1.7%)
2026-03-26 09:49:27,111 [INFO]   Teacher labels: 1143 entries out of 37409 bars (3.1%)
2026-03-26 09:49:39,529 [INFO]   Teacher labels: 0 entries out of 37410 bars (0.0%)
2026-03-26 09:49:57,635 [INFO]   Teacher labels: 1411 entries out of 37413 bars (3.8%)
2026-03-26 09:49:58,745 [INFO]   Teacher labels: 1521 entries out of 37388 bars (4.1%)
2026-03-26 09:50:08,328 [INFO]   Teacher labels: 662 entries out of 37386 bars (1.8%)
2026-03-26 09:50:11,724 [INFO]   Teacher labels: 0 entries out of 37351 bars (0.0%)
2026-03-26 09:50:43,273 [INFO]   Teacher labels: 2217 entries out of 37411 bars (5.9%)
2026-03-26 09:51:01,713 [INFO]   Teacher labels: 0 entries out of 56112 bars (0.0%)
2026-03-26 09:51:15,228 [INFO]   Teacher labels: 964 entries out of 56067 bars (1.7%)
2026-03-26 09:51:23,553 [INFO]   Teacher labels: 922 entries out of 55997 bars (1.6%)
2026-03-26 09:51:51,688 [INFO]   Teacher labels: 457 entries out of 56062 bars (0.8%)
2026-03-26 09:52:03,482 [INFO]   Teacher labels: 1636 entries out of 56105 bars (2.9%)
2026-03-26 09:52:21,116 [INFO]   Teacher labels: 0 entries out of 55939 bars (0.0%)
2026-03-26 09:52:26,366 [INFO]   Teacher labels: 1273 entries out of 56096 bars (2.3%)
2026-03-26 09:53:03,047 [INFO]   Teacher labels: 595 entries out of 55859 bars (1.1%)
2026-03-26 09:53:15,221 [INFO]   Teacher labels: 832 entries out of 56049 bars (1.5%)
2026-03-26 09:53:30,466 [INFO]   Teacher labels: 895 entries out of 56002 bars (1.6%)
2026-03-26 09:53:53,125 [INFO]   Teacher labels: 576 entries out of 56069 bars (1.0%)
2026-03-26 09:54:17,600 [INFO]   Teacher labels: 447 entries out of 56128 bars (0.8%)
2026-03-26 09:54:17,617 [INFO]   Progress: 40/336 (12%)
2026-03-26 09:54:22,309 [INFO]   Teacher labels: 456 entries out of 56119 bars (0.8%)
2026-03-26 09:54:35,216 [INFO]   Teacher labels: 549 entries out of 56057 bars (1.0%)
2026-03-26 09:54:56,560 [INFO]   Teacher labels: 970 entries out of 56100 bars (1.7%)
2026-03-26 09:55:29,339 [INFO]   Teacher labels: 1040 entries out of 55940 bars (1.9%)
2026-03-26 09:55:32,182 [INFO]   Teacher labels: 873 entries out of 55861 bars (1.6%)
2026-03-26 09:55:38,383 [INFO]   Teacher labels: 403 entries out of 55729 bars (0.7%)
2026-03-26 09:56:02,133 [INFO]   Teacher labels: 706 entries out of 56109 bars (1.3%)
2026-03-26 09:56:34,381 [INFO]   Teacher labels: 1195 entries out of 56118 bars (2.1%)
2026-03-26 09:56:36,083 [INFO]   Teacher labels: 288 entries out of 56040 bars (0.5%)
2026-03-26 09:56:40,345 [INFO]   Teacher labels: 1078 entries out of 56031 bars (1.9%)
2026-03-26 09:57:11,184 [INFO]   Teacher labels: 918 entries out of 55918 bars (1.6%)
2026-03-26 09:57:27,268 [INFO]   Teacher labels: 1108 entries out of 56085 bars (2.0%)
2026-03-26 09:57:28,176 [INFO]   Teacher labels: 1019 entries out of 56053 bars (1.8%)
2026-03-26 09:57:47,598 [INFO]   Teacher labels: 593 entries out of 56093 bars (1.1%)
2026-03-26 09:58:22,234 [INFO]   Teacher labels: 1156 entries out of 56026 bars (2.1%)
2026-03-26 09:58:26,649 [INFO]   Teacher labels: 415 entries out of 55484 bars (0.7%)
2026-03-26 09:58:29,920 [INFO]   Teacher labels: 937 entries out of 56112 bars (1.7%)
2026-03-26 09:58:51,866 [INFO]   Teacher labels: 967 entries out of 55325 bars (1.7%)
2026-03-26 09:59:21,996 [INFO]   Teacher labels: 574 entries out of 55531 bars (1.0%)
2026-03-26 09:59:22,524 [INFO]   Teacher labels: 660 entries out of 55526 bars (1.2%)
2026-03-26 09:59:22,559 [INFO]   Progress: 60/336 (18%)
2026-03-26 09:59:46,646 [INFO]   Teacher labels: 462 entries out of 55465 bars (0.8%)
2026-03-26 10:00:01,355 [INFO]   Teacher labels: 1235 entries out of 55095 bars (2.2%)
2026-03-26 10:00:26,500 [INFO]   Teacher labels: 343 entries out of 55505 bars (0.6%)
2026-03-26 10:00:38,045 [INFO]   Teacher labels: 930 entries out of 55124 bars (1.7%)
2026-03-26 10:00:52,205 [INFO]   Teacher labels: 970 entries out of 55465 bars (1.7%)
2026-03-26 10:01:10,547 [INFO]   Teacher labels: 763 entries out of 55435 bars (1.4%)
2026-03-26 10:01:56,348 [INFO]   Teacher labels: 870 entries out of 55480 bars (1.6%)
2026-03-26 10:02:01,924 [INFO]   Teacher labels: 570 entries out of 55537 bars (1.0%)
2026-03-26 10:02:11,121 [INFO]   Teacher labels: 562 entries out of 55538 bars (1.0%)
2026-03-26 10:02:12,360 [INFO]   Teacher labels: 1022 entries out of 55460 bars (1.8%)
2026-03-26 10:02:57,189 [INFO]   Teacher labels: 273 entries out of 55538 bars (0.5%)
2026-03-26 10:03:08,456 [INFO]   Teacher labels: 306 entries out of 55277 bars (0.6%)
2026-03-26 10:03:14,820 [INFO]   Teacher labels: 854 entries out of 55385 bars (1.5%)
2026-03-26 10:03:33,939 [INFO]   Teacher labels: 1127 entries out of 55117 bars (2.0%)
2026-03-26 10:04:07,498 [INFO]   Teacher labels: 478 entries out of 55523 bars (0.9%)
2026-03-26 10:04:16,986 [INFO]   Teacher labels: 427 entries out of 55537 bars (0.8%)
2026-03-26 10:04:17,718 [INFO]   Teacher labels: 1020 entries out of 55409 bars (1.8%)
2026-03-26 10:04:37,633 [INFO]   Teacher labels: 1074 entries out of 55350 bars (1.9%)
2026-03-26 10:05:14,584 [INFO]   Teacher labels: 852 entries out of 54911 bars (1.6%)
2026-03-26 10:05:14,785 [INFO]   Teacher labels: 1736 entries out of 55522 bars (3.1%)
2026-03-26 10:05:14,802 [INFO]   Progress: 80/336 (24%)
2026-03-26 10:05:15,496 [INFO]   Teacher labels: 660 entries out of 55448 bars (1.2%)
2026-03-26 10:05:42,749 [INFO]   Teacher labels: 158 entries out of 55537 bars (0.3%)
2026-03-26 10:06:20,266 [INFO]   Teacher labels: 445 entries out of 55537 bars (0.8%)
2026-03-26 10:06:22,004 [INFO]   Teacher labels: 677 entries out of 54979 bars (1.2%)
2026-03-26 10:06:23,933 [INFO]   Teacher labels: 1507 entries out of 55454 bars (2.7%)
2026-03-26 10:06:50,599 [INFO]   Teacher labels: 852 entries out of 54717 bars (1.6%)
2026-03-26 10:07:19,847 [INFO]   Teacher labels: 656 entries out of 54991 bars (1.2%)
2026-03-26 10:07:25,510 [INFO]   Teacher labels: 988 entries out of 54980 bars (1.8%)
2026-03-26 10:07:46,925 [INFO]   Teacher labels: 745 entries out of 54935 bars (1.4%)
2026-03-26 10:07:53,879 [INFO]   Teacher labels: 244 entries out of 54342 bars (0.4%)
2026-03-26 10:08:19,935 [INFO]   Teacher labels: 375 entries out of 54634 bars (0.7%)
2026-03-26 10:08:21,132 [INFO]   Teacher labels: 985 entries out of 54984 bars (1.8%)
2026-03-26 10:08:53,808 [INFO]   Teacher labels: 523 entries out of 54993 bars (1.0%)
2026-03-26 10:09:08,608 [INFO]   Teacher labels: 502 entries out of 55001 bars (0.9%)
2026-03-26 10:09:43,627 [INFO]   Teacher labels: 1146 entries out of 54931 bars (2.1%)
2026-03-26 10:09:49,969 [INFO]   Teacher labels: 622 entries out of 54997 bars (1.1%)
2026-03-26 10:09:53,272 [INFO]   Teacher labels: 623 entries out of 54995 bars (1.1%)
2026-03-26 10:10:17,487 [INFO]   Teacher labels: 594 entries out of 54918 bars (1.1%)
2026-03-26 10:10:58,307 [INFO]   Teacher labels: 874 entries out of 54911 bars (1.6%)
2026-03-26 10:11:03,042 [INFO]   Teacher labels: 753 entries out of 55001 bars (1.4%)
2026-03-26 10:11:03,065 [INFO]   Progress: 100/336 (30%)
2026-03-26 10:11:08,952 [INFO]   Teacher labels: 439 entries out of 54984 bars (0.8%)
2026-03-26 10:11:44,405 [INFO]   Teacher labels: 1579 entries out of 54800 bars (2.9%)
2026-03-26 10:11:56,169 [INFO]   Teacher labels: 1122 entries out of 54990 bars (2.0%)
2026-03-26 10:12:10,547 [INFO]   Teacher labels: 741 entries out of 54813 bars (1.4%)
2026-03-26 10:12:27,052 [INFO]   Teacher labels: 680 entries out of 54996 bars (1.2%)
2026-03-26 10:12:52,957 [INFO]   Teacher labels: 783 entries out of 54707 bars (1.4%)
2026-03-26 10:13:02,767 [INFO]   Teacher labels: 720 entries out of 54024 bars (1.3%)
2026-03-26 10:13:10,789 [INFO]   Teacher labels: 742 entries out of 54909 bars (1.4%)
2026-03-26 10:13:26,629 [INFO]   Teacher labels: 892 entries out of 54969 bars (1.6%)
2026-03-26 10:14:06,851 [INFO]   Teacher labels: 379 entries out of 54942 bars (0.7%)
2026-03-26 10:14:13,266 [INFO]   Teacher labels: 1213 entries out of 54996 bars (2.2%)
2026-03-26 10:14:15,156 [INFO]   Teacher labels: 672 entries out of 55000 bars (1.2%)
2026-03-26 10:14:45,745 [INFO]   Teacher labels: 1133 entries out of 54954 bars (2.1%)
2026-03-26 10:15:07,092 [INFO]   Teacher labels: 911 entries out of 54692 bars (1.7%)
2026-03-26 10:15:15,901 [INFO]   Teacher labels: 1350 entries out of 54961 bars (2.5%)
2026-03-26 10:15:35,861 [INFO]   Teacher labels: 532 entries out of 54950 bars (1.0%)
2026-03-26 10:15:52,894 [INFO]   Teacher labels: 1251 entries out of 54950 bars (2.3%)
2026-03-26 10:16:18,242 [INFO]   Teacher labels: 776 entries out of 54264 bars (1.4%)
2026-03-26 10:16:23,705 [INFO]   Teacher labels: 1460 entries out of 54960 bars (2.7%)
2026-03-26 10:16:45,151 [INFO]   Teacher labels: 1490 entries out of 54596 bars (2.7%)
2026-03-26 10:16:45,170 [INFO]   Progress: 120/336 (36%)
2026-03-26 10:17:12,486 [INFO]   Teacher labels: 803 entries out of 54966 bars (1.5%)
2026-03-26 10:17:35,295 [INFO]   Teacher labels: 755 entries out of 54914 bars (1.4%)
2026-03-26 10:17:46,030 [INFO]   Teacher labels: 448 entries out of 54970 bars (0.8%)
2026-03-26 10:18:15,868 [INFO]   Teacher labels: 905 entries out of 54962 bars (1.6%)
2026-03-26 10:18:22,990 [INFO]   Teacher labels: 636 entries out of 54949 bars (1.2%)
2026-03-26 10:18:47,830 [INFO]   Teacher labels: 332 entries out of 54912 bars (0.6%)
2026-03-26 10:19:07,639 [INFO]   Teacher labels: 539 entries out of 54967 bars (1.0%)
2026-03-26 10:19:17,282 [INFO]   Teacher labels: 263 entries out of 54922 bars (0.5%)
2026-03-26 10:19:44,292 [INFO]   Teacher labels: 524 entries out of 54962 bars (1.0%)
2026-03-26 10:19:52,919 [INFO]   Teacher labels: 517 entries out of 54771 bars (0.9%)
2026-03-26 10:20:14,611 [INFO]   Teacher labels: 1319 entries out of 54960 bars (2.4%)
2026-03-26 10:20:18,754 [INFO]   Teacher labels: 320 entries out of 54708 bars (0.6%)
2026-03-26 10:20:56,831 [INFO]   Teacher labels: 527 entries out of 54971 bars (1.0%)
2026-03-26 10:21:06,594 [INFO]   Teacher labels: 626 entries out of 54670 bars (1.1%)
2026-03-26 10:21:18,670 [INFO]   Teacher labels: 626 entries out of 53875 bars (1.2%)
2026-03-26 10:21:26,780 [INFO]   Teacher labels: 1768 entries out of 54931 bars (3.2%)
2026-03-26 10:21:59,109 [INFO]   Teacher labels: 493 entries out of 54932 bars (0.9%)
2026-03-26 10:22:24,829 [INFO]   Teacher labels: 643 entries out of 54929 bars (1.2%)
2026-03-26 10:22:33,207 [INFO]   Teacher labels: 1057 entries out of 54961 bars (1.9%)
2026-03-26 10:22:35,291 [INFO]   Teacher labels: 542 entries out of 54967 bars (1.0%)
2026-03-26 10:22:35,308 [INFO]   Progress: 140/336 (42%)
2026-03-26 10:23:13,980 [INFO]   Teacher labels: 918 entries out of 55820 bars (1.6%)
2026-03-26 10:23:23,866 [INFO]   Teacher labels: 1107 entries out of 55545 bars (2.0%)
2026-03-26 10:23:31,579 [INFO]   Teacher labels: 1937 entries out of 55842 bars (3.5%)
2026-03-26 10:23:51,771 [INFO]   Teacher labels: 292 entries out of 55832 bars (0.5%)
2026-03-26 10:24:11,442 [INFO]   Teacher labels: 991 entries out of 55817 bars (1.8%)
2026-03-26 10:24:36,935 [INFO]   Teacher labels: 2272 entries out of 55839 bars (4.1%)
2026-03-26 10:24:41,512 [INFO]   Teacher labels: 1154 entries out of 55235 bars (2.1%)
2026-03-26 10:24:51,534 [INFO]   Teacher labels: 548 entries out of 55461 bars (1.0%)
2026-03-26 10:25:19,245 [INFO]   Teacher labels: 559 entries out of 55849 bars (1.0%)
2026-03-26 10:25:56,782 [INFO]   Teacher labels: 741 entries out of 55804 bars (1.3%)
2026-03-26 10:26:08,236 [INFO]   Teacher labels: 824 entries out of 55848 bars (1.5%)
2026-03-26 10:26:23,871 [INFO]   Teacher labels: 1488 entries out of 55843 bars (2.7%)
2026-03-26 10:26:23,945 [INFO]   Teacher labels: 847 entries out of 55819 bars (1.5%)
2026-03-26 10:27:03,672 [INFO]   Teacher labels: 426 entries out of 55802 bars (0.8%)
2026-03-26 10:27:28,074 [INFO]   Teacher labels: 844 entries out of 55842 bars (1.5%)
2026-03-26 10:27:34,860 [INFO]   Teacher labels: 721 entries out of 55807 bars (1.3%)
2026-03-26 10:27:43,989 [INFO]   Teacher labels: 1064 entries out of 55845 bars (1.9%)
2026-03-26 10:28:11,683 [INFO]   Teacher labels: 705 entries out of 55646 bars (1.3%)
2026-03-26 10:28:35,851 [INFO]   Teacher labels: 1384 entries out of 55836 bars (2.5%)
2026-03-26 10:28:48,914 [INFO]   Teacher labels: 608 entries out of 55554 bars (1.1%)
2026-03-26 10:28:48,931 [INFO]   Progress: 160/336 (48%)
2026-03-26 10:28:52,754 [INFO]   Teacher labels: 1271 entries out of 55844 bars (2.3%)
2026-03-26 10:29:19,948 [INFO]   Teacher labels: 996 entries out of 55572 bars (1.8%)
2026-03-26 10:29:35,154 [INFO]   Teacher labels: 927 entries out of 55017 bars (1.7%)
2026-03-26 10:29:48,952 [INFO]   Teacher labels: 1971 entries out of 55814 bars (3.5%)
2026-03-26 10:29:59,422 [INFO]   Teacher labels: 1148 entries out of 55789 bars (2.1%)
2026-03-26 10:30:50,139 [INFO]   Teacher labels: 1340 entries out of 55822 bars (2.4%)
2026-03-26 10:30:56,604 [INFO]   Teacher labels: 692 entries out of 55842 bars (1.2%)
2026-03-26 10:30:59,895 [INFO]   Teacher labels: 2149 entries out of 55823 bars (3.8%)
2026-03-26 10:31:03,671 [INFO]   Teacher labels: 417 entries out of 55458 bars (0.8%)
2026-03-26 10:31:53,844 [INFO]   Teacher labels: 719 entries out of 55223 bars (1.3%)
2026-03-26 10:31:55,077 [INFO]   Teacher labels: 959 entries out of 55490 bars (1.7%)
2026-03-26 10:32:06,934 [INFO]   Teacher labels: 1710 entries out of 55486 bars (3.1%)
2026-03-26 10:32:22,487 [INFO]   Teacher labels: 702 entries out of 55466 bars (1.3%)
2026-03-26 10:32:56,962 [INFO]   Teacher labels: 1082 entries out of 55493 bars (1.9%)
2026-03-26 10:33:10,147 [INFO]   Teacher labels: 664 entries out of 55122 bars (1.2%)
2026-03-26 10:33:11,752 [INFO]   Teacher labels: 490 entries out of 55015 bars (0.9%)
2026-03-26 10:33:28,690 [INFO]   Teacher labels: 767 entries out of 55496 bars (1.4%)
2026-03-26 10:34:14,479 [INFO]   Teacher labels: 634 entries out of 55511 bars (1.1%)
2026-03-26 10:34:26,082 [INFO]   Teacher labels: 642 entries out of 55498 bars (1.2%)
2026-03-26 10:34:28,960 [INFO]   Teacher labels: 376 entries out of 55464 bars (0.7%)
2026-03-26 10:34:28,980 [INFO]   Progress: 180/336 (54%)
2026-03-26 10:34:32,487 [INFO]   Teacher labels: 515 entries out of 55479 bars (0.9%)
2026-03-26 10:35:22,815 [INFO]   Teacher labels: 1183 entries out of 55428 bars (2.1%)
2026-03-26 10:35:39,209 [INFO]   Teacher labels: 1372 entries out of 55462 bars (2.5%)
2026-03-26 10:35:45,896 [INFO]   Teacher labels: 1352 entries out of 55505 bars (2.4%)
2026-03-26 10:35:54,524 [INFO]   Teacher labels: 980 entries out of 55507 bars (1.8%)
2026-03-26 10:36:29,218 [INFO]   Teacher labels: 457 entries out of 55316 bars (0.8%)
2026-03-26 10:36:41,684 [INFO]   Teacher labels: 1407 entries out of 55494 bars (2.5%)
2026-03-26 10:36:59,707 [INFO]   Teacher labels: 1106 entries out of 55227 bars (2.0%)
2026-03-26 10:37:10,660 [INFO]   Teacher labels: 1147 entries out of 55506 bars (2.1%)
2026-03-26 10:37:38,876 [INFO]   Teacher labels: 886 entries out of 55276 bars (1.6%)
2026-03-26 10:37:53,315 [INFO]   Teacher labels: 988 entries out of 55000 bars (1.8%)
2026-03-26 10:38:01,734 [INFO]   Teacher labels: 1049 entries out of 55441 bars (1.9%)
2026-03-26 10:38:15,350 [INFO]   Teacher labels: 1779 entries out of 55477 bars (3.2%)
2026-03-26 10:38:56,484 [INFO]   Teacher labels: 419 entries out of 55488 bars (0.8%)
2026-03-26 10:39:01,648 [INFO]   Teacher labels: 1473 entries out of 55501 bars (2.7%)
2026-03-26 10:39:16,009 [INFO]   Teacher labels: 1236 entries out of 55480 bars (2.2%)
2026-03-26 10:39:22,688 [INFO]   Teacher labels: 623 entries out of 54663 bars (1.1%)
2026-03-26 10:40:01,941 [INFO]   Teacher labels: 750 entries out of 54533 bars (1.4%)
2026-03-26 10:40:06,770 [INFO]   Teacher labels: 1616 entries out of 54699 bars (3.0%)
2026-03-26 10:40:25,109 [INFO]   Teacher labels: 695 entries out of 54704 bars (1.3%)
2026-03-26 10:40:25,126 [INFO]   Progress: 200/336 (60%)
2026-03-26 10:40:51,147 [INFO]   Teacher labels: 581 entries out of 54677 bars (1.1%)
2026-03-26 10:41:16,345 [INFO]   Teacher labels: 1438 entries out of 54692 bars (2.6%)
2026-03-26 10:41:17,020 [INFO]   Teacher labels: 1218 entries out of 54386 bars (2.2%)
2026-03-26 10:41:36,740 [INFO]   Teacher labels: 1029 entries out of 54431 bars (1.9%)
2026-03-26 10:41:55,695 [INFO]   Teacher labels: 872 entries out of 54704 bars (1.6%)
2026-03-26 10:42:23,723 [INFO]   Teacher labels: 1215 entries out of 54715 bars (2.2%)
2026-03-26 10:42:41,891 [INFO]   Teacher labels: 731 entries out of 54682 bars (1.3%)
2026-03-26 10:42:56,590 [INFO]   Teacher labels: 514 entries out of 54704 bars (0.9%)
2026-03-26 10:43:01,610 [INFO]   Teacher labels: 778 entries out of 54704 bars (1.4%)
2026-03-26 10:43:29,255 [INFO]   Teacher labels: 825 entries out of 54649 bars (1.5%)
2026-03-26 10:43:49,824 [INFO]   Teacher labels: 599 entries out of 54715 bars (1.1%)
2026-03-26 10:43:59,540 [INFO]   Teacher labels: 912 entries out of 54675 bars (1.7%)
2026-03-26 10:44:05,201 [INFO]   Teacher labels: 1340 entries out of 54713 bars (2.4%)
2026-03-26 10:44:41,206 [INFO]   Teacher labels: 446 entries out of 54590 bars (0.8%)
2026-03-26 10:44:58,329 [INFO]   Teacher labels: 1336 entries out of 54704 bars (2.4%)
2026-03-26 10:45:10,710 [INFO]   Teacher labels: 494 entries out of 54714 bars (0.9%)
2026-03-26 10:45:10,958 [INFO]   Teacher labels: 707 entries out of 54581 bars (1.3%)
2026-03-26 10:45:46,415 [INFO]   Teacher labels: 563 entries out of 54551 bars (1.0%)
2026-03-26 10:46:14,766 [INFO]   Teacher labels: 917 entries out of 54475 bars (1.7%)
2026-03-26 10:46:18,718 [INFO]   Teacher labels: 1463 entries out of 54651 bars (2.7%)
2026-03-26 10:46:18,740 [INFO]   Progress: 220/336 (65%)
2026-03-26 10:46:19,978 [INFO]   Teacher labels: 828 entries out of 54697 bars (1.5%)
2026-03-26 10:47:04,729 [INFO]   Teacher labels: 651 entries out of 54708 bars (1.2%)
2026-03-26 10:47:22,508 [INFO]   Teacher labels: 593 entries out of 54699 bars (1.1%)
2026-03-26 10:47:26,089 [INFO]   Teacher labels: 338 entries out of 54698 bars (0.6%)
2026-03-26 10:47:35,668 [INFO]   Teacher labels: 798 entries out of 54938 bars (1.5%)
2026-03-26 10:48:06,830 [INFO]   Teacher labels: 1260 entries out of 54777 bars (2.3%)
2026-03-26 10:48:15,546 [INFO]   Teacher labels: 585 entries out of 54965 bars (1.1%)
2026-03-26 10:48:48,463 [INFO]   Teacher labels: 1883 entries out of 54990 bars (3.4%)
2026-03-26 10:48:51,086 [INFO]   Teacher labels: 916 entries out of 54927 bars (1.7%)
2026-03-26 10:49:08,948 [INFO]   Teacher labels: 1795 entries out of 54652 bars (3.3%)
2026-03-26 10:49:17,008 [INFO]   Teacher labels: 910 entries out of 54960 bars (1.7%)
2026-03-26 10:49:58,669 [INFO]   Teacher labels: 1087 entries out of 54977 bars (2.0%)
2026-03-26 10:50:01,823 [INFO]   Teacher labels: 1542 entries out of 54615 bars (2.8%)
2026-03-26 10:50:13,311 [INFO]   Teacher labels: 1282 entries out of 55004 bars (2.3%)
2026-03-26 10:50:26,702 [INFO]   Teacher labels: 869 entries out of 54971 bars (1.6%)
2026-03-26 10:51:03,951 [INFO]   Teacher labels: 943 entries out of 54975 bars (1.7%)
2026-03-26 10:51:10,134 [INFO]   Teacher labels: 1076 entries out of 54993 bars (2.0%)
2026-03-26 10:51:27,617 [INFO]   Teacher labels: 1057 entries out of 54866 bars (1.9%)
2026-03-26 10:51:31,656 [INFO]   Teacher labels: 1600 entries out of 55000 bars (2.9%)
2026-03-26 10:52:13,446 [INFO]   Teacher labels: 846 entries out of 54974 bars (1.5%)
2026-03-26 10:52:13,464 [INFO]   Progress: 240/336 (71%)
2026-03-26 10:52:18,436 [INFO]   Teacher labels: 1044 entries out of 54916 bars (1.9%)
2026-03-26 10:52:30,022 [INFO]   Teacher labels: 1268 entries out of 54828 bars (2.3%)
2026-03-26 10:52:33,522 [INFO]   Teacher labels: 1097 entries out of 54965 bars (2.0%)
2026-03-26 10:53:30,761 [INFO]   Teacher labels: 820 entries out of 54830 bars (1.5%)
2026-03-26 10:53:31,728 [INFO]   Teacher labels: 1052 entries out of 54982 bars (1.9%)
2026-03-26 10:53:39,286 [INFO]   Teacher labels: 759 entries out of 54843 bars (1.4%)
2026-03-26 10:53:50,965 [INFO]   Teacher labels: 1493 entries out of 54693 bars (2.7%)
2026-03-26 10:54:38,736 [INFO]   Teacher labels: 2107 entries out of 54852 bars (3.8%)
2026-03-26 10:54:38,853 [INFO]   Teacher labels: 1770 entries out of 54979 bars (3.2%)
2026-03-26 10:54:59,396 [INFO]   Teacher labels: 1122 entries out of 54990 bars (2.0%)
2026-03-26 10:55:04,478 [INFO]   Teacher labels: 1941 entries out of 54955 bars (3.5%)
2026-03-26 10:55:42,177 [INFO]   Teacher labels: 1097 entries out of 54990 bars (2.0%)
2026-03-26 10:55:50,653 [INFO]   Teacher labels: 517 entries out of 55813 bars (0.9%)
2026-03-26 10:56:10,856 [INFO]   Teacher labels: 950 entries out of 55859 bars (1.7%)
2026-03-26 10:56:11,942 [INFO]   Teacher labels: 573 entries out of 55681 bars (1.0%)
2026-03-26 10:56:46,546 [INFO]   Teacher labels: 706 entries out of 55866 bars (1.3%)
2026-03-26 10:57:20,855 [INFO]   Teacher labels: 1357 entries out of 55829 bars (2.4%)
2026-03-26 10:57:24,140 [INFO]   Teacher labels: 735 entries out of 55841 bars (1.3%)
2026-03-26 10:57:29,520 [INFO]   Teacher labels: 624 entries out of 55552 bars (1.1%)
2026-03-26 10:58:09,211 [INFO]   Teacher labels: 933 entries out of 55502 bars (1.7%)
2026-03-26 10:58:09,231 [INFO]   Progress: 260/336 (77%)
2026-03-26 10:58:33,534 [INFO]   Teacher labels: 417 entries out of 55867 bars (0.7%)
2026-03-26 10:58:36,469 [INFO]   Teacher labels: 637 entries out of 55876 bars (1.1%)
2026-03-26 10:58:46,587 [INFO]   Teacher labels: 224 entries out of 55853 bars (0.4%)
2026-03-26 10:59:33,441 [INFO]   Teacher labels: 658 entries out of 55874 bars (1.2%)
2026-03-26 10:59:43,427 [INFO]   Teacher labels: 506 entries out of 55847 bars (0.9%)
2026-03-26 10:59:57,310 [INFO]   Teacher labels: 620 entries out of 55877 bars (1.1%)
2026-03-26 10:59:59,552 [INFO]   Teacher labels: 977 entries out of 55772 bars (1.8%)
2026-03-26 11:00:55,938 [INFO]   Teacher labels: 543 entries out of 55855 bars (1.0%)
2026-03-26 11:01:01,561 [INFO]   Teacher labels: 1215 entries out of 55807 bars (2.2%)
2026-03-26 11:01:03,872 [INFO]   Teacher labels: 367 entries out of 55848 bars (0.7%)
2026-03-26 11:01:18,635 [INFO]   Teacher labels: 936 entries out of 55697 bars (1.7%)
2026-03-26 11:02:08,655 [INFO]   Teacher labels: 845 entries out of 55763 bars (1.5%)
2026-03-26 11:02:12,352 [INFO]   Teacher labels: 536 entries out of 55844 bars (1.0%)
2026-03-26 11:02:17,114 [INFO]   Teacher labels: 1109 entries out of 55721 bars (2.0%)
2026-03-26 11:02:34,606 [INFO]   Teacher labels: 887 entries out of 55596 bars (1.6%)
2026-03-26 11:03:08,921 [INFO]   Teacher labels: 1066 entries out of 55863 bars (1.9%)
2026-03-26 11:03:09,995 [INFO]   Teacher labels: 393 entries out of 55743 bars (0.7%)
2026-03-26 11:03:27,995 [INFO]   Teacher labels: 283 entries out of 55867 bars (0.5%)
2026-03-26 11:03:56,304 [INFO]   Teacher labels: 689 entries out of 55834 bars (1.2%)
2026-03-26 11:04:23,728 [INFO]   Teacher labels: 690 entries out of 55864 bars (1.2%)
2026-03-26 11:04:23,747 [INFO]   Progress: 280/336 (83%)
2026-03-26 11:04:35,695 [INFO]   Teacher labels: 1138 entries out of 55368 bars (2.1%)
2026-03-26 11:04:36,749 [INFO]   Teacher labels: 702 entries out of 55475 bars (1.3%)
2026-03-26 11:05:08,838 [INFO]   Teacher labels: 1629 entries out of 55523 bars (2.9%)
2026-03-26 11:05:43,398 [INFO]   Teacher labels: 891 entries out of 55534 bars (1.6%)
2026-03-26 11:05:54,252 [INFO]   Teacher labels: 447 entries out of 55253 bars (0.8%)
2026-03-26 11:06:06,904 [INFO]   Teacher labels: 855 entries out of 55491 bars (1.5%)
2026-03-26 11:06:23,065 [INFO]   Teacher labels: 1660 entries out of 55508 bars (3.0%)
2026-03-26 11:07:00,463 [INFO]   Teacher labels: 725 entries out of 55531 bars (1.3%)
2026-03-26 11:07:16,139 [INFO]   Teacher labels: 983 entries out of 55196 bars (1.8%)
2026-03-26 11:07:26,421 [INFO]   Teacher labels: 675 entries out of 55540 bars (1.2%)
2026-03-26 11:07:58,874 [INFO]   Teacher labels: 627 entries out of 55506 bars (1.1%)
2026-03-26 11:08:34,375 [INFO]   Teacher labels: 508 entries out of 55539 bars (0.9%)
2026-03-26 11:08:45,512 [INFO]   Teacher labels: 1136 entries out of 55513 bars (2.0%)
2026-03-26 11:08:46,061 [INFO]   Teacher labels: 657 entries out of 55446 bars (1.2%)
2026-03-26 11:09:06,589 [INFO]   Teacher labels: 677 entries out of 55541 bars (1.2%)
2026-03-26 11:09:40,354 [INFO]   Teacher labels: 579 entries out of 55472 bars (1.0%)
2026-03-26 11:09:53,475 [INFO]   Teacher labels: 459 entries out of 55517 bars (0.8%)
2026-03-26 11:10:13,493 [INFO]   Teacher labels: 612 entries out of 55372 bars (1.1%)
2026-03-26 11:10:25,257 [INFO]   Teacher labels: 1272 entries out of 55517 bars (2.3%)
2026-03-26 11:10:53,494 [INFO]   Teacher labels: 670 entries out of 55388 bars (1.2%)
2026-03-26 11:10:53,512 [INFO]   Progress: 300/336 (89%)
2026-03-26 11:10:55,974 [INFO]   Teacher labels: 447 entries out of 55503 bars (0.8%)
2026-03-26 11:11:26,806 [INFO]   Teacher labels: 788 entries out of 55448 bars (1.4%)
2026-03-26 11:11:44,463 [INFO]   Teacher labels: 1078 entries out of 55291 bars (1.9%)
2026-03-26 11:11:59,194 [INFO]   Teacher labels: 702 entries out of 55525 bars (1.3%)
2026-03-26 11:12:01,765 [INFO]   Teacher labels: 1515 entries out of 55409 bars (2.7%)
2026-03-26 11:12:51,072 [INFO]   Teacher labels: 328 entries out of 55502 bars (0.6%)
2026-03-26 11:12:53,914 [INFO]   Teacher labels: 811 entries out of 55528 bars (1.5%)
2026-03-26 11:13:05,888 [INFO]   Teacher labels: 1124 entries out of 55528 bars (2.0%)
2026-03-26 11:13:30,288 [INFO]   Teacher labels: 1337 entries out of 53563 bars (2.5%)
2026-03-26 11:13:52,671 [INFO]   Teacher labels: 1299 entries out of 53565 bars (2.4%)
2026-03-26 11:14:01,279 [INFO]   Teacher labels: 1858 entries out of 53603 bars (3.5%)
2026-03-26 11:14:35,707 [INFO]   Teacher labels: 1668 entries out of 53597 bars (3.1%)
2026-03-26 11:14:43,678 [INFO]   Teacher labels: 727 entries out of 53592 bars (1.4%)
2026-03-26 11:14:59,966 [INFO]   Teacher labels: 877 entries out of 53592 bars (1.6%)
2026-03-26 11:15:07,584 [INFO]   Teacher labels: 563 entries out of 53477 bars (1.1%)
2026-03-26 11:15:49,476 [INFO]   Teacher labels: 1461 entries out of 53602 bars (2.7%)
2026-03-26 11:15:50,168 [INFO]   Teacher labels: 595 entries out of 53496 bars (1.1%)
2026-03-26 11:16:12,060 [INFO]   Teacher labels: 441 entries out of 53595 bars (0.8%)
2026-03-26 11:16:33,813 [INFO]   Teacher labels: 533 entries out of 53548 bars (1.0%)
2026-03-26 11:17:06,102 [INFO]   Teacher labels: 547 entries out of 53582 bars (1.0%)
2026-03-26 11:17:06,123 [INFO]   Progress: 320/336 (95%)
2026-03-26 11:17:24,211 [INFO]   Teacher labels: 365 entries out of 53603 bars (0.7%)
2026-03-26 11:17:25,933 [INFO]   Teacher labels: 707 entries out of 53584 bars (1.3%)
2026-03-26 11:17:33,502 [INFO]   Teacher labels: 644 entries out of 53602 bars (1.2%)
2026-03-26 11:18:14,516 [INFO]   Teacher labels: 1383 entries out of 53586 bars (2.6%)
2026-03-26 11:18:32,252 [INFO]   Teacher labels: 802 entries out of 53596 bars (1.5%)
2026-03-26 11:18:39,883 [INFO]   Teacher labels: 806 entries out of 53549 bars (1.5%)
2026-03-26 11:18:41,411 [INFO]   Teacher labels: 901 entries out of 53603 bars (1.7%)
2026-03-26 11:19:21,491 [INFO]   Teacher labels: 576 entries out of 53555 bars (1.1%)
2026-03-26 11:19:29,188 [INFO]   Teacher labels: 566 entries out of 53581 bars (1.1%)
2026-03-26 11:19:44,269 [INFO]   Teacher labels: 213 entries out of 53574 bars (0.4%)
2026-03-26 11:19:50,464 [INFO]   Teacher labels: 336 entries out of 53555 bars (0.6%)
2026-03-26 11:20:20,658 [INFO]   Teacher labels: 710 entries out of 53568 bars (1.3%)
2026-03-26 11:20:29,616 [INFO]   Teacher labels: 724 entries out of 53593 bars (1.4%)
2026-03-26 11:20:52,537 [INFO]   Teacher labels: 802 entries out of 53581 bars (1.5%)
2026-03-26 11:21:01,606 [INFO]   Teacher labels: 448 entries out of 53592 bars (0.8%)
2026-03-26 11:21:21,043 [INFO]   Teacher labels: 977 entries out of 53588 bars (1.8%)
2026-03-26 11:21:21,062 [INFO]   Progress: 336/336 (100%)
2026-03-26 11:21:21,677 [INFO]   Window 0: 523040 samples, 19178 entries (3.7%)
2026-03-26 11:21:21,816 [INFO]   Window 1: 522850 samples, 21886 entries (4.2%)
2026-03-26 11:21:21,940 [INFO]   Window 2: 514654 samples, 21260 entries (4.1%)
2026-03-26 11:21:22,059 [INFO]   Window 3: 515977 samples, 21121 entries (4.1%)
2026-03-26 11:21:22,180 [INFO]   Window 4: 521988 samples, 22546 entries (4.3%)
2026-03-26 11:21:22,303 [INFO]   Window 5: 531171 samples, 29924 entries (5.6%)
2026-03-26 11:21:22,441 [INFO]   Window 6: 522353 samples, 26511 entries (5.1%)
2026-03-26 11:21:22,561 [INFO]   Window 7: 508792 samples, 24072 entries (4.7%)
2026-03-26 11:21:22,681 [INFO]   Window 8: 522392 samples, 34019 entries (6.5%)
2026-03-26 11:21:22,818 [INFO]   Window 9: 531720 samples, 19993 entries (3.8%)
2026-03-26 11:21:22,942 [INFO]   Window 10: 522993 samples, 23695 entries (4.5%)
2026-03-26 11:21:23,068 [INFO]   Window 11: 476663 samples, 22866 entries (4.8%)
2026-03-26 11:21:27,823 [INFO] ═══ FOREX SUMMARY ═══
2026-03-26 11:21:27,823 [INFO]   Total samples: 6214593
2026-03-26 11:21:27,823 [INFO]   Total entries:  287071 (4.6%)
2026-03-26 11:21:27,826 [INFO]   Long entries:   161070
2026-03-26 11:21:27,829 [INFO]   Short entries:  126001
2026-03-26 11:21:27,832 [INFO]   Win:  120928
2026-03-26 11:21:27,834 [INFO]   Loss: 28273
2026-03-26 11:21:27,837 [INFO]   BE:   137870
2026-03-26 11:21:28,010 [INFO]   Avg Win RR:  1.06
2026-03-26 11:21:28,010 [INFO]   Avg Loss RR: -0.88
2026-03-26 11:21:28,010 [INFO]   Win Rate:    81.1%
2026-03-26 11:21:28,186 [INFO]   Per-symbol breakdown (top 10):
         entries  wins    avg_rr
symbol                          
CAD_JPY    15350  7088  0.430602
NZD_JPY    14808  7384  0.491319
AUD_USD    14542  6785  0.423640
NZD_USD    13767  6217  0.430161
GBP_JPY    13262  6306  0.467534
USD_JPY    12918  6239  0.484017
AUD_JPY    12114  6131  0.517502
CHF_JPY    11411  5197  0.445320
AUD_CHF    10498  4647  0.446892
USD_CHF    10359  4278  0.411085
2026-03-26 11:21:28,186 [INFO]   Saved: data/rl_training/forex_samples.parquet
2026-03-26 11:21:28,209 [INFO] ═══ GENERATING RL DATA: COMMODITIES ═══
2026-03-26 11:21:28,210 [INFO]   4 instruments, 12 windows, 4 workers
2026-03-26 11:21:28,214 [INFO]   Total work items: 48 (parallel with 4 workers)
2026-03-26 11:21:56,835 [INFO]   Teacher labels: 3113 entries out of 33632 bars (9.3%)
2026-03-26 11:21:57,075 [INFO]   Teacher labels: 3160 entries out of 35196 bars (9.0%)
2026-03-26 11:21:57,616 [INFO]   Teacher labels: 3152 entries out of 35185 bars (9.0%)
2026-03-26 11:22:01,609 [INFO]   Teacher labels: 2446 entries out of 35210 bars (6.9%)
2026-03-26 11:22:39,787 [INFO]   Teacher labels: 2165 entries out of 53040 bars (4.1%)
2026-03-26 11:22:41,050 [INFO]   Teacher labels: 3942 entries out of 50676 bars (7.8%)
2026-03-26 11:22:42,134 [INFO]   Teacher labels: 4337 entries out of 53065 bars (8.2%)
2026-03-26 11:22:50,211 [INFO]   Teacher labels: 1744 entries out of 53090 bars (3.3%)
2026-03-26 11:23:22,098 [INFO]   Teacher labels: 3593 entries out of 50331 bars (7.1%)
2026-03-26 11:23:24,094 [INFO]   Teacher labels: 2915 entries out of 52671 bars (5.5%)
2026-03-26 11:23:25,756 [INFO]   Teacher labels: 3517 entries out of 52757 bars (6.7%)
2026-03-26 11:23:38,830 [INFO]   Teacher labels: 2615 entries out of 52778 bars (5.0%)
2026-03-26 11:24:04,046 [INFO]   Teacher labels: 3183 entries out of 49989 bars (6.4%)
2026-03-26 11:24:07,704 [INFO]   Teacher labels: 2995 entries out of 52193 bars (5.7%)
2026-03-26 11:24:09,044 [INFO]   Teacher labels: 3276 entries out of 52250 bars (6.3%)
2026-03-26 11:24:29,518 [INFO]   Teacher labels: 1849 entries out of 52281 bars (3.5%)
2026-03-26 11:24:46,786 [INFO]   Teacher labels: 2405 entries out of 49908 bars (4.8%)
2026-03-26 11:24:51,492 [INFO]   Teacher labels: 2425 entries out of 52165 bars (4.6%)
2026-03-26 11:24:56,492 [INFO]   Teacher labels: 3812 entries out of 52148 bars (7.3%)
2026-03-26 11:25:29,069 [INFO]   Teacher labels: 2988 entries out of 50712 bars (5.9%)
2026-03-26 11:25:29,087 [INFO]   Progress: 20/48 (42%)
2026-03-26 11:25:32,724 [INFO]   Teacher labels: 2597 entries out of 52216 bars (5.0%)
2026-03-26 11:25:35,168 [INFO]   Teacher labels: 2689 entries out of 52962 bars (5.1%)
2026-03-26 11:25:46,879 [INFO]   Teacher labels: 2509 entries out of 53055 bars (4.7%)
2026-03-26 11:26:14,929 [INFO]   Teacher labels: 2434 entries out of 50535 bars (4.8%)
2026-03-26 11:26:19,160 [INFO]   Teacher labels: 3281 entries out of 52898 bars (6.2%)
2026-03-26 11:26:27,623 [INFO]   Teacher labels: 2142 entries out of 52991 bars (4.0%)
2026-03-26 11:26:31,345 [INFO]   Teacher labels: 2383 entries out of 53066 bars (4.5%)
2026-03-26 11:27:03,440 [INFO]   Teacher labels: 2457 entries out of 49903 bars (4.9%)
2026-03-26 11:27:04,634 [INFO]   Teacher labels: 1938 entries out of 52993 bars (3.7%)
2026-03-26 11:27:10,382 [INFO]   Teacher labels: 2787 entries out of 52160 bars (5.3%)
2026-03-26 11:27:15,457 [INFO]   Teacher labels: 3669 entries out of 52253 bars (7.0%)
2026-03-26 11:27:46,959 [INFO]   Teacher labels: 3627 entries out of 49848 bars (7.3%)
2026-03-26 11:27:53,863 [INFO]   Teacher labels: 3485 entries out of 52165 bars (6.7%)
2026-03-26 11:27:55,488 [INFO]   Teacher labels: 2614 entries out of 52223 bars (5.0%)
2026-03-26 11:28:00,935 [INFO]   Teacher labels: 3413 entries out of 52255 bars (6.5%)
2026-03-26 11:28:37,758 [INFO]   Teacher labels: 3063 entries out of 50640 bars (6.0%)
2026-03-26 11:28:39,237 [INFO]   Teacher labels: 2341 entries out of 52224 bars (4.5%)
2026-03-26 11:28:41,388 [INFO]   Teacher labels: 3397 entries out of 52988 bars (6.4%)
2026-03-26 11:28:48,009 [INFO]   Teacher labels: 3747 entries out of 53079 bars (7.1%)
2026-03-26 11:29:20,980 [INFO]   Teacher labels: 3099 entries out of 50205 bars (6.2%)
2026-03-26 11:29:20,997 [INFO]   Progress: 40/48 (83%)
2026-03-26 11:29:24,594 [INFO]   Teacher labels: 3786 entries out of 52524 bars (7.2%)
2026-03-26 11:29:39,434 [INFO]   Teacher labels: 2996 entries out of 53082 bars (5.6%)
2026-03-26 11:29:42,847 [INFO]   Teacher labels: 4815 entries out of 52674 bars (9.1%)
2026-03-26 11:30:04,595 [INFO]   Teacher labels: 4375 entries out of 48838 bars (9.0%)
2026-03-26 11:30:17,543 [INFO]   Teacher labels: 3597 entries out of 52742 bars (6.8%)
2026-03-26 11:30:21,072 [INFO]   Teacher labels: 4015 entries out of 50972 bars (7.9%)
2026-03-26 11:30:35,578 [INFO]   Teacher labels: 3239 entries out of 51115 bars (6.3%)
2026-03-26 11:31:02,991 [INFO]   Teacher labels: 2682 entries out of 51184 bars (5.2%)
2026-03-26 11:31:03,006 [INFO]   Progress: 48/48 (100%)
2026-03-26 11:31:03,195 [INFO]   Window 0: 69555 samples, 11871 entries (17.1%)
2026-03-26 11:31:03,209 [INFO]   Window 1: 70648 samples, 12188 entries (17.3%)
2026-03-26 11:31:03,218 [INFO]   Window 2: 69517 samples, 12640 entries (18.2%)
2026-03-26 11:31:03,227 [INFO]   Window 3: 68668 samples, 11303 entries (16.5%)
2026-03-26 11:31:03,236 [INFO]   Window 4: 70527 samples, 11239 entries (15.9%)
2026-03-26 11:31:03,245 [INFO]   Window 5: 71735 samples, 10569 entries (14.7%)
2026-03-26 11:31:03,254 [INFO]   Window 6: 70427 samples, 9795 entries (13.9%)
2026-03-26 11:31:03,263 [INFO]   Window 7: 68618 samples, 12326 entries (18.0%)
2026-03-26 11:31:03,272 [INFO]   Window 8: 69600 samples, 12067 entries (17.3%)
2026-03-26 11:31:03,281 [INFO]   Window 9: 71615 samples, 13203 entries (18.4%)
2026-03-26 11:31:03,289 [INFO]   Window 10: 70205 samples, 15297 entries (21.8%)
2026-03-26 11:31:03,298 [INFO]   Window 11: 64375 samples, 14311 entries (22.2%)
2026-03-26 11:31:04,077 [INFO] ═══ COMMODITIES SUMMARY ═══
2026-03-26 11:31:04,077 [INFO]   Total samples: 835490
2026-03-26 11:31:04,077 [INFO]   Total entries:  146809 (17.6%)
2026-03-26 11:31:04,077 [INFO]   Long entries:   96960
2026-03-26 11:31:04,078 [INFO]   Short entries:  49849
2026-03-26 11:31:04,078 [INFO]   Win:  57779
2026-03-26 11:31:04,079 [INFO]   Loss: 62734
2026-03-26 11:31:04,079 [INFO]   BE:   26296
2026-03-26 11:31:04,115 [INFO]   Avg Win RR:  2.69
2026-03-26 11:31:04,115 [INFO]   Avg Loss RR: -1.00
2026-03-26 11:31:04,115 [INFO]   Win Rate:    47.9%
2026-03-26 11:31:04,161 [INFO]   Per-symbol breakdown (top 10):
           entries   wins    avg_rr
symbol                             
WTICO_USD    40155  14250  0.600013
BCO_USD      38279  14060  0.618518
XAG_USD      37774  14353  0.653814
XAU_USD      30601  15116  0.719865
2026-03-26 11:31:04,161 [INFO]   Saved: data/rl_training/commodities_samples.parquet
2026-03-26 11:31:04,182 [INFO] ═══ TOTAL ═══
2026-03-26 11:31:04,183 [INFO]   Samples: 7050083
2026-03-26 11:31:04,183 [INFO]   Entries:  433880 (6.15%)
