2026-03-26 07:29:18,494 [INFO] ═══ GENERATING RL DATA: CRYPTO ═══
2026-03-26 07:29:18,497 [INFO]   30 instruments, 12 windows, 4 workers
2026-03-26 07:29:18,497 [INFO]   Total work items: 360 (parallel with 4 workers)
[1;33mThank you for using SmartMoneyConcepts! ⭐ Please show your support by giving a star on the GitHub repository: [4;34mhttps://github.com/joshyattridge/smart-money-concepts[0m
2026-03-26 07:29:28,174 [INFO]   Teacher labels: 0 entries out of 16219 bars (0.0%)
2026-03-26 07:30:07,367 [INFO]   Teacher labels: 4816 entries out of 52129 bars (9.2%)
2026-03-26 07:30:11,673 [INFO]   Teacher labels: 3755 entries out of 52129 bars (7.2%)
2026-03-26 07:30:15,454 [INFO]   Teacher labels: 3336 entries out of 52129 bars (6.4%)
2026-03-26 07:30:15,501 [INFO]   Teacher labels: 4050 entries out of 52129 bars (7.8%)
2026-03-26 07:30:44,259 [INFO]   Teacher labels: 3879 entries out of 39427 bars (9.8%)
2026-03-26 07:31:02,977 [INFO]   Teacher labels: 4539 entries out of 52129 bars (8.7%)
2026-03-26 07:31:03,441 [INFO]   Teacher labels: 4786 entries out of 52129 bars (9.2%)
2026-03-26 07:31:07,646 [INFO]   Teacher labels: 4174 entries out of 52129 bars (8.0%)
2026-03-26 07:31:27,274 [INFO]   Teacher labels: 3844 entries out of 52129 bars (7.4%)
2026-03-26 07:31:35,774 [INFO]   Teacher labels: 5871 entries out of 36979 bars (15.9%)
2026-03-26 07:31:49,013 [INFO]   Teacher labels: 4785 entries out of 52129 bars (9.2%)
2026-03-26 07:31:49,726 [INFO]   Teacher labels: 2974 entries out of 52129 bars (5.7%)
2026-03-26 07:32:01,482 [INFO]   Teacher labels: 0 entries out of 18289 bars (0.0%)
2026-03-26 07:32:03,360 [INFO]   Teacher labels: 2708 entries out of 16801 bars (16.1%)
2026-03-26 07:32:11,161 [INFO]   Teacher labels: 4628 entries out of 52129 bars (8.9%)
2026-03-26 07:32:22,529 [INFO]   Teacher labels: 4949 entries out of 52129 bars (9.5%)
2026-03-26 07:32:49,658 [INFO]   Teacher labels: 4324 entries out of 52129 bars (8.3%)
2026-03-26 07:32:51,291 [INFO]   Teacher labels: 4433 entries out of 52129 bars (8.5%)
2026-03-26 07:32:59,204 [INFO]   Teacher labels: 4871 entries out of 52129 bars (9.3%)
2026-03-26 07:32:59,224 [INFO]   Progress: 20/360 (6%)
2026-03-26 07:33:12,319 [INFO]   Teacher labels: 1685 entries out of 28621 bars (5.9%)
2026-03-26 07:33:12,417 [WARNING]   AIUSDT: Not enough 5m data — skipping
2026-03-26 07:33:13,141 [INFO]   Teacher labels: 4636 entries out of 52129 bars (8.9%)
2026-03-26 07:33:26,508 [INFO]   Teacher labels: 2093 entries out of 15931 bars (13.1%)
2026-03-26 07:33:37,375 [INFO]   Teacher labels: 3995 entries out of 47491 bars (8.4%)
2026-03-26 07:33:42,555 [INFO]   Teacher labels: 5027 entries out of 52129 bars (9.6%)
2026-03-26 07:33:57,090 [INFO]   Teacher labels: 3342 entries out of 52129 bars (6.4%)
2026-03-26 07:34:18,622 [INFO]   Teacher labels: 4231 entries out of 52129 bars (8.1%)
2026-03-26 07:34:22,093 [INFO]   Teacher labels: 4280 entries out of 52129 bars (8.2%)
2026-03-26 07:34:33,299 [INFO]   Teacher labels: 4417 entries out of 42715 bars (10.3%)
2026-03-26 07:34:34,189 [INFO]   Teacher labels: 3890 entries out of 52129 bars (7.5%)
2026-03-26 07:35:42,708 [INFO]   Teacher labels: 3371 entries out of 78337 bars (4.3%)
2026-03-26 07:35:43,681 [INFO]   Teacher labels: 4210 entries out of 78337 bars (5.4%)
2026-03-26 07:35:47,080 [INFO]   Teacher labels: 2684 entries out of 78337 bars (3.4%)
2026-03-26 07:35:50,033 [INFO]   Teacher labels: 4663 entries out of 78337 bars (6.0%)
2026-03-26 07:36:47,904 [INFO]   Teacher labels: 5231 entries out of 65923 bars (7.9%)
2026-03-26 07:36:56,441 [INFO]   Teacher labels: 3623 entries out of 78337 bars (4.6%)
2026-03-26 07:37:01,470 [INFO]   Teacher labels: 3937 entries out of 78337 bars (5.0%)
2026-03-26 07:37:09,742 [INFO]   Teacher labels: 3248 entries out of 78337 bars (4.1%)
2026-03-26 07:37:49,951 [INFO]   Teacher labels: 3656 entries out of 78337 bars (4.7%)
2026-03-26 07:37:49,977 [INFO]   Progress: 40/360 (11%)
2026-03-26 07:37:56,173 [INFO]   Teacher labels: 5264 entries out of 63475 bars (8.3%)
2026-03-26 07:38:08,747 [INFO]   Teacher labels: 4582 entries out of 78337 bars (5.8%)
2026-03-26 07:38:18,523 [INFO]   Teacher labels: 3773 entries out of 78337 bars (4.8%)
2026-03-26 07:38:49,531 [INFO]   Teacher labels: 4592 entries out of 43297 bars (10.6%)
2026-03-26 07:38:57,450 [INFO]   Teacher labels: 4277 entries out of 78337 bars (5.5%)
2026-03-26 07:39:02,291 [INFO]   Teacher labels: 5606 entries out of 44785 bars (12.5%)
2026-03-26 07:39:06,220 [INFO]   Teacher labels: 4564 entries out of 78337 bars (5.8%)
2026-03-26 07:40:09,831 [INFO]   Teacher labels: 4104 entries out of 78337 bars (5.2%)
2026-03-26 07:40:13,766 [INFO]   Teacher labels: 5044 entries out of 78337 bars (6.4%)
2026-03-26 07:40:18,459 [INFO]   Teacher labels: 3873 entries out of 78337 bars (4.9%)
2026-03-26 07:40:25,524 [INFO]   Teacher labels: 5173 entries out of 78337 bars (6.6%)
2026-03-26 07:40:25,621 [WARNING]   AIUSDT: Not enough 5m data — skipping
2026-03-26 07:41:04,758 [INFO]   Teacher labels: 4409 entries out of 55117 bars (8.0%)
2026-03-26 07:41:26,988 [INFO]   Teacher labels: 4879 entries out of 73987 bars (6.6%)
2026-03-26 07:41:37,623 [INFO]   Teacher labels: 4994 entries out of 78337 bars (6.4%)
2026-03-26 07:41:41,354 [INFO]   Teacher labels: 4840 entries out of 78337 bars (6.2%)
2026-03-26 07:41:43,481 [INFO]   Teacher labels: 4283 entries out of 42427 bars (10.1%)
2026-03-26 07:42:42,364 [INFO]   Teacher labels: 4629 entries out of 69211 bars (6.7%)
2026-03-26 07:42:43,881 [INFO]   Teacher labels: 3397 entries out of 78337 bars (4.3%)
2026-03-26 07:42:48,033 [INFO]   Teacher labels: 3100 entries out of 78337 bars (4.0%)
2026-03-26 07:42:48,058 [INFO]   Progress: 60/360 (17%)
2026-03-26 07:43:01,257 [INFO]   Teacher labels: 4291 entries out of 78337 bars (5.5%)
2026-03-26 07:44:01,034 [INFO]   Teacher labels: 4954 entries out of 78337 bars (6.3%)
2026-03-26 07:44:01,086 [INFO]   Teacher labels: 5378 entries out of 78337 bars (6.9%)
2026-03-26 07:44:02,946 [INFO]   Teacher labels: 5486 entries out of 78337 bars (7.0%)
2026-03-26 07:44:15,653 [INFO]   Teacher labels: 7773 entries out of 78337 bars (9.9%)
2026-03-26 07:45:14,744 [INFO]   Teacher labels: 5617 entries out of 78337 bars (7.2%)
2026-03-26 07:45:14,930 [INFO]   Teacher labels: 5916 entries out of 78337 bars (7.6%)
2026-03-26 07:45:25,260 [INFO]   Teacher labels: 4525 entries out of 78337 bars (5.8%)
2026-03-26 07:45:39,141 [INFO]   Teacher labels: 5515 entries out of 78337 bars (7.0%)
2026-03-26 07:46:22,342 [INFO]   Teacher labels: 4802 entries out of 78337 bars (6.1%)
2026-03-26 07:46:35,901 [INFO]   Teacher labels: 5720 entries out of 78337 bars (7.3%)
2026-03-26 07:46:38,475 [INFO]   Teacher labels: 6231 entries out of 78337 bars (8.0%)
2026-03-26 07:46:46,397 [INFO]   Teacher labels: 5245 entries out of 78337 bars (6.7%)
2026-03-26 07:47:33,719 [INFO]   Teacher labels: 5063 entries out of 78337 bars (6.5%)
2026-03-26 07:47:43,054 [INFO]   Teacher labels: 5998 entries out of 78337 bars (7.7%)
2026-03-26 07:47:48,273 [INFO]   Teacher labels: 5904 entries out of 69793 bars (8.5%)
2026-03-26 07:47:52,483 [INFO]   Teacher labels: 4858 entries out of 71281 bars (6.8%)
2026-03-26 07:48:59,126 [INFO]   Teacher labels: 4576 entries out of 78337 bars (5.8%)
2026-03-26 07:49:00,831 [INFO]   Teacher labels: 5580 entries out of 78337 bars (7.1%)
2026-03-26 07:49:05,633 [INFO]   Teacher labels: 5608 entries out of 78337 bars (7.2%)
2026-03-26 07:49:05,654 [INFO]   Progress: 80/360 (22%)
2026-03-26 07:49:17,103 [INFO]   Teacher labels: 6674 entries out of 78337 bars (8.5%)
2026-03-26 07:49:17,193 [WARNING]   AIUSDT: Not enough 5m data — skipping
2026-03-26 07:50:15,535 [INFO]   Teacher labels: 5335 entries out of 78337 bars (6.8%)
2026-03-26 07:50:17,987 [INFO]   Teacher labels: 6260 entries out of 78337 bars (8.0%)
2026-03-26 07:50:30,221 [INFO]   Teacher labels: 4641 entries out of 78337 bars (5.9%)
2026-03-26 07:50:34,568 [INFO]   Teacher labels: 5221 entries out of 78337 bars (6.7%)
2026-03-26 07:51:16,956 [INFO]   Teacher labels: 4991 entries out of 68923 bars (7.2%)
2026-03-26 07:51:39,837 [INFO]   Teacher labels: 5220 entries out of 78337 bars (6.7%)
2026-03-26 07:51:41,317 [INFO]   Teacher labels: 6135 entries out of 78337 bars (7.8%)
2026-03-26 07:51:53,809 [INFO]   Teacher labels: 5352 entries out of 78337 bars (6.8%)
2026-03-26 07:52:25,580 [INFO]   Teacher labels: 5310 entries out of 78049 bars (6.8%)
2026-03-26 07:52:59,580 [INFO]   Teacher labels: 5825 entries out of 78049 bars (7.5%)
2026-03-26 07:53:11,429 [INFO]   Teacher labels: 5672 entries out of 78049 bars (7.3%)
2026-03-26 07:53:15,855 [INFO]   Teacher labels: 4717 entries out of 78049 bars (6.0%)
2026-03-26 07:53:51,680 [INFO]   Teacher labels: 5570 entries out of 78049 bars (7.1%)
2026-03-26 07:54:08,397 [INFO]   Teacher labels: 4335 entries out of 78049 bars (5.6%)
2026-03-26 07:54:18,146 [INFO]   Teacher labels: 4144 entries out of 78049 bars (5.3%)
2026-03-26 07:54:38,513 [INFO]   Teacher labels: 5442 entries out of 78049 bars (7.0%)
2026-03-26 07:54:55,519 [INFO]   Teacher labels: 5030 entries out of 78049 bars (6.4%)
2026-03-26 07:55:14,926 [INFO]   Teacher labels: 4915 entries out of 78049 bars (6.3%)
2026-03-26 07:55:14,950 [INFO]   Progress: 100/360 (28%)
2026-03-26 07:55:25,623 [INFO]   Teacher labels: 5206 entries out of 78049 bars (6.7%)
2026-03-26 07:55:53,757 [INFO]   Teacher labels: 3840 entries out of 78049 bars (4.9%)
2026-03-26 07:56:05,212 [INFO]   Teacher labels: 3798 entries out of 78049 bars (4.9%)
2026-03-26 07:56:18,093 [INFO]   Teacher labels: 4778 entries out of 78049 bars (6.1%)
2026-03-26 07:56:27,374 [INFO]   Teacher labels: 3873 entries out of 78049 bars (5.0%)
2026-03-26 07:57:03,206 [INFO]   Teacher labels: 6127 entries out of 78049 bars (7.9%)
2026-03-26 07:57:15,667 [INFO]   Teacher labels: 5620 entries out of 78049 bars (7.2%)
2026-03-26 07:57:34,431 [INFO]   Teacher labels: 4365 entries out of 78049 bars (5.6%)
2026-03-26 07:57:38,213 [INFO]   Teacher labels: 4624 entries out of 78049 bars (5.9%)
2026-03-26 07:58:15,624 [INFO]   Teacher labels: 5039 entries out of 78049 bars (6.5%)
2026-03-26 07:58:35,160 [INFO]   Teacher labels: 4555 entries out of 78049 bars (5.8%)
2026-03-26 07:58:40,901 [INFO]   Teacher labels: 5113 entries out of 78049 bars (6.6%)
2026-03-26 07:58:50,568 [INFO]   Teacher labels: 5439 entries out of 78049 bars (7.0%)
2026-03-26 07:58:53,104 [INFO]   Teacher labels: 3455 entries out of 24043 bars (14.4%)
2026-03-26 07:59:25,943 [INFO]   Teacher labels: 5569 entries out of 78049 bars (7.1%)
2026-03-26 07:59:47,109 [INFO]   Teacher labels: 4900 entries out of 78049 bars (6.3%)
2026-03-26 08:00:00,693 [INFO]   Teacher labels: 6579 entries out of 78049 bars (8.4%)
2026-03-26 08:00:13,178 [INFO]   Teacher labels: 5151 entries out of 78049 bars (6.6%)
2026-03-26 08:00:33,310 [INFO]   Teacher labels: 6691 entries out of 78049 bars (8.6%)
2026-03-26 08:01:08,873 [INFO]   Teacher labels: 6218 entries out of 78049 bars (8.0%)
2026-03-26 08:01:08,898 [INFO]   Progress: 120/360 (33%)
2026-03-26 08:01:14,457 [INFO]   Teacher labels: 5397 entries out of 78049 bars (6.9%)
2026-03-26 08:02:02,045 [INFO]   Teacher labels: 2904 entries out of 78049 bars (3.7%)
2026-03-26 08:02:10,581 [INFO]   Teacher labels: 3612 entries out of 78049 bars (4.6%)
2026-03-26 08:02:21,509 [INFO]   Teacher labels: 4679 entries out of 78049 bars (6.0%)
2026-03-26 08:02:47,689 [INFO]   Teacher labels: 4578 entries out of 78049 bars (5.9%)
2026-03-26 08:03:26,245 [INFO]   Teacher labels: 5655 entries out of 78049 bars (7.2%)
2026-03-26 08:03:29,947 [INFO]   Teacher labels: 5344 entries out of 78049 bars (6.8%)
2026-03-26 08:03:54,263 [INFO]   Teacher labels: 3253 entries out of 78049 bars (4.2%)
2026-03-26 08:03:55,637 [INFO]   Teacher labels: 4775 entries out of 78049 bars (6.1%)
2026-03-26 08:04:38,939 [INFO]   Teacher labels: 3076 entries out of 78049 bars (3.9%)
2026-03-26 08:04:45,721 [INFO]   Teacher labels: 4990 entries out of 78049 bars (6.4%)
2026-03-26 08:04:57,628 [INFO]   Teacher labels: 3792 entries out of 78049 bars (4.9%)
2026-03-26 08:05:09,669 [INFO]   Teacher labels: 3844 entries out of 78049 bars (4.9%)
2026-03-26 08:05:44,026 [INFO]   Teacher labels: 3934 entries out of 78049 bars (5.0%)
2026-03-26 08:05:57,639 [INFO]   Teacher labels: 4752 entries out of 78049 bars (6.1%)
2026-03-26 08:06:15,330 [INFO]   Teacher labels: 5720 entries out of 78049 bars (7.3%)
2026-03-26 08:06:23,360 [INFO]   Teacher labels: 6419 entries out of 78049 bars (8.2%)
2026-03-26 08:07:04,210 [INFO]   Teacher labels: 4918 entries out of 78049 bars (6.3%)
2026-03-26 08:07:09,944 [INFO]   Teacher labels: 4222 entries out of 78049 bars (5.4%)
2026-03-26 08:07:43,919 [INFO]   Teacher labels: 5922 entries out of 78049 bars (7.6%)
2026-03-26 08:07:43,942 [INFO]   Progress: 140/360 (39%)
2026-03-26 08:07:48,056 [INFO]   Teacher labels: 5020 entries out of 78049 bars (6.4%)
2026-03-26 08:08:09,475 [INFO]   Teacher labels: 4542 entries out of 78049 bars (5.8%)
2026-03-26 08:08:24,728 [INFO]   Teacher labels: 5189 entries out of 78049 bars (6.6%)
2026-03-26 08:08:31,272 [INFO]   Teacher labels: 5656 entries out of 50251 bars (11.3%)
2026-03-26 08:09:05,888 [INFO]   Teacher labels: 5396 entries out of 78049 bars (6.9%)
2026-03-26 08:09:12,681 [INFO]   Teacher labels: 4066 entries out of 78049 bars (5.2%)
2026-03-26 08:09:40,682 [INFO]   Teacher labels: 4723 entries out of 78049 bars (6.1%)
2026-03-26 08:09:59,128 [INFO]   Teacher labels: 4784 entries out of 78049 bars (6.1%)
2026-03-26 08:10:15,123 [INFO]   Teacher labels: 5601 entries out of 78049 bars (7.2%)
2026-03-26 08:10:34,591 [INFO]   Teacher labels: 4409 entries out of 78049 bars (5.6%)
2026-03-26 08:11:00,809 [INFO]   Teacher labels: 4807 entries out of 78337 bars (6.1%)
2026-03-26 08:11:33,341 [INFO]   Teacher labels: 3949 entries out of 78337 bars (5.0%)
2026-03-26 08:11:36,033 [INFO]   Teacher labels: 3604 entries out of 78337 bars (4.6%)
2026-03-26 08:11:48,372 [INFO]   Teacher labels: 3447 entries out of 78337 bars (4.4%)
2026-03-26 08:12:14,306 [INFO]   Teacher labels: 4779 entries out of 78337 bars (6.1%)
2026-03-26 08:12:42,260 [INFO]   Teacher labels: 4783 entries out of 78337 bars (6.1%)
2026-03-26 08:12:57,706 [INFO]   Teacher labels: 4050 entries out of 78337 bars (5.2%)
2026-03-26 08:13:17,747 [INFO]   Teacher labels: 3707 entries out of 78337 bars (4.7%)
2026-03-26 08:13:35,898 [INFO]   Teacher labels: 3997 entries out of 78337 bars (5.1%)
2026-03-26 08:13:58,610 [INFO]   Teacher labels: 4181 entries out of 78337 bars (5.3%)
2026-03-26 08:13:58,637 [INFO]   Progress: 160/360 (44%)
2026-03-26 08:14:10,114 [INFO]   Teacher labels: 4236 entries out of 78337 bars (5.4%)
2026-03-26 08:14:31,672 [INFO]   Teacher labels: 4541 entries out of 78337 bars (5.8%)
2026-03-26 08:14:41,409 [INFO]   Teacher labels: 4356 entries out of 78337 bars (5.6%)
2026-03-26 08:15:06,091 [INFO]   Teacher labels: 4004 entries out of 78337 bars (5.1%)
2026-03-26 08:15:19,974 [INFO]   Teacher labels: 5068 entries out of 78337 bars (6.5%)
2026-03-26 08:15:48,748 [INFO]   Teacher labels: 5357 entries out of 78337 bars (6.8%)
2026-03-26 08:16:00,671 [INFO]   Teacher labels: 4233 entries out of 78337 bars (5.4%)
2026-03-26 08:16:27,291 [INFO]   Teacher labels: 4417 entries out of 78337 bars (5.6%)
2026-03-26 08:16:28,910 [INFO]   Teacher labels: 4896 entries out of 78337 bars (6.2%)
2026-03-26 08:17:10,790 [INFO]   Teacher labels: 4976 entries out of 78337 bars (6.4%)
2026-03-26 08:17:17,893 [INFO]   Teacher labels: 4310 entries out of 78337 bars (5.5%)
2026-03-26 08:17:44,027 [INFO]   Teacher labels: 4987 entries out of 78337 bars (6.4%)
2026-03-26 08:17:51,221 [INFO]   Teacher labels: 5395 entries out of 78337 bars (6.9%)
2026-03-26 08:18:33,256 [INFO]   Teacher labels: 5674 entries out of 76747 bars (7.4%)
2026-03-26 08:18:33,316 [INFO]   Teacher labels: 5517 entries out of 78337 bars (7.0%)
2026-03-26 08:18:49,145 [INFO]   Teacher labels: 4261 entries out of 78337 bars (5.4%)
2026-03-26 08:19:09,567 [INFO]   Teacher labels: 4584 entries out of 78337 bars (5.9%)
2026-03-26 08:19:41,981 [INFO]   Teacher labels: 4105 entries out of 78337 bars (5.2%)
2026-03-26 08:19:46,408 [INFO]   Teacher labels: 4354 entries out of 78337 bars (5.6%)
2026-03-26 08:20:05,477 [INFO]   Teacher labels: 4860 entries out of 78337 bars (6.2%)
2026-03-26 08:20:05,499 [INFO]   Progress: 180/360 (50%)
2026-03-26 08:20:18,700 [INFO]   Teacher labels: 4934 entries out of 78337 bars (6.3%)
2026-03-26 08:21:00,178 [INFO]   Teacher labels: 5021 entries out of 78337 bars (6.4%)
2026-03-26 08:21:05,572 [INFO]   Teacher labels: 5567 entries out of 78337 bars (7.1%)
2026-03-26 08:21:21,410 [INFO]   Teacher labels: 5211 entries out of 78337 bars (6.7%)
2026-03-26 08:21:25,432 [INFO]   Teacher labels: 4913 entries out of 78337 bars (6.3%)
2026-03-26 08:22:18,166 [INFO]   Teacher labels: 4837 entries out of 78337 bars (6.2%)
2026-03-26 08:22:18,535 [INFO]   Teacher labels: 5609 entries out of 78337 bars (7.2%)
2026-03-26 08:22:36,421 [INFO]   Teacher labels: 5290 entries out of 78337 bars (6.8%)
2026-03-26 08:22:39,116 [INFO]   Teacher labels: 4814 entries out of 78337 bars (6.1%)
2026-03-26 08:23:28,694 [INFO]   Teacher labels: 5912 entries out of 78337 bars (7.5%)
2026-03-26 08:23:32,317 [INFO]   Teacher labels: 5923 entries out of 78337 bars (7.6%)
2026-03-26 08:23:45,476 [INFO]   Teacher labels: 5477 entries out of 78337 bars (7.0%)
2026-03-26 08:23:54,333 [INFO]   Teacher labels: 6680 entries out of 78337 bars (8.5%)
2026-03-26 08:24:39,184 [INFO]   Teacher labels: 5721 entries out of 78337 bars (7.3%)
2026-03-26 08:24:44,357 [INFO]   Teacher labels: 6220 entries out of 78337 bars (7.9%)
2026-03-26 08:25:03,433 [INFO]   Teacher labels: 5653 entries out of 78337 bars (7.2%)
2026-03-26 08:25:19,170 [INFO]   Teacher labels: 6052 entries out of 78337 bars (7.7%)
2026-03-26 08:25:52,201 [INFO]   Teacher labels: 4694 entries out of 78337 bars (6.0%)
2026-03-26 08:26:10,579 [INFO]   Teacher labels: 5152 entries out of 78337 bars (6.6%)
2026-03-26 08:26:13,153 [INFO]   Teacher labels: 5042 entries out of 78337 bars (6.4%)
2026-03-26 08:26:13,177 [INFO]   Progress: 200/360 (56%)
2026-03-26 08:26:38,559 [INFO]   Teacher labels: 5249 entries out of 78337 bars (6.7%)
2026-03-26 08:27:09,454 [INFO]   Teacher labels: 6480 entries out of 78337 bars (8.3%)
2026-03-26 08:27:26,610 [INFO]   Teacher labels: 4823 entries out of 78337 bars (6.2%)
2026-03-26 08:27:35,670 [INFO]   Teacher labels: 5328 entries out of 78337 bars (6.8%)
2026-03-26 08:28:02,256 [INFO]   Teacher labels: 5508 entries out of 78337 bars (7.0%)
2026-03-26 08:28:19,554 [INFO]   Teacher labels: 5768 entries out of 78337 bars (7.4%)
2026-03-26 08:28:30,743 [INFO]   Teacher labels: 3969 entries out of 78337 bars (5.1%)
2026-03-26 08:28:47,769 [INFO]   Teacher labels: 5018 entries out of 78337 bars (6.4%)
2026-03-26 08:29:19,148 [INFO]   Teacher labels: 5978 entries out of 78337 bars (7.6%)
2026-03-26 08:29:35,590 [INFO]   Teacher labels: 3938 entries out of 78337 bars (5.0%)
2026-03-26 08:29:41,858 [INFO]   Teacher labels: 6140 entries out of 77761 bars (7.9%)
2026-03-26 08:30:15,301 [INFO]   Teacher labels: 5331 entries out of 77761 bars (6.9%)
2026-03-26 08:30:31,589 [INFO]   Teacher labels: 5305 entries out of 77761 bars (6.8%)
2026-03-26 08:30:46,184 [INFO]   Teacher labels: 5210 entries out of 77761 bars (6.7%)
2026-03-26 08:30:51,724 [INFO]   Teacher labels: 4517 entries out of 77761 bars (5.8%)
2026-03-26 08:31:24,018 [INFO]   Teacher labels: 5728 entries out of 77761 bars (7.4%)
2026-03-26 08:31:46,943 [INFO]   Teacher labels: 6445 entries out of 77761 bars (8.3%)
2026-03-26 08:31:59,978 [INFO]   Teacher labels: 4817 entries out of 77761 bars (6.2%)
2026-03-26 08:32:04,300 [INFO]   Teacher labels: 5018 entries out of 77761 bars (6.5%)
2026-03-26 08:32:46,866 [INFO]   Teacher labels: 6237 entries out of 77761 bars (8.0%)
2026-03-26 08:32:46,891 [INFO]   Progress: 220/360 (61%)
2026-03-26 08:32:53,761 [INFO]   Teacher labels: 4346 entries out of 77761 bars (5.6%)
2026-03-26 08:33:12,326 [INFO]   Teacher labels: 3973 entries out of 77761 bars (5.1%)
2026-03-26 08:33:17,899 [INFO]   Teacher labels: 3933 entries out of 77761 bars (5.1%)
2026-03-26 08:33:53,104 [INFO]   Teacher labels: 5504 entries out of 77761 bars (7.1%)
2026-03-26 08:34:00,175 [INFO]   Teacher labels: 5155 entries out of 77761 bars (6.6%)
2026-03-26 08:34:31,067 [INFO]   Teacher labels: 6362 entries out of 77761 bars (8.2%)
2026-03-26 08:34:36,071 [INFO]   Teacher labels: 6556 entries out of 77761 bars (8.4%)
2026-03-26 08:35:10,411 [INFO]   Teacher labels: 5089 entries out of 77761 bars (6.5%)
2026-03-26 08:35:11,222 [INFO]   Teacher labels: 6458 entries out of 77761 bars (8.3%)
2026-03-26 08:35:40,185 [INFO]   Teacher labels: 5995 entries out of 77761 bars (7.7%)
2026-03-26 08:35:50,635 [INFO]   Teacher labels: 5979 entries out of 77761 bars (7.7%)
2026-03-26 08:36:20,765 [INFO]   Teacher labels: 5943 entries out of 77761 bars (7.6%)
2026-03-26 08:36:23,449 [INFO]   Teacher labels: 6702 entries out of 77761 bars (8.6%)
2026-03-26 08:36:48,801 [INFO]   Teacher labels: 5408 entries out of 77761 bars (7.0%)
2026-03-26 08:37:00,942 [INFO]   Teacher labels: 7009 entries out of 77761 bars (9.0%)
2026-03-26 08:37:30,633 [INFO]   Teacher labels: 6924 entries out of 77761 bars (8.9%)
2026-03-26 08:37:42,071 [INFO]   Teacher labels: 5617 entries out of 77761 bars (7.2%)
2026-03-26 08:38:00,207 [INFO]   Teacher labels: 5003 entries out of 77761 bars (6.4%)
2026-03-26 08:38:07,720 [INFO]   Teacher labels: 6587 entries out of 77761 bars (8.5%)
2026-03-26 08:38:46,227 [INFO]   Teacher labels: 5690 entries out of 77761 bars (7.3%)
2026-03-26 08:38:46,250 [INFO]   Progress: 240/360 (67%)
2026-03-26 08:38:55,330 [INFO]   Teacher labels: 4660 entries out of 78049 bars (6.0%)
2026-03-26 08:39:23,074 [INFO]   Teacher labels: 4747 entries out of 78049 bars (6.1%)
2026-03-26 08:39:29,695 [INFO]   Teacher labels: 4724 entries out of 78049 bars (6.1%)
2026-03-26 08:39:52,684 [INFO]   Teacher labels: 3598 entries out of 78049 bars (4.6%)
2026-03-26 08:40:12,145 [INFO]   Teacher labels: 4688 entries out of 78049 bars (6.0%)
2026-03-26 08:40:41,526 [INFO]   Teacher labels: 4765 entries out of 78049 bars (6.1%)
2026-03-26 08:40:46,754 [INFO]   Teacher labels: 4913 entries out of 78049 bars (6.3%)
2026-03-26 08:41:08,886 [INFO]   Teacher labels: 3483 entries out of 78049 bars (4.5%)
2026-03-26 08:41:29,561 [INFO]   Teacher labels: 5102 entries out of 78049 bars (6.5%)
2026-03-26 08:42:02,312 [INFO]   Teacher labels: 5099 entries out of 78049 bars (6.5%)
2026-03-26 08:42:13,489 [INFO]   Teacher labels: 4366 entries out of 78049 bars (5.6%)
2026-03-26 08:42:22,451 [INFO]   Teacher labels: 3723 entries out of 78049 bars (4.8%)
2026-03-26 08:42:55,038 [INFO]   Teacher labels: 4393 entries out of 78049 bars (5.6%)
2026-03-26 08:43:14,890 [INFO]   Teacher labels: 4886 entries out of 78049 bars (6.3%)
2026-03-26 08:43:26,329 [INFO]   Teacher labels: 4764 entries out of 78049 bars (6.1%)
2026-03-26 08:43:35,540 [INFO]   Teacher labels: 5914 entries out of 78049 bars (7.6%)
2026-03-26 08:44:12,902 [INFO]   Teacher labels: 5083 entries out of 78049 bars (6.5%)
2026-03-26 08:44:33,611 [INFO]   Teacher labels: 4909 entries out of 78049 bars (6.3%)
2026-03-26 08:44:41,460 [INFO]   Teacher labels: 4653 entries out of 78049 bars (6.0%)
2026-03-26 08:44:48,846 [INFO]   Teacher labels: 4545 entries out of 78049 bars (5.8%)
2026-03-26 08:44:48,873 [INFO]   Progress: 260/360 (72%)
2026-03-26 08:45:28,814 [INFO]   Teacher labels: 4446 entries out of 78049 bars (5.7%)
2026-03-26 08:45:50,328 [INFO]   Teacher labels: 4455 entries out of 78049 bars (5.7%)
2026-03-26 08:45:58,039 [INFO]   Teacher labels: 4661 entries out of 78049 bars (6.0%)
2026-03-26 08:46:04,583 [INFO]   Teacher labels: 4330 entries out of 78049 bars (5.5%)
2026-03-26 08:46:47,226 [INFO]   Teacher labels: 6070 entries out of 78049 bars (7.8%)
2026-03-26 08:47:07,842 [INFO]   Teacher labels: 5133 entries out of 78049 bars (6.6%)
2026-03-26 08:47:11,065 [INFO]   Teacher labels: 5811 entries out of 78049 bars (7.4%)
2026-03-26 08:47:19,428 [INFO]   Teacher labels: 5265 entries out of 78049 bars (6.7%)
2026-03-26 08:47:55,619 [INFO]   Teacher labels: 5179 entries out of 78049 bars (6.6%)
2026-03-26 08:48:25,156 [INFO]   Teacher labels: 5116 entries out of 78049 bars (6.6%)
2026-03-26 08:48:28,154 [INFO]   Teacher labels: 5124 entries out of 78337 bars (6.5%)
2026-03-26 08:48:44,172 [INFO]   Teacher labels: 3416 entries out of 78337 bars (4.4%)
2026-03-26 08:49:19,640 [INFO]   Teacher labels: 5090 entries out of 78337 bars (6.5%)
2026-03-26 08:49:36,533 [INFO]   Teacher labels: 4467 entries out of 78337 bars (5.7%)
2026-03-26 08:49:51,628 [INFO]   Teacher labels: 4971 entries out of 78337 bars (6.3%)
2026-03-26 08:50:08,731 [INFO]   Teacher labels: 4640 entries out of 78337 bars (5.9%)
2026-03-26 08:50:38,203 [INFO]   Teacher labels: 3542 entries out of 78337 bars (4.5%)
2026-03-26 08:51:05,249 [INFO]   Teacher labels: 4634 entries out of 78337 bars (5.9%)
2026-03-26 08:51:07,912 [INFO]   Teacher labels: 6354 entries out of 78337 bars (8.1%)
2026-03-26 08:51:31,949 [INFO]   Teacher labels: 5441 entries out of 78337 bars (6.9%)
2026-03-26 08:51:31,972 [INFO]   Progress: 280/360 (78%)
2026-03-26 08:51:46,499 [INFO]   Teacher labels: 4204 entries out of 78337 bars (5.4%)
2026-03-26 08:52:20,616 [INFO]   Teacher labels: 4928 entries out of 78337 bars (6.3%)
2026-03-26 08:52:22,021 [INFO]   Teacher labels: 5037 entries out of 78337 bars (6.4%)
2026-03-26 08:52:44,435 [INFO]   Teacher labels: 3180 entries out of 78337 bars (4.1%)
2026-03-26 08:53:00,363 [INFO]   Teacher labels: 4781 entries out of 78337 bars (6.1%)
2026-03-26 08:53:32,570 [INFO]   Teacher labels: 4201 entries out of 78337 bars (5.4%)
2026-03-26 08:53:47,793 [INFO]   Teacher labels: 5487 entries out of 78337 bars (7.0%)
2026-03-26 08:53:58,931 [INFO]   Teacher labels: 5326 entries out of 78337 bars (6.8%)
2026-03-26 08:54:18,864 [INFO]   Teacher labels: 4405 entries out of 78337 bars (5.6%)
2026-03-26 08:54:54,190 [INFO]   Teacher labels: 6065 entries out of 78337 bars (7.7%)
2026-03-26 08:55:08,755 [INFO]   Teacher labels: 5419 entries out of 78337 bars (6.9%)
2026-03-26 08:55:18,477 [INFO]   Teacher labels: 4204 entries out of 78337 bars (5.4%)
2026-03-26 08:55:42,356 [INFO]   Teacher labels: 5732 entries out of 78337 bars (7.3%)
2026-03-26 08:56:13,770 [INFO]   Teacher labels: 4892 entries out of 78337 bars (6.2%)
2026-03-26 08:56:29,334 [INFO]   Teacher labels: 4843 entries out of 78337 bars (6.2%)
2026-03-26 08:56:37,452 [INFO]   Teacher labels: 3689 entries out of 78337 bars (4.7%)
2026-03-26 08:57:01,010 [INFO]   Teacher labels: 5559 entries out of 78337 bars (7.1%)
2026-03-26 08:57:20,535 [INFO]   Teacher labels: 4878 entries out of 78337 bars (6.2%)
2026-03-26 08:57:31,326 [INFO]   Teacher labels: 4221 entries out of 78337 bars (5.4%)
2026-03-26 08:57:54,618 [INFO]   Teacher labels: 3798 entries out of 78337 bars (4.8%)
2026-03-26 08:57:54,642 [INFO]   Progress: 300/360 (83%)
2026-03-26 08:58:14,830 [INFO]   Teacher labels: 6014 entries out of 78337 bars (7.7%)
2026-03-26 08:58:51,628 [INFO]   Teacher labels: 5062 entries out of 78337 bars (6.5%)
2026-03-26 08:58:56,513 [INFO]   Teacher labels: 4779 entries out of 78337 bars (6.1%)
2026-03-26 08:59:01,358 [INFO]   Teacher labels: 7023 entries out of 78337 bars (9.0%)
2026-03-26 08:59:34,244 [INFO]   Teacher labels: 6025 entries out of 78337 bars (7.7%)
2026-03-26 08:59:58,160 [INFO]   Teacher labels: 5820 entries out of 78337 bars (7.4%)
2026-03-26 09:00:07,414 [INFO]   Teacher labels: 5748 entries out of 78337 bars (7.3%)
2026-03-26 09:00:42,753 [INFO]   Teacher labels: 3701 entries out of 78337 bars (4.7%)
2026-03-26 09:00:56,321 [INFO]   Teacher labels: 4731 entries out of 78337 bars (6.0%)
2026-03-26 09:01:11,106 [INFO]   Teacher labels: 5968 entries out of 78337 bars (7.6%)
2026-03-26 09:01:15,726 [INFO]   Teacher labels: 5865 entries out of 78337 bars (7.5%)
2026-03-26 09:01:58,447 [INFO]   Teacher labels: 5785 entries out of 78337 bars (7.4%)
2026-03-26 09:02:11,254 [INFO]   Teacher labels: 5194 entries out of 78337 bars (6.6%)
2026-03-26 09:02:20,622 [INFO]   Teacher labels: 5484 entries out of 78337 bars (7.0%)
2026-03-26 09:02:22,945 [INFO]   Teacher labels: 6184 entries out of 78337 bars (7.9%)
2026-03-26 09:03:11,604 [INFO]   Teacher labels: 6180 entries out of 78337 bars (7.9%)
2026-03-26 09:03:23,285 [INFO]   Teacher labels: 6469 entries out of 78337 bars (8.3%)
2026-03-26 09:03:30,479 [INFO]   Teacher labels: 4512 entries out of 78337 bars (5.8%)
2026-03-26 09:03:31,172 [INFO]   Teacher labels: 6121 entries out of 78337 bars (7.8%)
2026-03-26 09:04:16,946 [INFO]   Teacher labels: 4692 entries out of 78337 bars (6.0%)
2026-03-26 09:04:16,970 [INFO]   Progress: 320/360 (89%)
2026-03-26 09:04:35,194 [INFO]   Teacher labels: 5652 entries out of 78337 bars (7.2%)
2026-03-26 09:04:42,527 [INFO]   Teacher labels: 5365 entries out of 78337 bars (6.8%)
2026-03-26 09:04:43,912 [INFO]   Teacher labels: 5741 entries out of 78337 bars (7.3%)
2026-03-26 09:05:33,620 [INFO]   Teacher labels: 6457 entries out of 78337 bars (8.2%)
2026-03-26 09:05:39,945 [INFO]   Teacher labels: 5630 entries out of 78337 bars (7.2%)
2026-03-26 09:05:55,512 [INFO]   Teacher labels: 6337 entries out of 78337 bars (8.1%)
2026-03-26 09:05:55,565 [INFO]   Teacher labels: 5512 entries out of 78337 bars (7.0%)
2026-03-26 09:06:40,420 [INFO]   Teacher labels: 4565 entries out of 78337 bars (5.8%)
2026-03-26 09:06:48,097 [INFO]   Teacher labels: 6446 entries out of 78337 bars (8.2%)
2026-03-26 09:07:03,346 [INFO]   Teacher labels: 4893 entries out of 78337 bars (6.2%)
2026-03-26 09:07:05,257 [INFO]   Teacher labels: 4035 entries out of 76033 bars (5.3%)
2026-03-26 09:07:58,015 [INFO]   Teacher labels: 4025 entries out of 76033 bars (5.3%)
2026-03-26 09:08:06,185 [INFO]   Teacher labels: 3739 entries out of 76033 bars (4.9%)
2026-03-26 09:08:14,687 [INFO]   Teacher labels: 5965 entries out of 76033 bars (7.8%)
2026-03-26 09:08:21,690 [INFO]   Teacher labels: 4628 entries out of 76033 bars (6.1%)
2026-03-26 09:09:03,588 [INFO]   Teacher labels: 3863 entries out of 76033 bars (5.1%)
2026-03-26 09:09:21,265 [INFO]   Teacher labels: 4711 entries out of 76033 bars (6.2%)
2026-03-26 09:09:22,133 [INFO]   Teacher labels: 4710 entries out of 76033 bars (6.2%)
2026-03-26 09:09:46,062 [INFO]   Teacher labels: 5143 entries out of 76033 bars (6.8%)
2026-03-26 09:10:15,536 [INFO]   Teacher labels: 4006 entries out of 76033 bars (5.3%)
2026-03-26 09:10:15,559 [INFO]   Progress: 340/360 (94%)
2026-03-26 09:10:32,188 [INFO]   Teacher labels: 3999 entries out of 76033 bars (5.3%)
2026-03-26 09:10:39,391 [INFO]   Teacher labels: 5177 entries out of 76033 bars (6.8%)
2026-03-26 09:11:02,849 [INFO]   Teacher labels: 4413 entries out of 76033 bars (5.8%)
2026-03-26 09:11:33,070 [INFO]   Teacher labels: 5492 entries out of 76033 bars (7.2%)
2026-03-26 09:11:40,981 [INFO]   Teacher labels: 4395 entries out of 76033 bars (5.8%)
2026-03-26 09:11:55,155 [INFO]   Teacher labels: 4811 entries out of 76033 bars (6.3%)
2026-03-26 09:12:21,374 [INFO]   Teacher labels: 5171 entries out of 76033 bars (6.8%)
2026-03-26 09:12:47,625 [INFO]   Teacher labels: 5135 entries out of 76033 bars (6.8%)
2026-03-26 09:12:47,637 [INFO]   Teacher labels: 4080 entries out of 76033 bars (5.4%)
2026-03-26 09:13:01,214 [INFO]   Teacher labels: 5433 entries out of 76033 bars (7.1%)
2026-03-26 09:13:38,245 [INFO]   Teacher labels: 5189 entries out of 76033 bars (6.8%)
2026-03-26 09:14:03,708 [INFO]   Teacher labels: 5076 entries out of 76033 bars (6.7%)
2026-03-26 09:14:04,552 [INFO]   Teacher labels: 6018 entries out of 76033 bars (7.9%)
2026-03-26 09:14:18,872 [INFO]   Teacher labels: 5630 entries out of 76033 bars (7.4%)
2026-03-26 09:14:43,038 [INFO]   Teacher labels: 5225 entries out of 76033 bars (6.9%)
2026-03-26 09:15:12,943 [INFO]   Teacher labels: 4541 entries out of 76033 bars (6.0%)
2026-03-26 09:15:22,877 [INFO]   Teacher labels: 5625 entries out of 76033 bars (7.4%)
2026-03-26 09:15:35,046 [INFO]   Teacher labels: 4491 entries out of 76033 bars (5.9%)
2026-03-26 09:15:36,565 [INFO]   Teacher labels: 3782 entries out of 76033 bars (5.0%)
2026-03-26 09:16:18,250 [INFO]   Teacher labels: 4871 entries out of 76033 bars (6.4%)
2026-03-26 09:16:18,271 [INFO]   Progress: 360/360 (100%)
2026-03-26 09:16:21,319 [INFO]   Window 0: 722465 samples, 109901 entries (15.2%)
2026-03-26 09:16:21,558 [INFO]   Window 1: 768413 samples, 124085 entries (16.1%)
2026-03-26 09:16:21,781 [INFO]   Window 2: 768413 samples, 159207 entries (20.7%)
2026-03-26 09:16:21,996 [INFO]   Window 3: 784104 samples, 151900 entries (19.4%)
2026-03-26 09:16:22,217 [INFO]   Window 4: 786270 samples, 141172 entries (18.0%)
2026-03-26 09:16:22,442 [INFO]   Window 5: 794910 samples, 135435 entries (17.0%)
2026-03-26 09:16:22,670 [INFO]   Window 6: 794910 samples, 160781 entries (20.2%)
2026-03-26 09:16:22,888 [INFO]   Window 7: 777630 samples, 168981 entries (21.7%)
2026-03-26 09:16:23,106 [INFO]   Window 8: 786270 samples, 143481 entries (18.2%)
2026-03-26 09:16:23,335 [INFO]   Window 9: 794910 samples, 142528 entries (17.9%)
2026-03-26 09:16:23,564 [INFO]   Window 10: 794910 samples, 167955 entries (21.1%)
2026-03-26 09:16:23,790 [INFO]   Window 11: 725790 samples, 143379 entries (19.8%)
2026-03-26 09:16:32,383 [INFO] ═══ CRYPTO SUMMARY ═══
2026-03-26 09:16:32,383 [INFO]   Total samples: 9298995
2026-03-26 09:16:32,383 [INFO]   Total entries:  1748805 (18.8%)
2026-03-26 09:16:32,387 [INFO]   Long entries:   732218
2026-03-26 09:16:32,391 [INFO]   Short entries:  1016587
2026-03-26 09:16:32,396 [INFO]   Win:  636727
2026-03-26 09:16:32,400 [INFO]   Loss: 747601
2026-03-26 09:16:32,404 [INFO]   BE:   364477
2026-03-26 09:16:33,026 [INFO]   Avg Win RR:  3.17
2026-03-26 09:16:33,027 [INFO]   Avg Loss RR: -1.00
2026-03-26 09:16:33,027 [INFO]   Win Rate:    46.0%
2026-03-26 09:16:33,592 [INFO]   Per-symbol breakdown (top 10):
               entries   wins    avg_rr
symbol                                 
SUIUSDT          63723  21892  0.764599
FETUSDT          63156  22495  0.790844
AVAXUSDT         62302  25385  0.931174
APEUSDT          62145  21816  0.687949
ARUSDT           62061  22922  0.868878
BLURUSDT         61360  21234  0.729061
ACHUSDT          60712  21295  0.729421
API3USDT         60703  20158  0.789050
SOLUSDT          60702  22244  0.697357
1000FLOKIUSDT    60394  20877  0.817697
2026-03-26 09:16:33,592 [INFO]   Saved: data/rl_training/crypto_samples.parquet
2026-03-26 09:16:33,624 [INFO] ═══ GENERATING RL DATA: FOREX ═══
2026-03-26 09:16:33,626 [INFO]   0 instruments, 12 windows, 4 workers
2026-03-26 09:16:33,626 [WARNING]   No symbols found for forex — skipping
2026-03-26 09:16:33,626 [INFO] ═══ GENERATING RL DATA: STOCKS ═══
2026-03-26 09:16:33,628 [INFO]   50 instruments, 12 windows, 4 workers
2026-03-26 09:16:33,637 [INFO]   Total work items: 600 (parallel with 4 workers)
2026-03-26 09:16:40,427 [INFO]   Teacher labels: 0 entries out of 9532 bars (0.0%)
2026-03-26 09:16:41,176 [INFO]   Teacher labels: 1269 entries out of 9413 bars (13.5%)
2026-03-26 09:16:42,108 [INFO]   Teacher labels: 1730 entries out of 9567 bars (18.1%)
2026-03-26 09:16:43,167 [INFO]   Teacher labels: 1989 entries out of 9753 bars (20.4%)
2026-03-26 09:16:48,038 [INFO]   Teacher labels: 1666 entries out of 9442 bars (17.6%)
2026-03-26 09:16:49,157 [INFO]   Teacher labels: 1532 entries out of 9735 bars (15.7%)
2026-03-26 09:16:50,129 [INFO]   Teacher labels: 1488 entries out of 9069 bars (16.4%)
2026-03-26 09:16:51,020 [INFO]   Teacher labels: 1737 entries out of 9749 bars (17.8%)
2026-03-26 09:16:55,463 [INFO]   Teacher labels: 0 entries out of 9695 bars (0.0%)
2026-03-26 09:16:55,608 [INFO]   Teacher labels: 1605 entries out of 9163 bars (17.5%)
2026-03-26 09:16:57,226 [INFO]   Teacher labels: 1241 entries out of 9026 bars (13.7%)
2026-03-26 09:16:58,553 [INFO]   Teacher labels: 1419 entries out of 9674 bars (14.7%)
2026-03-26 09:17:02,653 [INFO]   Teacher labels: 1336 entries out of 8740 bars (15.3%)
2026-03-26 09:17:03,796 [INFO]   Teacher labels: 575 entries out of 9687 bars (5.9%)
2026-03-26 09:17:04,637 [INFO]   Teacher labels: 2031 entries out of 9648 bars (21.1%)
2026-03-26 09:17:05,509 [INFO]   Teacher labels: 746 entries out of 9619 bars (7.8%)
2026-03-26 09:17:09,989 [INFO]   Teacher labels: 1041 entries out of 9483 bars (11.0%)
2026-03-26 09:17:11,206 [INFO]   Teacher labels: 990 entries out of 9648 bars (10.3%)
2026-03-26 09:17:12,340 [INFO]   Teacher labels: 1022 entries out of 9739 bars (10.5%)
2026-03-26 09:17:13,423 [INFO]   Teacher labels: 2150 entries out of 9544 bars (22.5%)
2026-03-26 09:17:13,432 [INFO]   Progress: 20/600 (3%)
2026-03-26 09:17:17,309 [INFO]   Teacher labels: 1383 entries out of 9553 bars (14.5%)
2026-03-26 09:17:18,706 [INFO]   Teacher labels: 1159 entries out of 9383 bars (12.4%)
2026-03-26 09:17:19,270 [INFO]   Teacher labels: 1065 entries out of 9711 bars (11.0%)
2026-03-26 09:17:19,585 [INFO]   Teacher labels: 1123 entries out of 8969 bars (12.5%)
2026-03-26 09:17:24,048 [INFO]   Teacher labels: 0 entries out of 9592 bars (0.0%)
2026-03-26 09:17:25,135 [INFO]   Teacher labels: 0 entries out of 9656 bars (0.0%)
2026-03-26 09:17:25,633 [INFO]   Teacher labels: 1140 entries out of 9575 bars (11.9%)
2026-03-26 09:17:26,629 [INFO]   Teacher labels: 1591 entries out of 8863 bars (18.0%)
2026-03-26 09:17:32,158 [INFO]   Teacher labels: 1569 entries out of 9456 bars (16.6%)
2026-03-26 09:17:32,423 [INFO]   Teacher labels: 2061 entries out of 9395 bars (21.9%)
2026-03-26 09:17:32,513 [INFO]   Teacher labels: 794 entries out of 9111 bars (8.7%)
2026-03-26 09:17:35,032 [INFO]   Teacher labels: 1885 entries out of 9724 bars (19.4%)
2026-03-26 09:17:39,446 [INFO]   Teacher labels: 1475 entries out of 9632 bars (15.3%)
2026-03-26 09:17:39,469 [INFO]   Teacher labels: 1055 entries out of 9595 bars (11.0%)
2026-03-26 09:17:40,449 [INFO]   Teacher labels: 1792 entries out of 9697 bars (18.5%)
2026-03-26 09:17:42,302 [INFO]   Teacher labels: 1435 entries out of 9613 bars (14.9%)
2026-03-26 09:17:46,061 [INFO]   Teacher labels: 0 entries out of 9716 bars (0.0%)
2026-03-26 09:17:47,778 [INFO]   Teacher labels: 1945 entries out of 9646 bars (20.2%)
2026-03-26 09:17:47,985 [INFO]   Teacher labels: 1163 entries out of 9265 bars (12.6%)
2026-03-26 09:17:49,506 [INFO]   Teacher labels: 838 entries out of 9501 bars (8.8%)
2026-03-26 09:17:49,516 [INFO]   Progress: 40/600 (7%)
2026-03-26 09:17:53,167 [INFO]   Teacher labels: 1041 entries out of 9305 bars (11.2%)
2026-03-26 09:17:54,719 [INFO]   Teacher labels: 2049 entries out of 8618 bars (23.8%)
2026-03-26 09:17:55,187 [INFO]   Teacher labels: 1305 entries out of 9601 bars (13.6%)
2026-03-26 09:17:57,029 [INFO]   Teacher labels: 1494 entries out of 9906 bars (15.1%)
2026-03-26 09:18:00,539 [INFO]   Teacher labels: 1286 entries out of 9547 bars (13.5%)
2026-03-26 09:18:01,342 [INFO]   Teacher labels: 1019 entries out of 9470 bars (10.8%)
2026-03-26 09:18:03,417 [INFO]   Teacher labels: 1269 entries out of 9689 bars (13.1%)
2026-03-26 09:18:04,165 [INFO]   Teacher labels: 1311 entries out of 9599 bars (13.7%)
2026-03-26 09:18:07,686 [INFO]   Teacher labels: 847 entries out of 9670 bars (8.8%)
2026-03-26 09:18:07,889 [INFO]   Teacher labels: 1188 entries out of 9593 bars (12.4%)
2026-03-26 09:18:14,213 [INFO]   Teacher labels: 979 entries out of 14196 bars (6.9%)
2026-03-26 09:18:14,334 [INFO]   Teacher labels: 634 entries out of 14692 bars (4.3%)
2026-03-26 09:18:18,192 [INFO]   Teacher labels: 1148 entries out of 13643 bars (8.4%)
2026-03-26 09:18:19,226 [INFO]   Teacher labels: 1803 entries out of 14230 bars (12.7%)
2026-03-26 09:18:24,788 [INFO]   Teacher labels: 1297 entries out of 13889 bars (9.3%)
2026-03-26 09:18:26,371 [INFO]   Teacher labels: 1706 entries out of 14630 bars (11.7%)
2026-03-26 09:18:29,367 [INFO]   Teacher labels: 1758 entries out of 13480 bars (13.0%)
2026-03-26 09:18:30,337 [INFO]   Teacher labels: 1099 entries out of 14683 bars (7.5%)
2026-03-26 09:18:35,372 [INFO]   Teacher labels: 1246 entries out of 13318 bars (9.4%)
2026-03-26 09:18:37,247 [INFO]   Teacher labels: 1220 entries out of 14582 bars (8.4%)
2026-03-26 09:18:37,255 [INFO]   Progress: 60/600 (10%)
2026-03-26 09:18:40,556 [INFO]   Teacher labels: 1410 entries out of 13241 bars (10.6%)
2026-03-26 09:18:41,002 [INFO]   Teacher labels: 1146 entries out of 14558 bars (7.9%)
2026-03-26 09:18:44,947 [INFO]   Teacher labels: 1437 entries out of 12482 bars (11.5%)
2026-03-26 09:18:50,224 [INFO]   Teacher labels: 1770 entries out of 14446 bars (12.3%)
2026-03-26 09:18:51,709 [INFO]   Teacher labels: 1540 entries out of 14566 bars (10.6%)
2026-03-26 09:18:52,683 [INFO]   Teacher labels: 1762 entries out of 14428 bars (12.2%)
2026-03-26 09:18:56,355 [INFO]   Teacher labels: 1768 entries out of 14113 bars (12.5%)
2026-03-26 09:19:01,352 [INFO]   Teacher labels: 1373 entries out of 14528 bars (9.5%)
2026-03-26 09:19:03,939 [INFO]   Teacher labels: 1277 entries out of 14637 bars (8.7%)
2026-03-26 09:19:04,113 [INFO]   Teacher labels: 1181 entries out of 14043 bars (8.4%)
2026-03-26 09:19:06,908 [INFO]   Teacher labels: 1463 entries out of 14117 bars (10.4%)
2026-03-26 09:19:12,733 [INFO]   Teacher labels: 1268 entries out of 13885 bars (9.1%)
2026-03-26 09:19:13,999 [INFO]   Teacher labels: 1543 entries out of 13072 bars (11.8%)
2026-03-26 09:19:14,409 [INFO]   Teacher labels: 1612 entries out of 14610 bars (11.0%)
2026-03-26 09:19:17,942 [INFO]   Teacher labels: 992 entries out of 14442 bars (6.9%)
2026-03-26 09:19:22,518 [INFO]   Teacher labels: 1145 entries out of 14396 bars (8.0%)
2026-03-26 09:19:24,348 [INFO]   Teacher labels: 976 entries out of 12754 bars (7.7%)
2026-03-26 09:19:25,242 [INFO]   Teacher labels: 1782 entries out of 14531 bars (12.3%)
2026-03-26 09:19:29,228 [INFO]   Teacher labels: 1065 entries out of 13848 bars (7.7%)
2026-03-26 09:19:32,277 [INFO]   Teacher labels: 1157 entries out of 13884 bars (8.3%)
2026-03-26 09:19:32,288 [INFO]   Progress: 80/600 (13%)
2026-03-26 09:19:35,258 [INFO]   Teacher labels: 1953 entries out of 13437 bars (14.5%)
2026-03-26 09:19:37,327 [INFO]   Teacher labels: 1147 entries out of 14616 bars (7.8%)
2026-03-26 09:19:40,018 [INFO]   Teacher labels: 1689 entries out of 14468 bars (11.7%)
2026-03-26 09:19:43,457 [INFO]   Teacher labels: 1302 entries out of 14577 bars (8.9%)
2026-03-26 09:19:45,513 [INFO]   Teacher labels: 1442 entries out of 14438 bars (10.0%)
2026-03-26 09:19:47,631 [INFO]   Teacher labels: 1271 entries out of 14279 bars (8.9%)
2026-03-26 09:19:51,112 [INFO]   Teacher labels: 540 entries out of 14614 bars (3.7%)
2026-03-26 09:19:55,093 [INFO]   Teacher labels: 973 entries out of 14483 bars (6.7%)
2026-03-26 09:19:56,447 [INFO]   Teacher labels: 1876 entries out of 13896 bars (13.5%)
2026-03-26 09:19:58,481 [INFO]   Teacher labels: 1765 entries out of 14204 bars (12.4%)
2026-03-26 09:20:01,969 [INFO]   Teacher labels: 1557 entries out of 13849 bars (11.2%)
2026-03-26 09:20:05,997 [INFO]   Teacher labels: 1380 entries out of 12882 bars (10.7%)
2026-03-26 09:20:06,407 [INFO]   Teacher labels: 1560 entries out of 14406 bars (10.8%)
2026-03-26 09:20:09,941 [INFO]   Teacher labels: 835 entries out of 14855 bars (5.6%)
2026-03-26 09:20:12,330 [INFO]   Teacher labels: 1354 entries out of 14251 bars (9.5%)
2026-03-26 09:20:16,159 [INFO]   Teacher labels: 1203 entries out of 14012 bars (8.6%)
2026-03-26 09:20:18,270 [INFO]   Teacher labels: 1880 entries out of 14575 bars (12.9%)
2026-03-26 09:20:20,986 [INFO]   Teacher labels: 1503 entries out of 14383 bars (10.4%)
2026-03-26 09:20:23,509 [INFO]   Teacher labels: 1469 entries out of 14296 bars (10.3%)
2026-03-26 09:20:26,570 [INFO]   Teacher labels: 1725 entries out of 14541 bars (11.9%)
2026-03-26 09:20:26,588 [INFO]   Progress: 100/600 (17%)
2026-03-26 09:20:28,923 [INFO]   Teacher labels: 1240 entries out of 14647 bars (8.5%)
2026-03-26 09:20:31,790 [INFO]   Teacher labels: 1144 entries out of 14021 bars (8.2%)
2026-03-26 09:20:34,065 [INFO]   Teacher labels: 794 entries out of 14171 bars (5.6%)
2026-03-26 09:20:38,231 [INFO]   Teacher labels: 1869 entries out of 13218 bars (14.1%)
2026-03-26 09:20:40,137 [INFO]   Teacher labels: 1129 entries out of 13319 bars (8.5%)
2026-03-26 09:20:42,647 [INFO]   Teacher labels: 1467 entries out of 14584 bars (10.1%)
2026-03-26 09:20:44,612 [INFO]   Teacher labels: 1299 entries out of 13165 bars (9.9%)
2026-03-26 09:20:49,671 [INFO]   Teacher labels: 1665 entries out of 14663 bars (11.4%)
2026-03-26 09:20:51,653 [INFO]   Teacher labels: 1289 entries out of 12791 bars (10.1%)
2026-03-26 09:20:54,048 [INFO]   Teacher labels: 1879 entries out of 14545 bars (12.9%)
2026-03-26 09:20:55,427 [INFO]   Teacher labels: 1084 entries out of 12500 bars (8.7%)
2026-03-26 09:21:00,042 [INFO]   Teacher labels: 834 entries out of 14522 bars (5.7%)
2026-03-26 09:21:01,839 [INFO]   Teacher labels: 1320 entries out of 11695 bars (11.3%)
2026-03-26 09:21:05,423 [INFO]   Teacher labels: 1629 entries out of 14266 bars (11.4%)
2026-03-26 09:21:05,821 [INFO]   Teacher labels: 555 entries out of 14532 bars (3.8%)
2026-03-26 09:21:11,226 [INFO]   Teacher labels: 1357 entries out of 14381 bars (9.4%)
2026-03-26 09:21:12,106 [INFO]   Teacher labels: 841 entries out of 14024 bars (6.0%)
2026-03-26 09:21:16,041 [INFO]   Teacher labels: 395 entries out of 13807 bars (2.9%)
2026-03-26 09:21:16,049 [INFO]   Teacher labels: 1324 entries out of 14501 bars (9.1%)
2026-03-26 09:21:21,113 [INFO]   Teacher labels: 887 entries out of 14602 bars (6.1%)
2026-03-26 09:21:21,125 [INFO]   Progress: 120/600 (20%)
2026-03-26 09:21:22,519 [INFO]   Teacher labels: 1482 entries out of 13847 bars (10.7%)
2026-03-26 09:21:26,715 [INFO]   Teacher labels: 1337 entries out of 14556 bars (9.2%)
2026-03-26 09:21:28,384 [INFO]   Teacher labels: 1705 entries out of 13766 bars (12.4%)
2026-03-26 09:21:30,994 [INFO]   Teacher labels: 1479 entries out of 12428 bars (11.9%)
2026-03-26 09:21:34,150 [INFO]   Teacher labels: 1621 entries out of 14341 bars (11.3%)
2026-03-26 09:21:39,162 [INFO]   Teacher labels: 2275 entries out of 14334 bars (15.9%)
2026-03-26 09:21:39,785 [INFO]   Teacher labels: 727 entries out of 14495 bars (5.0%)
2026-03-26 09:21:40,917 [INFO]   Teacher labels: 1705 entries out of 12212 bars (14.0%)
2026-03-26 09:21:45,937 [INFO]   Teacher labels: 1411 entries out of 13460 bars (10.5%)
2026-03-26 09:21:49,588 [INFO]   Teacher labels: 1365 entries out of 13495 bars (10.1%)
2026-03-26 09:21:50,992 [INFO]   Teacher labels: 1960 entries out of 13195 bars (14.9%)
2026-03-26 09:21:52,467 [INFO]   Teacher labels: 1507 entries out of 14554 bars (10.4%)
2026-03-26 09:21:57,378 [INFO]   Teacher labels: 1409 entries out of 14402 bars (9.8%)
2026-03-26 09:22:01,163 [INFO]   Teacher labels: 1835 entries out of 14540 bars (12.6%)
2026-03-26 09:22:01,849 [INFO]   Teacher labels: 945 entries out of 14424 bars (6.6%)
2026-03-26 09:22:03,678 [INFO]   Teacher labels: 1806 entries out of 14046 bars (12.9%)
2026-03-26 09:22:08,263 [INFO]   Teacher labels: 1372 entries out of 14581 bars (9.4%)
2026-03-26 09:22:12,293 [INFO]   Teacher labels: 618 entries out of 13756 bars (4.5%)
2026-03-26 09:22:12,565 [INFO]   Teacher labels: 1300 entries out of 14415 bars (9.0%)
2026-03-26 09:22:14,164 [INFO]   Teacher labels: 1073 entries out of 14067 bars (7.6%)
2026-03-26 09:22:14,174 [INFO]   Progress: 140/600 (23%)
2026-03-26 09:22:18,689 [INFO]   Teacher labels: 1261 entries out of 13688 bars (9.2%)
2026-03-26 09:22:22,214 [INFO]   Teacher labels: 760 entries out of 12893 bars (5.9%)
2026-03-26 09:22:22,973 [INFO]   Teacher labels: 1311 entries out of 14381 bars (9.1%)
2026-03-26 09:22:25,232 [INFO]   Teacher labels: 1015 entries out of 14790 bars (6.9%)
2026-03-26 09:22:29,849 [INFO]   Teacher labels: 1583 entries out of 14161 bars (11.2%)
2026-03-26 09:22:32,673 [INFO]   Teacher labels: 1571 entries out of 13627 bars (11.5%)
2026-03-26 09:22:34,787 [INFO]   Teacher labels: 1085 entries out of 14530 bars (7.5%)
2026-03-26 09:22:36,354 [INFO]   Teacher labels: 1573 entries out of 14300 bars (11.0%)
2026-03-26 09:22:40,421 [INFO]   Teacher labels: 786 entries out of 14224 bars (5.5%)
2026-03-26 09:22:42,736 [INFO]   Teacher labels: 1018 entries out of 14516 bars (7.0%)
2026-03-26 09:22:45,402 [INFO]   Teacher labels: 1101 entries out of 14615 bars (7.5%)
2026-03-26 09:22:48,336 [INFO]   Teacher labels: 1879 entries out of 13947 bars (13.5%)
2026-03-26 09:22:52,307 [INFO]   Teacher labels: 966 entries out of 14111 bars (6.8%)
2026-03-26 09:22:53,186 [INFO]   Teacher labels: 1394 entries out of 12885 bars (10.8%)
2026-03-26 09:22:55,362 [INFO]   Teacher labels: 1291 entries out of 13010 bars (9.9%)
2026-03-26 09:22:58,463 [INFO]   Teacher labels: 1330 entries out of 14532 bars (9.2%)
2026-03-26 09:23:03,131 [INFO]   Teacher labels: 1048 entries out of 13135 bars (8.0%)
2026-03-26 09:23:03,994 [INFO]   Teacher labels: 1779 entries out of 14627 bars (12.2%)
2026-03-26 09:23:04,803 [INFO]   Teacher labels: 937 entries out of 12333 bars (7.6%)
2026-03-26 09:23:09,571 [INFO]   Teacher labels: 1396 entries out of 14494 bars (9.6%)
2026-03-26 09:23:09,582 [INFO]   Progress: 160/600 (27%)
2026-03-26 09:23:13,763 [INFO]   Teacher labels: 799 entries out of 14481 bars (5.5%)
2026-03-26 09:23:14,076 [INFO]   Teacher labels: 1752 entries out of 12006 bars (14.6%)
2026-03-26 09:23:15,150 [INFO]   Teacher labels: 1412 entries out of 11390 bars (12.4%)
2026-03-26 09:23:21,309 [INFO]   Teacher labels: 1532 entries out of 14241 bars (10.8%)
2026-03-26 09:23:23,659 [INFO]   Teacher labels: 564 entries out of 14486 bars (3.9%)
2026-03-26 09:23:24,890 [INFO]   Teacher labels: 1627 entries out of 14342 bars (11.3%)
2026-03-26 09:23:26,353 [INFO]   Teacher labels: 1339 entries out of 13789 bars (9.7%)
2026-03-26 09:23:32,968 [INFO]   Teacher labels: 0 entries out of 13732 bars (0.0%)
2026-03-26 09:23:33,059 [INFO]   Teacher labels: 2393 entries out of 14471 bars (16.5%)
2026-03-26 09:23:35,349 [INFO]   Teacher labels: 1334 entries out of 14549 bars (9.2%)
2026-03-26 09:23:38,249 [INFO]   Teacher labels: 1771 entries out of 13707 bars (12.9%)
2026-03-26 09:23:43,398 [INFO]   Teacher labels: 1048 entries out of 14535 bars (7.2%)
2026-03-26 09:23:45,001 [INFO]   Teacher labels: 1156 entries out of 11631 bars (9.9%)
2026-03-26 09:23:45,175 [INFO]   Teacher labels: 1313 entries out of 13687 bars (9.6%)
2026-03-26 09:23:48,910 [INFO]   Teacher labels: 967 entries out of 14238 bars (6.8%)
2026-03-26 09:23:55,163 [INFO]   Teacher labels: 1602 entries out of 12317 bars (13.0%)
2026-03-26 09:23:56,523 [INFO]   Teacher labels: 2089 entries out of 14278 bars (14.6%)
2026-03-26 09:23:56,992 [INFO]   Teacher labels: 1431 entries out of 14465 bars (9.9%)
2026-03-26 09:24:00,430 [INFO]   Teacher labels: 2096 entries out of 13096 bars (16.0%)
2026-03-26 09:24:06,705 [INFO]   Teacher labels: 1335 entries out of 13244 bars (10.1%)
2026-03-26 09:24:06,718 [INFO]   Progress: 180/600 (30%)
2026-03-26 09:24:07,871 [INFO]   Teacher labels: 992 entries out of 13142 bars (7.5%)
2026-03-26 09:24:07,897 [INFO]   Teacher labels: 1662 entries out of 14493 bars (11.5%)
2026-03-26 09:24:12,354 [INFO]   Teacher labels: 1362 entries out of 14364 bars (9.5%)
2026-03-26 09:24:18,222 [INFO]   Teacher labels: 1678 entries out of 14494 bars (11.6%)
2026-03-26 09:24:18,947 [INFO]   Teacher labels: 1800 entries out of 13811 bars (13.0%)
2026-03-26 09:24:19,857 [INFO]   Teacher labels: 1382 entries out of 14422 bars (9.6%)
2026-03-26 09:24:24,188 [INFO]   Teacher labels: 2352 entries out of 14537 bars (16.2%)
2026-03-26 09:24:29,218 [INFO]   Teacher labels: 1619 entries out of 14357 bars (11.3%)
2026-03-26 09:24:30,359 [INFO]   Teacher labels: 1107 entries out of 13941 bars (7.9%)
2026-03-26 09:24:31,554 [INFO]   Teacher labels: 1737 entries out of 14061 bars (12.4%)
2026-03-26 09:24:34,302 [INFO]   Teacher labels: 1033 entries out of 13785 bars (7.5%)
2026-03-26 09:24:40,624 [INFO]   Teacher labels: 1382 entries out of 14381 bars (9.6%)
2026-03-26 09:24:40,885 [INFO]   Teacher labels: 1633 entries out of 12613 bars (12.9%)
2026-03-26 09:24:42,556 [INFO]   Teacher labels: 1528 entries out of 14687 bars (10.4%)
2026-03-26 09:24:45,638 [INFO]   Teacher labels: 1341 entries out of 14111 bars (9.5%)
2026-03-26 09:24:51,461 [INFO]   Teacher labels: 1412 entries out of 13574 bars (10.4%)
2026-03-26 09:24:51,938 [INFO]   Teacher labels: 1002 entries out of 14494 bars (6.9%)
2026-03-26 09:24:54,489 [INFO]   Teacher labels: 1537 entries out of 14250 bars (10.8%)
2026-03-26 09:24:54,758 [INFO]   Teacher labels: 481 entries out of 14193 bars (3.4%)
2026-03-26 09:25:02,207 [INFO]   Teacher labels: 995 entries out of 14507 bars (6.9%)
2026-03-26 09:25:02,218 [INFO]   Progress: 200/600 (33%)
2026-03-26 09:25:02,907 [INFO]   Teacher labels: 1760 entries out of 14480 bars (12.2%)
2026-03-26 09:25:06,066 [INFO]   Teacher labels: 889 entries out of 13933 bars (6.4%)
2026-03-26 09:25:07,093 [INFO]   Teacher labels: 1466 entries out of 14061 bars (10.4%)
2026-03-26 09:25:13,427 [INFO]   Teacher labels: 1403 entries out of 13156 bars (10.7%)
2026-03-26 09:25:13,710 [INFO]   Teacher labels: 1664 entries out of 13250 bars (12.6%)
2026-03-26 09:25:17,976 [INFO]   Teacher labels: 1257 entries out of 14452 bars (8.7%)
2026-03-26 09:25:18,038 [INFO]   Teacher labels: 1675 entries out of 12930 bars (13.0%)
2026-03-26 09:25:24,510 [INFO]   Teacher labels: 1764 entries out of 12293 bars (14.3%)
2026-03-26 09:25:24,583 [INFO]   Teacher labels: 1434 entries out of 14521 bars (9.9%)
2026-03-26 09:25:28,450 [INFO]   Teacher labels: 370 entries out of 11436 bars (3.2%)
2026-03-26 09:25:30,055 [INFO]   Teacher labels: 1420 entries out of 14364 bars (9.9%)
2026-03-26 09:25:34,490 [INFO]   Teacher labels: 1076 entries out of 14397 bars (7.5%)
2026-03-26 09:25:35,984 [INFO]   Teacher labels: 1472 entries out of 11207 bars (13.1%)
2026-03-26 09:25:40,105 [INFO]   Teacher labels: 456 entries out of 14406 bars (3.2%)
2026-03-26 09:25:40,425 [INFO]   Teacher labels: 1073 entries out of 14166 bars (7.6%)
2026-03-26 09:25:45,585 [INFO]   Teacher labels: 1464 entries out of 14163 bars (10.3%)
2026-03-26 09:25:47,505 [INFO]   Teacher labels: 1394 entries out of 13609 bars (10.2%)
2026-03-26 09:25:51,810 [INFO]   Teacher labels: 356 entries out of 13968 bars (2.5%)
2026-03-26 09:25:52,339 [INFO]   Teacher labels: 1371 entries out of 14297 bars (9.6%)
2026-03-26 09:25:56,790 [INFO]   Teacher labels: 1827 entries out of 14464 bars (12.6%)
2026-03-26 09:25:56,802 [INFO]   Progress: 220/600 (37%)
2026-03-26 09:25:59,719 [INFO]   Teacher labels: 1657 entries out of 13763 bars (12.0%)
2026-03-26 09:26:04,265 [INFO]   Teacher labels: 2086 entries out of 14450 bars (14.4%)
2026-03-26 09:26:04,982 [INFO]   Teacher labels: 1505 entries out of 13639 bars (11.0%)
2026-03-26 09:26:06,445 [INFO]   Teacher labels: 858 entries out of 11262 bars (7.6%)
2026-03-26 09:26:10,147 [INFO]   Teacher labels: 1231 entries out of 14104 bars (8.7%)
2026-03-26 09:26:16,260 [INFO]   Teacher labels: 936 entries out of 12455 bars (7.5%)
2026-03-26 09:26:17,083 [INFO]   Teacher labels: 1607 entries out of 14385 bars (11.2%)
2026-03-26 09:26:17,498 [INFO]   Teacher labels: 1149 entries out of 14144 bars (8.1%)
2026-03-26 09:26:21,232 [INFO]   Teacher labels: 1692 entries out of 12784 bars (13.2%)
2026-03-26 09:26:27,768 [INFO]   Teacher labels: 486 entries out of 13363 bars (3.6%)
2026-03-26 09:26:28,548 [INFO]   Teacher labels: 1172 entries out of 13346 bars (8.8%)
2026-03-26 09:26:29,332 [INFO]   Teacher labels: 1412 entries out of 14398 bars (9.8%)
2026-03-26 09:26:31,606 [INFO]   Teacher labels: 386 entries out of 14243 bars (2.7%)
2026-03-26 09:26:39,799 [INFO]   Teacher labels: 1812 entries out of 14366 bars (12.6%)
2026-03-26 09:26:40,026 [INFO]   Teacher labels: 1565 entries out of 14408 bars (10.9%)
2026-03-26 09:26:40,457 [INFO]   Teacher labels: 1418 entries out of 13479 bars (10.5%)
2026-03-26 09:26:43,239 [INFO]   Teacher labels: 615 entries out of 14568 bars (4.2%)
2026-03-26 09:26:50,212 [INFO]   Teacher labels: 1098 entries out of 13927 bars (7.9%)
2026-03-26 09:26:50,776 [INFO]   Teacher labels: 1633 entries out of 14238 bars (11.5%)
2026-03-26 09:26:51,497 [INFO]   Teacher labels: 1591 entries out of 13976 bars (11.4%)
2026-03-26 09:26:51,509 [INFO]   Progress: 240/600 (40%)
2026-03-26 09:26:53,883 [INFO]   Teacher labels: 1682 entries out of 13814 bars (12.2%)
2026-03-26 09:27:00,346 [INFO]   Teacher labels: 455 entries out of 12184 bars (3.7%)
2026-03-26 09:27:02,225 [INFO]   Teacher labels: 1006 entries out of 14619 bars (6.9%)
2026-03-26 09:27:02,479 [INFO]   Teacher labels: 1539 entries out of 14383 bars (10.7%)
2026-03-26 09:27:05,415 [INFO]   Teacher labels: 1367 entries out of 14091 bars (9.7%)
2026-03-26 09:27:10,636 [INFO]   Teacher labels: 1083 entries out of 13641 bars (7.9%)
2026-03-26 09:27:13,936 [INFO]   Teacher labels: 577 entries out of 14406 bars (4.0%)
2026-03-26 09:27:15,142 [INFO]   Teacher labels: 1058 entries out of 14204 bars (7.4%)
2026-03-26 09:27:16,585 [INFO]   Teacher labels: 1634 entries out of 14299 bars (11.4%)
2026-03-26 09:27:21,266 [INFO]   Teacher labels: 834 entries out of 14405 bars (5.8%)
2026-03-26 09:27:24,535 [INFO]   Teacher labels: 1226 entries out of 14649 bars (8.4%)
2026-03-26 09:27:26,192 [INFO]   Teacher labels: 1373 entries out of 14059 bars (9.8%)
2026-03-26 09:27:27,112 [INFO]   Teacher labels: 1347 entries out of 14183 bars (9.5%)
2026-03-26 09:27:32,321 [INFO]   Teacher labels: 1736 entries out of 13723 bars (12.7%)
2026-03-26 09:27:35,441 [INFO]   Teacher labels: 1253 entries out of 13617 bars (9.2%)
2026-03-26 09:27:36,732 [INFO]   Teacher labels: 1385 entries out of 12673 bars (10.9%)
2026-03-26 09:27:37,128 [INFO]   Teacher labels: 1692 entries out of 14616 bars (11.6%)
2026-03-26 09:27:42,927 [INFO]   Teacher labels: 1172 entries out of 14645 bars (8.0%)
2026-03-26 09:27:45,407 [INFO]   Teacher labels: 1023 entries out of 13106 bars (7.8%)
2026-03-26 09:27:46,506 [INFO]   Teacher labels: 283 entries out of 14522 bars (1.9%)
2026-03-26 09:27:46,517 [INFO]   Progress: 260/600 (43%)
2026-03-26 09:27:48,810 [INFO]   Teacher labels: 1849 entries out of 11858 bars (15.6%)
2026-03-26 09:27:53,321 [INFO]   Teacher labels: 1156 entries out of 14555 bars (7.9%)
2026-03-26 09:27:55,175 [INFO]   Teacher labels: 1069 entries out of 11092 bars (9.6%)
2026-03-26 09:27:57,937 [INFO]   Teacher labels: 1331 entries out of 14430 bars (9.2%)
2026-03-26 09:27:58,615 [INFO]   Teacher labels: 1197 entries out of 14566 bars (8.2%)
2026-03-26 09:28:04,182 [INFO]   Teacher labels: 1167 entries out of 14272 bars (8.2%)
2026-03-26 09:28:05,432 [INFO]   Teacher labels: 1343 entries out of 13625 bars (9.9%)
2026-03-26 09:28:10,077 [INFO]   Teacher labels: 1498 entries out of 14245 bars (10.5%)
2026-03-26 09:28:10,487 [INFO]   Teacher labels: 1799 entries out of 14447 bars (12.5%)
2026-03-26 09:28:15,149 [INFO]   Teacher labels: 1341 entries out of 14603 bars (9.2%)
2026-03-26 09:28:16,993 [INFO]   Teacher labels: 1903 entries out of 13937 bars (13.7%)
2026-03-26 09:28:20,989 [INFO]   Teacher labels: 975 entries out of 14626 bars (6.7%)
2026-03-26 09:28:22,420 [INFO]   Teacher labels: 2256 entries out of 13692 bars (16.5%)
2026-03-26 09:28:23,267 [INFO]   Teacher labels: 954 entries out of 11174 bars (8.5%)
2026-03-26 09:28:28,051 [INFO]   Teacher labels: 1546 entries out of 14252 bars (10.8%)
2026-03-26 09:28:32,502 [INFO]   Teacher labels: 1243 entries out of 14275 bars (8.7%)
2026-03-26 09:28:33,665 [INFO]   Teacher labels: 1761 entries out of 12510 bars (14.1%)
2026-03-26 09:28:34,150 [INFO]   Teacher labels: 1628 entries out of 14543 bars (11.2%)
2026-03-26 09:28:38,113 [INFO]   Teacher labels: 829 entries out of 12761 bars (6.5%)
2026-03-26 09:28:44,604 [INFO]   Teacher labels: 1921 entries out of 13583 bars (14.1%)
2026-03-26 09:28:44,617 [INFO]   Progress: 280/600 (47%)
2026-03-26 09:28:45,022 [INFO]   Teacher labels: 1832 entries out of 13735 bars (13.3%)
2026-03-26 09:28:45,751 [INFO]   Teacher labels: 1310 entries out of 14543 bars (9.0%)
2026-03-26 09:28:49,014 [INFO]   Teacher labels: 1584 entries out of 14400 bars (11.0%)
2026-03-26 09:28:55,776 [INFO]   Teacher labels: 1133 entries out of 14551 bars (7.8%)
2026-03-26 09:28:55,928 [INFO]   Teacher labels: 1369 entries out of 13282 bars (10.3%)
2026-03-26 09:28:57,423 [INFO]   Teacher labels: 2300 entries out of 14491 bars (15.9%)
2026-03-26 09:29:00,222 [INFO]   Teacher labels: 1078 entries out of 15026 bars (7.2%)
2026-03-26 09:29:06,464 [INFO]   Teacher labels: 995 entries out of 14169 bars (7.0%)
2026-03-26 09:29:06,994 [INFO]   Teacher labels: 1023 entries out of 14345 bars (7.1%)
2026-03-26 09:29:08,076 [INFO]   Teacher labels: 1302 entries out of 14135 bars (9.2%)
2026-03-26 09:29:12,646 [INFO]   Teacher labels: 1848 entries out of 14087 bars (13.1%)
2026-03-26 09:29:16,301 [INFO]   Teacher labels: 1579 entries out of 11867 bars (13.3%)
2026-03-26 09:29:17,726 [INFO]   Teacher labels: 1100 entries out of 14563 bars (7.6%)
2026-03-26 09:29:19,219 [INFO]   Teacher labels: 1872 entries out of 14847 bars (12.6%)
2026-03-26 09:29:23,013 [INFO]   Teacher labels: 811 entries out of 14228 bars (5.7%)
2026-03-26 09:29:26,840 [INFO]   Teacher labels: 254 entries out of 14563 bars (1.7%)
2026-03-26 09:29:27,010 [INFO]   Teacher labels: 1378 entries out of 14039 bars (9.8%)
2026-03-26 09:29:29,685 [INFO]   Teacher labels: 1027 entries out of 14418 bars (7.1%)
2026-03-26 09:29:34,620 [INFO]   Teacher labels: 1830 entries out of 14512 bars (12.6%)
2026-03-26 09:29:38,683 [INFO]   Teacher labels: 1467 entries out of 14564 bars (10.1%)
2026-03-26 09:29:38,694 [INFO]   Progress: 300/600 (50%)
2026-03-26 09:29:39,235 [INFO]   Teacher labels: 1210 entries out of 14541 bars (8.3%)
2026-03-26 09:29:40,875 [INFO]   Teacher labels: 1229 entries out of 14048 bars (8.7%)
2026-03-26 09:29:45,469 [INFO]   Teacher labels: 1635 entries out of 14184 bars (11.5%)
2026-03-26 09:29:49,393 [INFO]   Teacher labels: 747 entries out of 13688 bars (5.5%)
2026-03-26 09:29:49,460 [INFO]   Teacher labels: 1780 entries out of 13794 bars (12.9%)
2026-03-26 09:29:51,394 [INFO]   Teacher labels: 1768 entries out of 14527 bars (12.2%)
2026-03-26 09:29:56,360 [INFO]   Teacher labels: 1831 entries out of 12620 bars (14.5%)
2026-03-26 09:29:59,778 [INFO]   Teacher labels: 1336 entries out of 13785 bars (9.7%)
2026-03-26 09:30:00,066 [INFO]   Teacher labels: 1209 entries out of 14558 bars (8.3%)
2026-03-26 09:30:02,450 [INFO]   Teacher labels: 1522 entries out of 14459 bars (10.5%)
2026-03-26 09:30:06,216 [INFO]   Teacher labels: 882 entries out of 12078 bars (7.3%)
2026-03-26 09:30:08,881 [INFO]   Teacher labels: 440 entries out of 14499 bars (3.0%)
2026-03-26 09:30:10,136 [INFO]   Teacher labels: 1237 entries out of 10650 bars (11.6%)
2026-03-26 09:30:14,179 [INFO]   Teacher labels: 1682 entries out of 14371 bars (11.7%)
2026-03-26 09:30:17,804 [INFO]   Teacher labels: 1744 entries out of 14499 bars (12.0%)
2026-03-26 09:30:19,871 [INFO]   Teacher labels: 1447 entries out of 14239 bars (10.2%)
2026-03-26 09:30:21,216 [INFO]   Teacher labels: 1985 entries out of 13676 bars (14.5%)
2026-03-26 09:30:25,465 [INFO]   Teacher labels: 1186 entries out of 14378 bars (8.2%)
2026-03-26 09:30:28,024 [INFO]   Teacher labels: 1149 entries out of 14225 bars (8.1%)
2026-03-26 09:30:30,236 [INFO]   Teacher labels: 1050 entries out of 14554 bars (7.2%)
2026-03-26 09:30:30,246 [INFO]   Progress: 320/600 (53%)
2026-03-26 09:30:31,415 [INFO]   Teacher labels: 980 entries out of 13836 bars (7.1%)
2026-03-26 09:30:37,131 [INFO]   Teacher labels: 1442 entries out of 13703 bars (10.5%)
2026-03-26 09:30:39,273 [INFO]   Teacher labels: 1316 entries out of 14566 bars (9.0%)
2026-03-26 09:30:39,329 [INFO]   Teacher labels: 1354 entries out of 11502 bars (11.8%)
2026-03-26 09:30:43,278 [INFO]   Teacher labels: 1663 entries out of 14295 bars (11.6%)
2026-03-26 09:30:48,451 [INFO]   Teacher labels: 1587 entries out of 14268 bars (11.1%)
2026-03-26 09:30:49,891 [INFO]   Teacher labels: 1875 entries out of 12244 bars (15.3%)
2026-03-26 09:30:51,595 [INFO]   Teacher labels: 1218 entries out of 14490 bars (8.4%)
2026-03-26 09:30:53,346 [INFO]   Teacher labels: 1612 entries out of 12834 bars (12.6%)
2026-03-26 09:30:59,684 [INFO]   Teacher labels: 1730 entries out of 13702 bars (12.6%)
2026-03-26 09:31:00,088 [INFO]   Teacher labels: 672 entries out of 13907 bars (4.8%)
2026-03-26 09:31:02,113 [INFO]   Teacher labels: 891 entries out of 14466 bars (6.2%)
2026-03-26 09:31:05,040 [INFO]   Teacher labels: 1909 entries out of 14366 bars (13.3%)
2026-03-26 09:31:10,328 [INFO]   Teacher labels: 749 entries out of 14488 bars (5.2%)
2026-03-26 09:31:12,384 [INFO]   Teacher labels: 1536 entries out of 14437 bars (10.6%)
2026-03-26 09:31:13,831 [INFO]   Teacher labels: 1937 entries out of 13112 bars (14.8%)
2026-03-26 09:31:16,152 [INFO]   Teacher labels: 1652 entries out of 15137 bars (10.9%)
2026-03-26 09:31:22,239 [INFO]   Teacher labels: 1508 entries out of 14298 bars (10.5%)
2026-03-26 09:31:23,727 [INFO]   Teacher labels: 755 entries out of 14152 bars (5.3%)
2026-03-26 09:31:23,999 [INFO]   Teacher labels: 1810 entries out of 14146 bars (12.8%)
2026-03-26 09:31:24,011 [INFO]   Progress: 340/600 (57%)
2026-03-26 09:31:30,077 [INFO]   Teacher labels: 1167 entries out of 14060 bars (8.3%)
2026-03-26 09:31:32,842 [INFO]   Teacher labels: 1241 entries out of 14469 bars (8.6%)
2026-03-26 09:31:33,063 [INFO]   Teacher labels: 1595 entries out of 11863 bars (13.4%)
2026-03-26 09:31:35,793 [INFO]   Teacher labels: 1615 entries out of 14865 bars (10.9%)
2026-03-26 09:31:40,646 [INFO]   Teacher labels: 973 entries out of 14209 bars (6.8%)
2026-03-26 09:31:43,018 [INFO]   Teacher labels: 695 entries out of 14500 bars (4.8%)
2026-03-26 09:31:43,478 [INFO]   Teacher labels: 955 entries out of 14021 bars (6.8%)
2026-03-26 09:31:47,615 [INFO]   Teacher labels: 1820 entries out of 14405 bars (12.6%)
2026-03-26 09:31:52,324 [INFO]   Teacher labels: 1349 entries out of 14500 bars (9.3%)
2026-03-26 09:31:52,593 [INFO]   Teacher labels: 445 entries out of 14428 bars (3.1%)
2026-03-26 09:31:53,451 [INFO]   Teacher labels: 1123 entries out of 14485 bars (7.8%)
2026-03-26 09:31:58,517 [INFO]   Teacher labels: 1336 entries out of 13934 bars (9.6%)
2026-03-26 09:32:03,226 [INFO]   Teacher labels: 1229 entries out of 14049 bars (8.7%)
2026-03-26 09:32:03,238 [INFO]   Teacher labels: 1331 entries out of 13624 bars (9.8%)
2026-03-26 09:32:04,044 [INFO]   Teacher labels: 1353 entries out of 13412 bars (10.1%)
2026-03-26 09:32:10,343 [INFO]   Teacher labels: 1593 entries out of 14371 bars (11.1%)
2026-03-26 09:32:12,610 [INFO]   Teacher labels: 237 entries out of 12696 bars (1.9%)
2026-03-26 09:32:13,923 [INFO]   Teacher labels: 464 entries out of 14297 bars (3.2%)
2026-03-26 09:32:14,931 [INFO]   Teacher labels: 1382 entries out of 14369 bars (9.6%)
2026-03-26 09:32:21,439 [INFO]   Teacher labels: 1351 entries out of 14230 bars (9.5%)
2026-03-26 09:32:21,446 [INFO]   Progress: 360/600 (60%)
2026-03-26 09:32:23,142 [INFO]   Teacher labels: 668 entries out of 10535 bars (6.3%)
2026-03-26 09:32:23,352 [INFO]   Teacher labels: 1972 entries out of 12385 bars (15.9%)
2026-03-26 09:32:24,926 [INFO]   Teacher labels: 1391 entries out of 14229 bars (9.8%)
2026-03-26 09:32:32,727 [INFO]   Teacher labels: 1461 entries out of 14150 bars (10.3%)
2026-03-26 09:32:34,028 [INFO]   Teacher labels: 1029 entries out of 14121 bars (7.3%)
2026-03-26 09:32:34,547 [INFO]   Teacher labels: 1400 entries out of 14230 bars (9.8%)
2026-03-26 09:32:34,934 [INFO]   Teacher labels: 1077 entries out of 13680 bars (7.9%)
2026-03-26 09:32:44,008 [INFO]   Teacher labels: 1266 entries out of 14006 bars (9.0%)
2026-03-26 09:32:44,282 [INFO]   Teacher labels: 1123 entries out of 14195 bars (7.9%)
2026-03-26 09:32:45,180 [INFO]   Teacher labels: 1330 entries out of 14419 bars (9.2%)
2026-03-26 09:32:45,964 [INFO]   Teacher labels: 1248 entries out of 13575 bars (9.2%)
2026-03-26 09:32:59,814 [INFO]   Teacher labels: 1378 entries out of 11718 bars (11.8%)
2026-03-26 09:33:01,582 [INFO]   Teacher labels: 868 entries out of 14402 bars (6.0%)
2026-03-26 09:33:01,697 [INFO]   Teacher labels: 1041 entries out of 13669 bars (7.6%)
2026-03-26 09:33:03,445 [INFO]   Teacher labels: 1620 entries out of 14093 bars (11.5%)
2026-03-26 09:33:10,547 [INFO]   Teacher labels: 1068 entries out of 14098 bars (7.6%)
2026-03-26 09:33:12,656 [INFO]   Teacher labels: 1611 entries out of 12376 bars (13.0%)
2026-03-26 09:33:13,815 [INFO]   Teacher labels: 1437 entries out of 14221 bars (10.1%)
2026-03-26 09:33:13,858 [INFO]   Teacher labels: 1336 entries out of 12989 bars (10.3%)
2026-03-26 09:33:22,542 [INFO]   Teacher labels: 1235 entries out of 13406 bars (9.2%)
2026-03-26 09:33:22,554 [INFO]   Progress: 380/600 (63%)
2026-03-26 09:33:23,582 [INFO]   Teacher labels: 1048 entries out of 13806 bars (7.6%)
2026-03-26 09:33:25,151 [INFO]   Teacher labels: 1339 entries out of 14195 bars (9.4%)
2026-03-26 09:33:25,580 [INFO]   Teacher labels: 1343 entries out of 14179 bars (9.5%)
2026-03-26 09:33:33,666 [INFO]   Teacher labels: 1464 entries out of 14249 bars (10.3%)
2026-03-26 09:33:34,666 [INFO]   Teacher labels: 1213 entries out of 14175 bars (8.6%)
2026-03-26 09:33:35,907 [INFO]   Teacher labels: 951 entries out of 12964 bars (7.3%)
2026-03-26 09:33:36,472 [INFO]   Teacher labels: 1285 entries out of 15298 bars (8.4%)
2026-03-26 09:33:44,919 [INFO]   Teacher labels: 1173 entries out of 14097 bars (8.3%)
2026-03-26 09:33:46,049 [INFO]   Teacher labels: 1055 entries out of 14060 bars (7.5%)
2026-03-26 09:33:46,377 [INFO]   Teacher labels: 784 entries out of 14061 bars (5.6%)
2026-03-26 09:33:50,070 [INFO]   Teacher labels: 1786 entries out of 14005 bars (12.8%)
2026-03-26 09:33:54,854 [INFO]   Teacher labels: 852 entries out of 14166 bars (6.0%)
2026-03-26 09:33:55,958 [INFO]   Teacher labels: 1421 entries out of 12004 bars (11.8%)
2026-03-26 09:33:58,077 [INFO]   Teacher labels: 1647 entries out of 14659 bars (11.2%)
2026-03-26 09:33:59,921 [INFO]   Teacher labels: 648 entries out of 14038 bars (4.6%)
2026-03-26 09:34:05,508 [INFO]   Teacher labels: 955 entries out of 13838 bars (6.9%)
2026-03-26 09:34:07,075 [INFO]   Teacher labels: 1323 entries out of 14225 bars (9.3%)
2026-03-26 09:34:10,446 [INFO]   Teacher labels: 1424 entries out of 14168 bars (10.1%)
2026-03-26 09:34:11,823 [INFO]   Teacher labels: 829 entries out of 14227 bars (5.8%)
2026-03-26 09:34:15,546 [INFO]   Teacher labels: 823 entries out of 14217 bars (5.8%)
2026-03-26 09:34:15,553 [INFO]   Progress: 400/600 (67%)
2026-03-26 09:34:18,130 [INFO]   Teacher labels: 1740 entries out of 14438 bars (12.1%)
2026-03-26 09:34:20,605 [INFO]   Teacher labels: 1167 entries out of 14024 bars (8.3%)
2026-03-26 09:34:22,476 [INFO]   Teacher labels: 1951 entries out of 14025 bars (13.9%)
2026-03-26 09:34:26,746 [INFO]   Teacher labels: 1706 entries out of 13281 bars (12.8%)
2026-03-26 09:34:28,406 [INFO]   Teacher labels: 1364 entries out of 13538 bars (10.1%)
2026-03-26 09:34:31,476 [INFO]   Teacher labels: 1255 entries out of 14433 bars (8.7%)
2026-03-26 09:34:32,197 [INFO]   Teacher labels: 1207 entries out of 12894 bars (9.4%)
2026-03-26 09:34:37,735 [INFO]   Teacher labels: 1362 entries out of 14368 bars (9.5%)
2026-03-26 09:34:39,861 [INFO]   Teacher labels: 2164 entries out of 14286 bars (15.1%)
2026-03-26 09:34:40,958 [INFO]   Teacher labels: 302 entries out of 11991 bars (2.5%)
2026-03-26 09:34:41,993 [INFO]   Teacher labels: 1178 entries out of 14168 bars (8.3%)
2026-03-26 09:34:47,668 [INFO]   Teacher labels: 449 entries out of 10111 bars (4.4%)
2026-03-26 09:34:48,225 [INFO]   Teacher labels: 787 entries out of 14154 bars (5.6%)
2026-03-26 09:34:52,089 [INFO]   Teacher labels: 1076 entries out of 14069 bars (7.6%)
2026-03-26 09:34:53,006 [INFO]   Teacher labels: 1327 entries out of 14158 bars (9.4%)
2026-03-26 09:34:58,534 [INFO]   Teacher labels: 1424 entries out of 14094 bars (10.1%)
2026-03-26 09:34:59,235 [INFO]   Teacher labels: 1355 entries out of 13826 bars (9.8%)
2026-03-26 09:35:04,638 [INFO]   Teacher labels: 1912 entries out of 14133 bars (13.5%)
2026-03-26 09:35:05,064 [INFO]   Teacher labels: 2018 entries out of 14007 bars (14.4%)
2026-03-26 09:35:09,174 [INFO]   Teacher labels: 959 entries out of 14427 bars (6.6%)
2026-03-26 09:35:09,183 [INFO]   Progress: 420/600 (70%)
2026-03-26 09:35:09,977 [INFO]   Teacher labels: 1025 entries out of 13250 bars (7.7%)
2026-03-26 09:35:15,430 [INFO]   Teacher labels: 915 entries out of 15110 bars (6.1%)
2026-03-26 09:35:16,652 [INFO]   Teacher labels: 2111 entries out of 13718 bars (15.4%)
2026-03-26 09:35:18,687 [INFO]   Teacher labels: 1404 entries out of 11857 bars (11.8%)
2026-03-26 09:35:20,146 [INFO]   Teacher labels: 1048 entries out of 14090 bars (7.4%)
2026-03-26 09:35:26,751 [INFO]   Teacher labels: 1837 entries out of 14062 bars (13.1%)
2026-03-26 09:35:27,428 [INFO]   Teacher labels: 1038 entries out of 14145 bars (7.3%)
2026-03-26 09:35:28,981 [INFO]   Teacher labels: 1709 entries out of 12271 bars (13.9%)
2026-03-26 09:35:30,228 [INFO]   Teacher labels: 957 entries out of 13115 bars (7.3%)
2026-03-26 09:35:36,600 [INFO]   Teacher labels: 1360 entries out of 13172 bars (10.3%)
2026-03-26 09:35:37,117 [INFO]   Teacher labels: 935 entries out of 13594 bars (6.9%)
2026-03-26 09:35:38,894 [INFO]   Teacher labels: 712 entries out of 14121 bars (5.0%)
2026-03-26 09:35:42,602 [INFO]   Teacher labels: 1816 entries out of 14135 bars (12.8%)
2026-03-26 09:35:47,762 [INFO]   Teacher labels: 1993 entries out of 14173 bars (14.1%)
2026-03-26 09:35:47,782 [INFO]   Teacher labels: 1005 entries out of 14132 bars (7.1%)
2026-03-26 09:35:50,083 [INFO]   Teacher labels: 2087 entries out of 12621 bars (16.5%)
2026-03-26 09:35:53,022 [INFO]   Teacher labels: 240 entries out of 15623 bars (1.5%)
2026-03-26 09:35:58,706 [INFO]   Teacher labels: 1985 entries out of 14111 bars (14.1%)
2026-03-26 09:36:01,112 [INFO]   Teacher labels: 1511 entries out of 14071 bars (10.7%)
2026-03-26 09:36:01,128 [INFO]   Teacher labels: 1664 entries out of 14087 bars (11.8%)
2026-03-26 09:36:01,140 [INFO]   Progress: 440/600 (73%)
2026-03-26 09:36:05,269 [INFO]   Teacher labels: 1825 entries out of 13947 bars (13.1%)
2026-03-26 09:36:09,061 [INFO]   Teacher labels: 1221 entries out of 14061 bars (8.7%)
2026-03-26 09:36:12,326 [INFO]   Teacher labels: 1527 entries out of 12662 bars (12.1%)
2026-03-26 09:36:12,727 [INFO]   Teacher labels: 1284 entries out of 14738 bars (8.7%)
2026-03-26 09:36:16,283 [INFO]   Teacher labels: 1401 entries out of 14003 bars (10.0%)
2026-03-26 09:36:19,857 [INFO]   Teacher labels: 1555 entries out of 13894 bars (11.2%)
2026-03-26 09:36:23,436 [INFO]   Teacher labels: 1019 entries out of 14145 bars (7.2%)
2026-03-26 09:36:24,480 [INFO]   Teacher labels: 1627 entries out of 14025 bars (11.6%)
2026-03-26 09:36:26,627 [INFO]   Teacher labels: 475 entries out of 14150 bars (3.4%)
2026-03-26 09:36:30,376 [INFO]   Teacher labels: 874 entries out of 14145 bars (6.2%)
2026-03-26 09:36:35,009 [INFO]   Teacher labels: 1399 entries out of 14735 bars (9.5%)
2026-03-26 09:36:36,593 [INFO]   Teacher labels: 1939 entries out of 14161 bars (13.7%)
2026-03-26 09:36:39,246 [INFO]   Teacher labels: 1717 entries out of 14250 bars (12.0%)
2026-03-26 09:36:43,710 [INFO]   Teacher labels: 1885 entries out of 13822 bars (13.6%)
2026-03-26 09:36:46,493 [INFO]   Teacher labels: 1666 entries out of 13637 bars (12.2%)
2026-03-26 09:36:47,623 [INFO]   Teacher labels: 1182 entries out of 14775 bars (8.0%)
2026-03-26 09:36:48,564 [INFO]   Teacher labels: 723 entries out of 12150 bars (6.0%)
2026-03-26 09:36:54,699 [INFO]   Teacher labels: 1071 entries out of 14644 bars (7.3%)
2026-03-26 09:36:57,630 [INFO]   Teacher labels: 1057 entries out of 11809 bars (9.0%)
2026-03-26 09:36:58,121 [INFO]   Teacher labels: 1579 entries out of 14553 bars (10.8%)
2026-03-26 09:36:58,139 [INFO]   Progress: 460/600 (77%)
2026-03-26 09:36:58,497 [INFO]   Teacher labels: 1075 entries out of 14430 bars (7.4%)
2026-03-26 09:37:05,758 [INFO]   Teacher labels: 1074 entries out of 9559 bars (11.2%)
2026-03-26 09:37:06,005 [INFO]   Teacher labels: 1821 entries out of 14411 bars (12.6%)
2026-03-26 09:37:09,012 [INFO]   Teacher labels: 546 entries out of 14428 bars (3.8%)
2026-03-26 09:37:10,645 [INFO]   Teacher labels: 1119 entries out of 14341 bars (7.8%)
2026-03-26 09:37:16,692 [INFO]   Teacher labels: 890 entries out of 14181 bars (6.3%)
2026-03-26 09:37:16,900 [INFO]   Teacher labels: 1360 entries out of 14357 bars (9.5%)
2026-03-26 09:37:19,701 [INFO]   Teacher labels: 1076 entries out of 14389 bars (7.5%)
2026-03-26 09:37:22,765 [INFO]   Teacher labels: 2063 entries out of 14221 bars (14.5%)
2026-03-26 09:37:27,952 [INFO]   Teacher labels: 1585 entries out of 14731 bars (10.8%)
2026-03-26 09:37:28,122 [INFO]   Teacher labels: 1803 entries out of 13373 bars (13.5%)
2026-03-26 09:37:30,937 [INFO]   Teacher labels: 1407 entries out of 13911 bars (10.1%)
2026-03-26 09:37:33,469 [INFO]   Teacher labels: 1126 entries out of 16372 bars (6.9%)
2026-03-26 09:37:37,439 [INFO]   Teacher labels: 958 entries out of 11831 bars (8.1%)
2026-03-26 09:37:39,470 [INFO]   Teacher labels: 1567 entries out of 14349 bars (10.9%)
2026-03-26 09:37:42,311 [INFO]   Teacher labels: 1474 entries out of 14255 bars (10.3%)
2026-03-26 09:37:45,330 [INFO]   Teacher labels: 1579 entries out of 14399 bars (11.0%)
2026-03-26 09:37:45,736 [INFO]   Teacher labels: 647 entries out of 11464 bars (5.6%)
2026-03-26 09:37:50,148 [INFO]   Teacher labels: 739 entries out of 13248 bars (5.6%)
2026-03-26 09:37:52,231 [INFO]   Teacher labels: 1052 entries out of 12761 bars (8.2%)
2026-03-26 09:37:52,240 [INFO]   Progress: 480/600 (80%)
2026-03-26 09:37:55,892 [INFO]   Teacher labels: 714 entries out of 13711 bars (5.2%)
2026-03-26 09:37:55,995 [INFO]   Teacher labels: 525 entries out of 14307 bars (3.7%)
2026-03-26 09:38:01,497 [INFO]   Teacher labels: 1194 entries out of 14394 bars (8.3%)
2026-03-26 09:38:04,291 [INFO]   Teacher labels: 1036 entries out of 14440 bars (7.2%)
2026-03-26 09:38:05,062 [INFO]   Teacher labels: 725 entries out of 14395 bars (5.0%)
2026-03-26 09:38:05,250 [INFO]   Teacher labels: 875 entries out of 12260 bars (7.1%)
2026-03-26 09:38:15,019 [INFO]   Teacher labels: 1611 entries out of 16223 bars (9.9%)
2026-03-26 09:38:15,826 [INFO]   Teacher labels: 1265 entries out of 14374 bars (8.8%)
2026-03-26 09:38:15,975 [INFO]   Teacher labels: 974 entries out of 14346 bars (6.8%)
2026-03-26 09:38:16,192 [INFO]   Teacher labels: 1559 entries out of 14412 bars (10.8%)
2026-03-26 09:38:26,985 [INFO]   Teacher labels: 1322 entries out of 14313 bars (9.2%)
2026-03-26 09:38:28,105 [INFO]   Teacher labels: 1249 entries out of 14239 bars (8.8%)
2026-03-26 09:38:28,152 [INFO]   Teacher labels: 1488 entries out of 13270 bars (11.2%)
2026-03-26 09:38:28,596 [INFO]   Teacher labels: 1833 entries out of 14994 bars (12.2%)
2026-03-26 09:38:37,823 [INFO]   Teacher labels: 936 entries out of 14239 bars (6.6%)
2026-03-26 09:38:39,507 [INFO]   Teacher labels: 1295 entries out of 14237 bars (9.1%)
2026-03-26 09:38:39,761 [INFO]   Teacher labels: 1175 entries out of 14399 bars (8.2%)
2026-03-26 09:38:40,286 [INFO]   Teacher labels: 1500 entries out of 14260 bars (10.5%)
2026-03-26 09:38:48,455 [INFO]   Teacher labels: 1146 entries out of 14412 bars (8.0%)
2026-03-26 09:38:50,523 [INFO]   Teacher labels: 1003 entries out of 14398 bars (7.0%)
2026-03-26 09:38:50,535 [INFO]   Progress: 500/600 (83%)
2026-03-26 09:38:51,195 [INFO]   Teacher labels: 1262 entries out of 14709 bars (8.6%)
2026-03-26 09:38:51,571 [INFO]   Teacher labels: 920 entries out of 14162 bars (6.5%)
2026-03-26 09:38:59,210 [INFO]   Teacher labels: 1327 entries out of 14291 bars (9.3%)
2026-03-26 09:39:02,349 [INFO]   Teacher labels: 1094 entries out of 13688 bars (8.0%)
2026-03-26 09:39:02,921 [INFO]   Teacher labels: 1096 entries out of 13934 bars (7.9%)
2026-03-26 09:39:04,079 [INFO]   Teacher labels: 1066 entries out of 14924 bars (7.1%)
2026-03-26 09:39:09,126 [INFO]   Teacher labels: 1581 entries out of 12022 bars (13.2%)
2026-03-26 09:39:14,101 [INFO]   Teacher labels: 1394 entries out of 14653 bars (9.5%)
2026-03-26 09:39:16,371 [INFO]   Teacher labels: 1342 entries out of 14761 bars (9.1%)
2026-03-26 09:39:16,507 [INFO]   Teacher labels: 1473 entries out of 14511 bars (10.2%)
2026-03-26 09:39:18,733 [INFO]   Teacher labels: 1206 entries out of 12036 bars (10.0%)
2026-03-26 09:39:24,730 [INFO]   Teacher labels: 1080 entries out of 10264 bars (10.5%)
2026-03-26 09:39:26,081 [INFO]   Teacher labels: 1759 entries out of 14495 bars (12.1%)
2026-03-26 09:39:26,939 [INFO]   Teacher labels: 456 entries out of 14400 bars (3.2%)
2026-03-26 09:39:30,721 [INFO]   Teacher labels: 1173 entries out of 14518 bars (8.1%)
2026-03-26 09:39:36,006 [INFO]   Teacher labels: 1429 entries out of 14415 bars (9.9%)
2026-03-26 09:39:37,135 [INFO]   Teacher labels: 1617 entries out of 14096 bars (11.5%)
2026-03-26 09:39:37,982 [INFO]   Teacher labels: 949 entries out of 14475 bars (6.6%)
2026-03-26 09:39:43,769 [INFO]   Teacher labels: 1314 entries out of 14245 bars (9.2%)
2026-03-26 09:39:48,023 [INFO]   Teacher labels: 1274 entries out of 14813 bars (8.6%)
2026-03-26 09:39:48,035 [INFO]   Progress: 520/600 (87%)
2026-03-26 09:39:48,793 [INFO]   Teacher labels: 1842 entries out of 13426 bars (13.7%)
2026-03-26 09:39:48,988 [INFO]   Teacher labels: 955 entries out of 14003 bars (6.8%)
2026-03-26 09:39:56,033 [INFO]   Teacher labels: 1098 entries out of 16677 bars (6.6%)
2026-03-26 09:39:58,849 [INFO]   Teacher labels: 1133 entries out of 12134 bars (9.3%)
2026-03-26 09:40:00,595 [INFO]   Teacher labels: 1244 entries out of 14332 bars (8.7%)
2026-03-26 09:40:01,491 [INFO]   Teacher labels: 1618 entries out of 14422 bars (11.2%)
2026-03-26 09:40:06,754 [INFO]   Teacher labels: 857 entries out of 14482 bars (5.9%)
2026-03-26 09:40:08,746 [INFO]   Teacher labels: 1434 entries out of 11580 bars (12.4%)
2026-03-26 09:40:11,655 [INFO]   Teacher labels: 1207 entries out of 13339 bars (9.0%)
2026-03-26 09:40:12,644 [INFO]   Teacher labels: 1331 entries out of 12947 bars (10.3%)
2026-03-26 09:40:18,653 [INFO]   Teacher labels: 1655 entries out of 13767 bars (12.0%)
2026-03-26 09:40:20,681 [INFO]   Teacher labels: 745 entries out of 14455 bars (5.2%)
2026-03-26 09:40:23,255 [INFO]   Teacher labels: 1686 entries out of 14479 bars (11.6%)
2026-03-26 09:40:25,978 [INFO]   Teacher labels: 1384 entries out of 14582 bars (9.5%)
2026-03-26 09:40:29,786 [INFO]   Teacher labels: 1362 entries out of 14473 bars (9.4%)
2026-03-26 09:40:31,997 [INFO]   Teacher labels: 1530 entries out of 12733 bars (12.0%)
2026-03-26 09:40:36,767 [INFO]   Teacher labels: 1052 entries out of 16104 bars (6.5%)
2026-03-26 09:40:39,384 [INFO]   Teacher labels: 1287 entries out of 14752 bars (8.7%)
2026-03-26 09:40:40,433 [INFO]   Teacher labels: 892 entries out of 14414 bars (6.2%)
2026-03-26 09:40:43,349 [INFO]   Teacher labels: 1475 entries out of 14426 bars (10.2%)
2026-03-26 09:40:43,365 [INFO]   Progress: 540/600 (90%)
2026-03-26 09:40:49,473 [INFO]   Teacher labels: 1816 entries out of 14297 bars (12.7%)
2026-03-26 09:40:50,223 [INFO]   Teacher labels: 823 entries out of 14389 bars (5.7%)
2026-03-26 09:40:51,934 [INFO]   Teacher labels: 1909 entries out of 13586 bars (14.1%)
2026-03-26 09:40:55,314 [INFO]   Teacher labels: 1201 entries out of 15218 bars (7.9%)
2026-03-26 09:41:01,553 [INFO]   Teacher labels: 1589 entries out of 14292 bars (11.1%)
2026-03-26 09:41:03,476 [INFO]   Teacher labels: 1301 entries out of 14487 bars (9.0%)
2026-03-26 09:41:04,311 [INFO]   Teacher labels: 1269 entries out of 14410 bars (8.8%)
2026-03-26 09:41:06,556 [INFO]   Teacher labels: 1040 entries out of 14314 bars (7.3%)
2026-03-26 09:41:13,397 [INFO]   Teacher labels: 1161 entries out of 14500 bars (8.0%)
2026-03-26 09:41:14,452 [INFO]   Teacher labels: 1157 entries out of 14480 bars (8.0%)
2026-03-26 09:41:15,688 [INFO]   Teacher labels: 1137 entries out of 14385 bars (7.9%)
2026-03-26 09:41:18,076 [INFO]   Teacher labels: 1263 entries out of 13810 bars (9.1%)
2026-03-26 09:41:24,020 [INFO]   Teacher labels: 1314 entries out of 13975 bars (9.4%)
2026-03-26 09:41:26,494 [INFO]   Teacher labels: 1539 entries out of 13842 bars (11.1%)
2026-03-26 09:41:27,416 [INFO]   Teacher labels: 1992 entries out of 13675 bars (14.6%)
2026-03-26 09:41:28,312 [INFO]   Teacher labels: 884 entries out of 14553 bars (6.1%)
2026-03-26 09:41:33,877 [INFO]   Teacher labels: 1388 entries out of 12246 bars (11.3%)
2026-03-26 09:41:36,344 [INFO]   Teacher labels: 1294 entries out of 14260 bars (9.1%)
2026-03-26 09:41:37,783 [INFO]   Teacher labels: 1125 entries out of 14618 bars (7.7%)
2026-03-26 09:41:38,610 [INFO]   Teacher labels: 1061 entries out of 14141 bars (7.5%)
2026-03-26 09:41:38,619 [INFO]   Progress: 560/600 (93%)
2026-03-26 09:41:42,816 [INFO]   Teacher labels: 355 entries out of 12538 bars (2.8%)
2026-03-26 09:41:46,724 [INFO]   Teacher labels: 1021 entries out of 14142 bars (7.2%)
2026-03-26 09:41:46,812 [INFO]   Teacher labels: 1470 entries out of 11435 bars (12.9%)
2026-03-26 09:41:49,078 [INFO]   Teacher labels: 1506 entries out of 14074 bars (10.7%)
2026-03-26 09:41:52,994 [INFO]   Teacher labels: 976 entries out of 14162 bars (6.9%)
2026-03-26 09:41:58,408 [INFO]   Teacher labels: 1886 entries out of 14084 bars (13.4%)
2026-03-26 09:41:58,559 [INFO]   Teacher labels: 1852 entries out of 13740 bars (13.5%)
2026-03-26 09:42:00,242 [INFO]   Teacher labels: 1513 entries out of 14119 bars (10.7%)
2026-03-26 09:42:04,515 [INFO]   Teacher labels: 1112 entries out of 13929 bars (8.0%)
2026-03-26 09:42:10,406 [INFO]   Teacher labels: 1217 entries out of 13572 bars (9.0%)
2026-03-26 09:42:11,511 [INFO]   Teacher labels: 1187 entries out of 14451 bars (8.2%)
2026-03-26 09:42:11,696 [INFO]   Teacher labels: 1400 entries out of 13859 bars (10.1%)
2026-03-26 09:42:16,471 [INFO]   Teacher labels: 636 entries out of 15676 bars (4.1%)
2026-03-26 09:42:21,628 [INFO]   Teacher labels: 1363 entries out of 12709 bars (10.7%)
2026-03-26 09:42:21,807 [INFO]   Teacher labels: 1031 entries out of 14021 bars (7.4%)
2026-03-26 09:42:24,706 [INFO]   Teacher labels: 1164 entries out of 14075 bars (8.3%)
2026-03-26 09:42:27,075 [INFO]   Teacher labels: 1214 entries out of 14127 bars (8.6%)
2026-03-26 09:42:31,749 [INFO]   Teacher labels: 1237 entries out of 12053 bars (10.3%)
2026-03-26 09:42:33,615 [INFO]   Teacher labels: 1304 entries out of 13400 bars (9.7%)
2026-03-26 09:42:34,881 [INFO]   Teacher labels: 1398 entries out of 13071 bars (10.7%)
2026-03-26 09:42:34,896 [INFO]   Progress: 580/600 (97%)
2026-03-26 09:42:37,466 [INFO]   Teacher labels: 939 entries out of 13682 bars (6.9%)
2026-03-26 09:42:42,496 [INFO]   Teacher labels: 1300 entries out of 14239 bars (9.1%)
2026-03-26 09:42:44,433 [INFO]   Teacher labels: 1337 entries out of 14124 bars (9.5%)
2026-03-26 09:42:45,400 [INFO]   Teacher labels: 934 entries out of 14477 bars (6.5%)
2026-03-26 09:42:48,162 [INFO]   Teacher labels: 1532 entries out of 14121 bars (10.8%)
2026-03-26 09:42:53,109 [INFO]   Teacher labels: 1216 entries out of 13481 bars (9.0%)
2026-03-26 09:42:54,656 [INFO]   Teacher labels: 483 entries out of 15390 bars (3.1%)
2026-03-26 09:42:56,552 [INFO]   Teacher labels: 1737 entries out of 14695 bars (11.8%)
2026-03-26 09:43:00,355 [INFO]   Teacher labels: 1852 entries out of 14055 bars (13.2%)
2026-03-26 09:43:03,617 [INFO]   Teacher labels: 1219 entries out of 14103 bars (8.6%)
2026-03-26 09:43:06,065 [INFO]   Teacher labels: 1251 entries out of 13928 bars (9.0%)
2026-03-26 09:43:07,918 [INFO]   Teacher labels: 1862 entries out of 14059 bars (13.2%)
2026-03-26 09:43:11,639 [INFO]   Teacher labels: 1553 entries out of 13482 bars (11.5%)
2026-03-26 09:43:14,512 [INFO]   Teacher labels: 521 entries out of 14859 bars (3.5%)
2026-03-26 09:43:17,401 [INFO]   Teacher labels: 1170 entries out of 13956 bars (8.4%)
2026-03-26 09:43:19,012 [INFO]   Teacher labels: 1260 entries out of 14067 bars (9.0%)
2026-03-26 09:43:22,138 [INFO]   Teacher labels: 1077 entries out of 14134 bars (7.6%)
2026-03-26 09:43:25,051 [INFO]   Teacher labels: 1310 entries out of 14041 bars (9.3%)
2026-03-26 09:43:28,258 [INFO]   Teacher labels: 1025 entries out of 14146 bars (7.2%)
2026-03-26 09:43:30,745 [INFO]   Teacher labels: 1847 entries out of 14140 bars (13.1%)
2026-03-26 09:43:30,754 [INFO]   Progress: 600/600 (100%)
2026-03-26 09:43:31,553 [INFO]   Window 0: 235855 samples, 61849 entries (26.2%)
2026-03-26 09:43:31,606 [INFO]   Window 1: 232409 samples, 68981 entries (29.7%)
2026-03-26 09:43:31,662 [INFO]   Window 2: 233552 samples, 64896 entries (27.8%)
2026-03-26 09:43:31,711 [INFO]   Window 3: 228675 samples, 69481 entries (30.4%)
2026-03-26 09:43:31,762 [INFO]   Window 4: 234191 samples, 61970 entries (26.5%)
2026-03-26 09:43:31,805 [INFO]   Window 5: 238088 samples, 68091 entries (28.6%)
2026-03-26 09:43:31,846 [INFO]   Window 6: 235503 samples, 68055 entries (28.9%)
2026-03-26 09:43:31,887 [INFO]   Window 7: 226486 samples, 59643 entries (26.3%)
2026-03-26 09:43:31,930 [INFO]   Window 8: 235133 samples, 66863 entries (28.4%)
2026-03-26 09:43:31,973 [INFO]   Window 9: 237551 samples, 62604 entries (26.4%)
2026-03-26 09:43:32,016 [INFO]   Window 10: 243754 samples, 63865 entries (26.2%)
2026-03-26 09:43:32,059 [INFO]   Window 11: 224350 samples, 63264 entries (28.2%)
2026-03-26 09:43:34,620 [INFO] ═══ STOCKS SUMMARY ═══
2026-03-26 09:43:34,620 [INFO]   Total samples: 2805547
2026-03-26 09:43:34,620 [INFO]   Total entries:  779562 (27.8%)
2026-03-26 09:43:34,621 [INFO]   Long entries:   502030
2026-03-26 09:43:34,623 [INFO]   Short entries:  277532
2026-03-26 09:43:34,624 [INFO]   Win:  282741
2026-03-26 09:43:34,626 [INFO]   Loss: 353277
2026-03-26 09:43:34,627 [INFO]   BE:   143544
2026-03-26 09:43:34,811 [INFO]   Avg Win RR:  3.62
2026-03-26 09:43:34,812 [INFO]   Avg Loss RR: -1.00
2026-03-26 09:43:34,812 [INFO]   Win Rate:    44.5%
2026-03-26 09:43:35,048 [INFO]   Per-symbol breakdown (top 10):
        entries  wins    avg_rr
symbol                         
HD        17774  6675  0.828911
ORCL      17742  6550  1.131388
NFLX      17695  5941  0.896921
IBM       17562  7284  1.035615
PM        17516  7103  0.991169
ACN       17406  6343  0.961617
TMO       17349  5683  0.740521
JPM       17282  6870  0.885916
ADBE      17266  5625  0.808745
MRK       17190  6165  0.836838
2026-03-26 09:43:35,048 [INFO]   Saved: data/rl_training/stocks_samples.parquet
2026-03-26 09:43:35,092 [INFO] ═══ GENERATING RL DATA: COMMODITIES ═══
2026-03-26 09:43:35,092 [INFO]   0 instruments, 12 windows, 4 workers
2026-03-26 09:43:35,092 [WARNING]   No symbols found for commodities — skipping
2026-03-26 09:43:35,092 [INFO] ═══ TOTAL ═══
2026-03-26 09:43:35,092 [INFO]   Samples: 12104542
2026-03-26 09:43:35,092 [INFO]   Entries:  2528367 (20.89%)
